This file contains any messages produced by compilers while
running configure, to aid debugging if configure makes a mistake.

It was created by libpng configure 1.2.39, which was
generated by GNU Autoconf 2.64.  Invocation command line was

  $ ./configure --prefix=/usr/local

## --------- ##
## Platform. ##
## --------- ##

hostname = carlisia-imac-27-home.local
uname -m = i386
uname -r = 10.2.0
uname -s = Darwin
uname -v = Darwin Kernel Version 10.2.0: Tue Nov  3 23:08:29 PST 2009; root:xnu-1486.2.11~3/RELEASE_I386

/usr/bin/uname -p = i386
/bin/uname -X     = unknown

/bin/arch              = unknown
/usr/bin/arch -k       = unknown
/usr/convex/getsysinfo = unknown
/usr/bin/hostinfo      = Mach kernel version:
	 Darwin Kernel Version 10.2.0: Tue Nov  3 23:08:29 PST 2009; root:xnu-1486.2.11~3/RELEASE_I386
Kernel configured for up to 8 processors.
4 processors are physically available.
8 processors are logically available.
Processor type: i486 (Intel 80486)
Processors active: 0 1 2 3 4 5 6 7
Primary memory available: 8.00 gigabytes
Default processor set: 76 tasks, 376 threads, 8 processors
Load average: 1.01, Mach factor: 6.98
/bin/machine           = unknown
/usr/bin/oslevel       = unknown
/bin/universe          = unknown

PATH: /usr/local/bin
PATH: /usr/local/sbin
PATH: /usr/bin
PATH: /bin
PATH: /usr/sbin
PATH: /sbin
PATH: /usr/local/bin
PATH: /usr/local/git/bin
PATH: /usr/X11/bin
PATH: /usr/local/mysql/bin


## ----------- ##
## Core tests. ##
## ----------- ##

configure:2423: checking for a BSD-compatible install
configure:2491: result: /usr/bin/install -c
configure:2502: checking whether build environment is sane
configure:2552: result: yes
configure:2693: checking for a thread-safe mkdir -p
configure:2732: result: ./install-sh -c -d
configure:2745: checking for gawk
configure:2775: result: no
configure:2745: checking for mawk
configure:2775: result: no
configure:2745: checking for nawk
configure:2775: result: no
configure:2745: checking for awk
configure:2761: found /usr/bin/awk
configure:2772: result: awk
configure:2783: checking whether make sets $(MAKE)
configure:2805: result: yes
configure:2886: checking whether to enable maintainer-specific portions of Makefiles
configure:2895: result: no
configure:2968: checking for gcc
configure:2984: found /usr/bin/gcc
configure:2995: result: gcc
configure:3224: checking for C compiler version
configure:3233: gcc --version >&5
i686-apple-darwin10-gcc-4.2.1 (GCC) 4.2.1 (Apple Inc. build 5646)
Copyright (C) 2007 Free Software Foundation, Inc.
This is free software; see the source for copying conditions.  There is NO
warranty; not even for MERCHANTABILITY or FITNESS FOR A PARTICULAR PURPOSE.

configure:3244: $? = 0
configure:3233: gcc -v >&5
Using built-in specs.
Target: i686-apple-darwin10
Configured with: /var/tmp/gcc/gcc-5646~6/src/configure --disable-checking --enable-werror --prefix=/usr --mandir=/share/man --enable-languages=c,objc,c++,obj-c++ --program-transform-name=/^[cg][^.-]*$/s/$/-4.2/ --with-slibdir=/usr/lib --build=i686-apple-darwin10 --with-gxx-include-dir=/include/c++/4.2.1 --program-prefix=i686-apple-darwin10- --host=x86_64-apple-darwin10 --target=i686-apple-darwin10
Thread model: posix
gcc version 4.2.1 (Apple Inc. build 5646)
configure:3244: $? = 0
configure:3233: gcc -V >&5
gcc-4.2: argument to `-V' is missing
configure:3244: $? = 1
configure:3233: gcc -qversion >&5
i686-apple-darwin10-gcc-4.2.1: no input files
configure:3244: $? = 1
configure:3266: checking for C compiler default output file name
configure:3288: gcc    conftest.c  >&5
configure:3292: $? = 0
configure:3329: result: a.out
configure:3345: checking whether the C compiler works
configure:3354: ./a.out
configure:3358: $? = 0
configure:3373: result: yes
configure:3380: checking whether we are cross compiling
configure:3382: result: no
configure:3385: checking for suffix of executables
configure:3392: gcc -o conftest    conftest.c  >&5
configure:3396: $? = 0
configure:3418: result: 
configure:3424: checking for suffix of object files
configure:3446: gcc -c   conftest.c >&5
configure:3450: $? = 0
configure:3471: result: o
configure:3475: checking whether we are using the GNU C compiler
configure:3494: gcc -c   conftest.c >&5
configure:3494: $? = 0
configure:3503: result: yes
configure:3512: checking whether gcc accepts -g
configure:3532: gcc -c -g  conftest.c >&5
configure:3532: $? = 0
configure:3573: result: yes
configure:3590: checking for gcc option to accept ISO C89
configure:3654: gcc  -c -g -O2  conftest.c >&5
configure:3654: $? = 0
configure:3667: result: none needed
configure:3698: checking for style of include used by make
configure:3726: result: GNU
configure:3751: checking dependency style of gcc
configure:3861: result: gcc3
configure:3880: checking build system type
configure:3894: result: i386-apple-darwin10.2.0
configure:3914: checking host system type
configure:3927: result: i386-apple-darwin10.2.0
configure:3947: checking for a sed that does not truncate output
configure:4011: result: /usr/bin/sed
configure:4029: checking for grep that handles long lines and -e
configure:4087: result: /usr/bin/grep
configure:4092: checking for egrep
configure:4154: result: /usr/bin/grep -E
configure:4159: checking for fgrep
configure:4221: result: /usr/bin/grep -F
configure:4256: checking for ld used by gcc
configure:4323: result: /usr/libexec/gcc/i686-apple-darwin10/4.2.1/ld
configure:4330: checking if the linker (/usr/libexec/gcc/i686-apple-darwin10/4.2.1/ld) is GNU ld
configure:4345: result: no
configure:4362: checking how to run the C preprocessor
configure:4393: gcc -E  conftest.c
configure:4393: $? = 0
configure:4407: gcc -E  conftest.c
conftest.c:11:28: error: ac_nonexistent.h: No such file or directory
configure:4407: $? = 1
configure: failed program was:
| /* confdefs.h */
| #define PACKAGE_NAME "libpng"
| #define PACKAGE_TARNAME "libpng"
| #define PACKAGE_VERSION "1.2.39"
| #define PACKAGE_STRING "libpng 1.2.39"
| #define PACKAGE_BUGREPORT "png-mng-implement@lists.sourceforge.net"
| #define PACKAGE_URL ""
| #define PACKAGE "libpng"
| #define VERSION "1.2.39"
| /* end confdefs.h.  */
| #include <ac_nonexistent.h>
configure:4432: result: gcc -E
configure:4452: gcc -E  conftest.c
configure:4452: $? = 0
configure:4466: gcc -E  conftest.c
conftest.c:11:28: error: ac_nonexistent.h: No such file or directory
configure:4466: $? = 1
configure: failed program was:
| /* confdefs.h */
| #define PACKAGE_NAME "libpng"
| #define PACKAGE_TARNAME "libpng"
| #define PACKAGE_VERSION "1.2.39"
| #define PACKAGE_STRING "libpng 1.2.39"
| #define PACKAGE_BUGREPORT "png-mng-implement@lists.sourceforge.net"
| #define PACKAGE_URL ""
| #define PACKAGE "libpng"
| #define VERSION "1.2.39"
| /* end confdefs.h.  */
| #include <ac_nonexistent.h>
configure:4537: checking for sed
configure:4564: result: /usr/bin/sed
configure:4890: checking whether ln -s works
configure:4894: result: yes
configure:4901: checking whether make sets $(MAKE)
configure:4923: result: yes
configure:4957: checking for BSD- or MS-compatible name lister (nm)
configure:5006: result: /usr/bin/nm
configure:5124: checking the name lister (/usr/bin/nm) interface
configure:5131: gcc -c -g -O2  conftest.c >&5
configure:5134: /usr/bin/nm "conftest.o"
configure:5137: output
0000000000000184 D _some_variable
configure:5144: result: BSD nm
configure:5148: checking the maximum length of command line arguments
configure:5268: result: 196608
configure:5285: checking whether the shell understands some XSI constructs
configure:5295: result: yes
configure:5299: checking whether the shell understands "+="
configure:5305: result: yes
configure:5340: checking for /usr/libexec/gcc/i686-apple-darwin10/4.2.1/ld option to reload object files
configure:5347: result: -r
configure:5416: checking for objdump
configure:5443: result: objdump
configure:5472: checking how to recognize dependent libraries
configure:5668: result: pass_all
configure:5728: checking for ar
configure:5744: found /usr/bin/ar
configure:5755: result: ar
configure:5833: checking for strip
configure:5849: found /usr/bin/strip
configure:5860: result: strip
configure:5932: checking for ranlib
configure:5948: found /usr/bin/ranlib
configure:5959: result: ranlib
configure:6049: checking command to parse /usr/bin/nm output from gcc object
configure:6167: gcc -c -g -O2  conftest.c >&5
configure:6170: $? = 0
configure:6174: /usr/bin/nm conftest.o \| sed -n -e 's/^.*[	 ]\([BCDEGRST][BCDEGRST]*\)[	 ][	 ]*\([_A-Za-z][_A-Za-z0-9]*\)$/\1 \2 \2/p' \> conftest.nm
configure:6177: $? = 0
cannot find nm_test_var in conftest.nm
configure:6167: gcc -c -g -O2  conftest.c >&5
configure:6170: $? = 0
configure:6174: /usr/bin/nm conftest.o \| sed -n -e 's/^.*[	 ]\([BCDEGRST][BCDEGRST]*\)[	 ][	 ]*_\([_A-Za-z][_A-Za-z0-9]*\)$/\1 _\2 \2/p' \> conftest.nm
configure:6177: $? = 0
configure:6231: gcc -o conftest -g -O2   conftest.c conftstm.o >&5
configure:6234: $? = 0
configure:6272: result: ok
configure:6537: checking for dsymutil
configure:6553: found /usr/bin/dsymutil
configure:6564: result: dsymutil
configure:6629: checking for nmedit
configure:6645: found /usr/bin/nmedit
configure:6656: result: nmedit
configure:6721: checking for lipo
configure:6737: found /usr/bin/lipo
configure:6748: result: lipo
configure:6813: checking for otool
configure:6829: found /usr/bin/otool
configure:6840: result: otool
configure:6905: checking for otool64
configure:6935: result: no
configure:6980: checking for -single_module linker flag
gcc -g -O2  -o libconftest.dylib -dynamiclib -Wl,-single_module conftest.c
configure:7007: result: yes
configure:7009: checking for -exported_symbols_list linker flag
configure:7029: gcc -o conftest -g -O2   -Wl,-exported_symbols_list,conftest.sym conftest.c  >&5
configure:7029: $? = 0
configure:7039: result: yes
configure:7077: checking for ANSI C header files
configure:7097: gcc -c -g -O2  conftest.c >&5
configure:7097: $? = 0
configure:7170: gcc -o conftest -g -O2   conftest.c  >&5
configure:7170: $? = 0
configure:7170: ./conftest
configure:7170: $? = 0
configure:7181: result: yes
configure:7194: checking for sys/types.h
configure:7194: gcc -c -g -O2  conftest.c >&5
configure:7194: $? = 0
configure:7194: result: yes
configure:7194: checking for sys/stat.h
configure:7194: gcc -c -g -O2  conftest.c >&5
configure:7194: $? = 0
configure:7194: result: yes
configure:7194: checking for stdlib.h
configure:7194: gcc -c -g -O2  conftest.c >&5
configure:7194: $? = 0
configure:7194: result: yes
configure:7194: checking for string.h
configure:7194: gcc -c -g -O2  conftest.c >&5
configure:7194: $? = 0
configure:7194: result: yes
configure:7194: checking for memory.h
configure:7194: gcc -c -g -O2  conftest.c >&5
configure:7194: $? = 0
configure:7194: result: yes
configure:7194: checking for strings.h
configure:7194: gcc -c -g -O2  conftest.c >&5
configure:7194: $? = 0
configure:7194: result: yes
configure:7194: checking for inttypes.h
configure:7194: gcc -c -g -O2  conftest.c >&5
configure:7194: $? = 0
configure:7194: result: yes
configure:7194: checking for stdint.h
configure:7194: gcc -c -g -O2  conftest.c >&5
configure:7194: $? = 0
configure:7194: result: yes
configure:7194: checking for unistd.h
configure:7194: gcc -c -g -O2  conftest.c >&5
configure:7194: $? = 0
configure:7194: result: yes
configure:7209: checking for dlfcn.h
configure:7209: gcc -c -g -O2  conftest.c >&5
configure:7209: $? = 0
configure:7209: result: yes
configure:7391: checking for objdir
configure:7406: result: .libs
configure:7698: checking if gcc supports -fno-rtti -fno-exceptions
configure:7716: gcc -c -g -O2  -fno-rtti -fno-exceptions conftest.c >&5
cc1: warning: command line option "-fno-rtti" is valid for C++/ObjC++ but not for C
configure:7720: $? = 0
configure:7733: result: no
configure:7753: checking for gcc option to produce PIC
configure:8025: result: -fno-common -DPIC
configure:8037: checking if gcc PIC flag -fno-common -DPIC works
configure:8055: gcc -c -g -O2  -fno-common -DPIC -DPIC conftest.c >&5
configure:8059: $? = 0
configure:8072: result: yes
configure:8096: checking if gcc static flag -static works
configure:8124: result: no
configure:8139: checking if gcc supports -c -o file.o
configure:8160: gcc -c -g -O2  -o out/conftest2.o conftest.c >&5
configure:8164: $? = 0
configure:8186: result: yes
configure:8194: checking if gcc supports -c -o file.o
configure:8241: result: yes
configure:8274: checking whether the gcc linker (/usr/libexec/gcc/i686-apple-darwin10/4.2.1/ld) supports shared libraries
configure:9260: result: yes
configure:9499: checking dynamic linker characteristics
configure:10150: result: darwin10.2.0 dyld
configure:10252: checking how to hardcode library paths into programs
configure:10277: result: immediate
configure:10797: checking whether stripping libraries is possible
configure:10811: result: yes
configure:10837: checking if libtool supports shared libraries
configure:10839: result: yes
configure:10842: checking whether to build shared libraries
configure:10863: result: yes
configure:10866: checking whether to build static libraries
configure:10870: result: yes
configure:10907: checking for ANSI C header files
configure:11011: result: yes
configure:11022: checking malloc.h usability
configure:11022: gcc -c -g -O2  conftest.c >&5
conftest.c:57:20: error: malloc.h: No such file or directory
configure:11022: $? = 1
configure: failed program was:
| /* confdefs.h */
| #define PACKAGE_NAME "libpng"
| #define PACKAGE_TARNAME "libpng"
| #define PACKAGE_VERSION "1.2.39"
| #define PACKAGE_STRING "libpng 1.2.39"
| #define PACKAGE_BUGREPORT "png-mng-implement@lists.sourceforge.net"
| #define PACKAGE_URL ""
| #define PACKAGE "libpng"
| #define VERSION "1.2.39"
| #define STDC_HEADERS 1
| #define HAVE_SYS_TYPES_H 1
| #define HAVE_SYS_STAT_H 1
| #define HAVE_STDLIB_H 1
| #define HAVE_STRING_H 1
| #define HAVE_MEMORY_H 1
| #define HAVE_STRINGS_H 1
| #define HAVE_INTTYPES_H 1
| #define HAVE_STDINT_H 1
| #define HAVE_UNISTD_H 1
| #define HAVE_DLFCN_H 1
| #define LT_OBJDIR ".libs/"
| #define STDC_HEADERS 1
| /* end confdefs.h.  */
| #include <stdio.h>
| #ifdef HAVE_SYS_TYPES_H
| # include <sys/types.h>
| #endif
| #ifdef HAVE_SYS_STAT_H
| # include <sys/stat.h>
| #endif
| #ifdef STDC_HEADERS
| # include <stdlib.h>
| # include <stddef.h>
| #else
| # ifdef HAVE_STDLIB_H
| #  include <stdlib.h>
| # endif
| #endif
| #ifdef HAVE_STRING_H
| # if !defined STDC_HEADERS && defined HAVE_MEMORY_H
| #  include <memory.h>
| # endif
| # include <string.h>
| #endif
| #ifdef HAVE_STRINGS_H
| # include <strings.h>
| #endif
| #ifdef HAVE_INTTYPES_H
| # include <inttypes.h>
| #endif
| #ifdef HAVE_STDINT_H
| # include <stdint.h>
| #endif
| #ifdef HAVE_UNISTD_H
| # include <unistd.h>
| #endif
| #include <malloc.h>
configure:11022: result: no
configure:11022: checking malloc.h presence
configure:11022: gcc -E  conftest.c
conftest.c:24:20: error: malloc.h: No such file or directory
configure:11022: $? = 1
configure: failed program was:
| /* confdefs.h */
| #define PACKAGE_NAME "libpng"
| #define PACKAGE_TARNAME "libpng"
| #define PACKAGE_VERSION "1.2.39"
| #define PACKAGE_STRING "libpng 1.2.39"
| #define PACKAGE_BUGREPORT "png-mng-implement@lists.sourceforge.net"
| #define PACKAGE_URL ""
| #define PACKAGE "libpng"
| #define VERSION "1.2.39"
| #define STDC_HEADERS 1
| #define HAVE_SYS_TYPES_H 1
| #define HAVE_SYS_STAT_H 1
| #define HAVE_STDLIB_H 1
| #define HAVE_STRING_H 1
| #define HAVE_MEMORY_H 1
| #define HAVE_STRINGS_H 1
| #define HAVE_INTTYPES_H 1
| #define HAVE_STDINT_H 1
| #define HAVE_UNISTD_H 1
| #define HAVE_DLFCN_H 1
| #define LT_OBJDIR ".libs/"
| #define STDC_HEADERS 1
| /* end confdefs.h.  */
| #include <malloc.h>
configure:11022: result: no
configure:11022: checking for malloc.h
configure:11022: result: no
configure:11022: checking for stdlib.h
configure:11022: result: yes
configure:11022: checking for string.h
configure:11022: result: yes
configure:11022: checking for strings.h
configure:11022: result: yes
configure:11035: checking for an ANSI C-conforming const
configure:11100: gcc -c -g -O2  conftest.c >&5
configure:11100: $? = 0
configure:11107: result: yes
configure:11115: checking for size_t
configure:11115: gcc -c -g -O2  conftest.c >&5
configure:11115: $? = 0
configure:11115: gcc -c -g -O2  conftest.c >&5
conftest.c: In function 'main':
conftest.c:63: error: expected expression before ')' token
configure:11115: $? = 1
configure: failed program was:
| /* confdefs.h */
| #define PACKAGE_NAME "libpng"
| #define PACKAGE_TARNAME "libpng"
| #define PACKAGE_VERSION "1.2.39"
| #define PACKAGE_STRING "libpng 1.2.39"
| #define PACKAGE_BUGREPORT "png-mng-implement@lists.sourceforge.net"
| #define PACKAGE_URL ""
| #define PACKAGE "libpng"
| #define VERSION "1.2.39"
| #define STDC_HEADERS 1
| #define HAVE_SYS_TYPES_H 1
| #define HAVE_SYS_STAT_H 1
| #define HAVE_STDLIB_H 1
| #define HAVE_STRING_H 1
| #define HAVE_MEMORY_H 1
| #define HAVE_STRINGS_H 1
| #define HAVE_INTTYPES_H 1
| #define HAVE_STDINT_H 1
| #define HAVE_UNISTD_H 1
| #define HAVE_DLFCN_H 1
| #define LT_OBJDIR ".libs/"
| #define STDC_HEADERS 1
| #define HAVE_STDLIB_H 1
| #define HAVE_STRING_H 1
| #define HAVE_STRINGS_H 1
| /* end confdefs.h.  */
| #include <stdio.h>
| #ifdef HAVE_SYS_TYPES_H
| # include <sys/types.h>
| #endif
| #ifdef HAVE_SYS_STAT_H
| # include <sys/stat.h>
| #endif
| #ifdef STDC_HEADERS
| # include <stdlib.h>
| # include <stddef.h>
| #else
| # ifdef HAVE_STDLIB_H
| #  include <stdlib.h>
| # endif
| #endif
| #ifdef HAVE_STRING_H
| # if !defined STDC_HEADERS && defined HAVE_MEMORY_H
| #  include <memory.h>
| # endif
| # include <string.h>
| #endif
| #ifdef HAVE_STRINGS_H
| # include <strings.h>
| #endif
| #ifdef HAVE_INTTYPES_H
| # include <inttypes.h>
| #endif
| #ifdef HAVE_STDINT_H
| # include <stdint.h>
| #endif
| #ifdef HAVE_UNISTD_H
| # include <unistd.h>
| #endif
| int
| main ()
| {
| if (sizeof ((size_t)))
| 	    return 0;
|   ;
|   return 0;
| }
configure:11115: result: yes
configure:11126: checking whether struct tm is in sys/time.h or time.h
configure:11146: gcc -c -g -O2  conftest.c >&5
configure:11146: $? = 0
configure:11153: result: time.h
configure:11163: checking for working strtod
configure:11204: gcc -o conftest -g -O2   conftest.c  >&5
configure:11204: $? = 0
configure:11204: ./conftest
configure:11204: $? = 0
configure:11214: result: yes
configure:11278: checking for memset
configure:11278: gcc -o conftest -g -O2   conftest.c  >&5
conftest.c:50: warning: conflicting types for built-in function 'memset'
configure:11278: $? = 0
configure:11278: result: yes
configure:11291: checking for pow
configure:11291: gcc -o conftest -g -O2   conftest.c  >&5
conftest.c:51: warning: conflicting types for built-in function 'pow'
configure:11291: $? = 0
configure:11291: result: yes
configure:11348: checking for zlibVersion in -lz
configure:11373: gcc -o conftest -g -O2   conftest.c -lz   >&5
configure:11373: $? = 0
configure:11382: result: yes
configure:11397: checking if assembler code in pnggccrd.c can be compiled without PNG_NO_MMX_CODE
configure:11410: gcc -c -g -O2  conftest.c >&5
configure:11410: $? = 0
configure:11411: result: yes
configure:11424: checking if libraries can be versioned
configure:11433: result: no
configure:11435: WARNING: *** You have not enabled versioned symbols.
configure:11477: pkgconfig directory is ${libdir}/pkgconfig
configure:11647: creating ./config.status

## ---------------------- ##
## Running config.status. ##
## ---------------------- ##

This file was extended by libpng config.status 1.2.39, which was
generated by GNU Autoconf 2.64.  Invocation command line was

  CONFIG_FILES    = 
  CONFIG_HEADERS  = 
  CONFIG_LINKS    = 
  CONFIG_COMMANDS = 
  $ ./config.status 

on carlisia-imac-27-home.local

config.status:1084: creating Makefile
config.status:1084: creating libpng.pc
config.status:1084: creating libpng-config
config.status:1084: creating config.h
config.status:1304: executing depfiles commands
config.status:1304: executing libtool commands

## ---------------- ##
## Cache variables. ##
## ---------------- ##

ac_cv_build=i386-apple-darwin10.2.0
ac_cv_c_compiler_gnu=yes
ac_cv_c_const=yes
ac_cv_env_CC_set=
ac_cv_env_CC_value=
ac_cv_env_CFLAGS_set=
ac_cv_env_CFLAGS_value=
ac_cv_env_CPPFLAGS_set=
ac_cv_env_CPPFLAGS_value=
ac_cv_env_CPP_set=
ac_cv_env_CPP_value=
ac_cv_env_LDFLAGS_set=
ac_cv_env_LDFLAGS_value=
ac_cv_env_LIBS_set=
ac_cv_env_LIBS_value=
ac_cv_env_build_alias_set=
ac_cv_env_build_alias_value=
ac_cv_env_host_alias_set=
ac_cv_env_host_alias_value=
ac_cv_env_target_alias_set=
ac_cv_env_target_alias_value=
ac_cv_func_memset=yes
ac_cv_func_pow=yes
ac_cv_func_strtod=yes
ac_cv_header_dlfcn_h=yes
ac_cv_header_inttypes_h=yes
ac_cv_header_malloc_h=no
ac_cv_header_memory_h=yes
ac_cv_header_stdc=yes
ac_cv_header_stdint_h=yes
ac_cv_header_stdlib_h=yes
ac_cv_header_string_h=yes
ac_cv_header_strings_h=yes
ac_cv_header_sys_stat_h=yes
ac_cv_header_sys_types_h=yes
ac_cv_header_unistd_h=yes
ac_cv_host=i386-apple-darwin10.2.0
ac_cv_lib_z_zlibVersion=yes
ac_cv_objext=o
ac_cv_path_EGREP='/usr/bin/grep -E'
ac_cv_path_FGREP='/usr/bin/grep -F'
ac_cv_path_GREP=/usr/bin/grep
ac_cv_path_SED=/usr/bin/sed
ac_cv_path_install='/usr/bin/install -c'
ac_cv_prog_AWK=awk
ac_cv_prog_CPP='gcc -E'
ac_cv_prog_ac_ct_AR=ar
ac_cv_prog_ac_ct_CC=gcc
ac_cv_prog_ac_ct_DSYMUTIL=dsymutil
ac_cv_prog_ac_ct_LIPO=lipo
ac_cv_prog_ac_ct_NMEDIT=nmedit
ac_cv_prog_ac_ct_OBJDUMP=objdump
ac_cv_prog_ac_ct_OTOOL=otool
ac_cv_prog_ac_ct_RANLIB=ranlib
ac_cv_prog_ac_ct_SED=/usr/bin/sed
ac_cv_prog_ac_ct_STRIP=strip
ac_cv_prog_cc_c89=
ac_cv_prog_cc_g=yes
ac_cv_prog_make_make_set=yes
ac_cv_struct_tm=time.h
ac_cv_type_size_t=yes
am_cv_CC_dependencies_compiler_type=gcc3
lt_cv_apple_cc_single_mod=yes
lt_cv_deplibs_check_method=pass_all
lt_cv_file_magic_cmd='$MAGIC_CMD'
lt_cv_file_magic_test_file=
lt_cv_ld_exported_symbols_list=yes
lt_cv_ld_reload_flag=-r
lt_cv_nm_interface='BSD nm'
lt_cv_objdir=.libs
lt_cv_path_LD=/usr/libexec/gcc/i686-apple-darwin10/4.2.1/ld
lt_cv_path_NM=/usr/bin/nm
lt_cv_prog_compiler_c_o=yes
lt_cv_prog_compiler_pic_works=yes
lt_cv_prog_compiler_rtti_exceptions=no
lt_cv_prog_compiler_static_works=no
lt_cv_prog_gnu_ld=no
lt_cv_sys_global_symbol_pipe='sed -n -e '\''s/^.*[	 ]\([BCDEGRST][BCDEGRST]*\)[	 ][	 ]*_\([_A-Za-z][_A-Za-z0-9]*\)$/\1 _\2 \2/p'\'''
lt_cv_sys_global_symbol_to_c_name_address='sed -n -e '\''s/^: \([^ ]*\) $/  {\"\1\", (void *) 0},/p'\'' -e '\''s/^[BCDEGRST]* \([^ ]*\) \([^ ]*\)$/  {"\2", (void *) \&\2},/p'\'''
lt_cv_sys_global_symbol_to_c_name_address_lib_prefix='sed -n -e '\''s/^: \([^ ]*\) $/  {\"\1\", (void *) 0},/p'\'' -e '\''s/^[BCDEGRST]* \([^ ]*\) \(lib[^ ]*\)$/  {"\2", (void *) \&\2},/p'\'' -e '\''s/^[BCDEGRST]* \([^ ]*\) \([^ ]*\)$/  {"lib\2", (void *) \&\2},/p'\'''
lt_cv_sys_global_symbol_to_cdecl='sed -n -e '\''s/^T .* \(.*\)$/extern int \1();/p'\'' -e '\''s/^[BCDEGRST]* .* \(.*\)$/extern char \1;/p'\'''
lt_cv_sys_max_cmd_len=196608

## ----------------- ##
## Output variables. ##
## ----------------- ##

ACLOCAL='${SHELL} /Users/carlisia/src/install/libpng-1.2.39/missing --run aclocal-1.11'
AMDEPBACKSLASH='\'
AMDEP_FALSE='#'
AMDEP_TRUE=''
AMTAR='${SHELL} /Users/carlisia/src/install/libpng-1.2.39/missing --run tar'
AR='ar'
AS='as'
AUTOCONF='${SHELL} /Users/carlisia/src/install/libpng-1.2.39/missing --run autoconf'
AUTOHEADER='${SHELL} /Users/carlisia/src/install/libpng-1.2.39/missing --run autoheader'
AUTOMAKE='${SHELL} /Users/carlisia/src/install/libpng-1.2.39/missing --run automake-1.11'
AWK='awk'
CC='gcc'
CCDEPMODE='depmode=gcc3'
CFLAGS='-g -O2'
CPP='gcc -E'
CPPFLAGS=''
CYGPATH_W='echo'
DEFS='-DHAVE_CONFIG_H'
DEPDIR='.deps'
DLLTOOL='dlltool'
DSYMUTIL='dsymutil'
DUMPBIN=''
ECHO_C='\c'
ECHO_N=''
ECHO_T=''
EGREP='/usr/bin/grep -E'
EXEEXT=''
FGREP='/usr/bin/grep -F'
GREP='/usr/bin/grep'
HAVE_LD_VERSION_SCRIPT_FALSE=''
HAVE_LD_VERSION_SCRIPT_TRUE='#'
INSTALL_DATA='${INSTALL} -m 644'
INSTALL_PROGRAM='${INSTALL}'
INSTALL_SCRIPT='${INSTALL}'
INSTALL_STRIP_PROGRAM='$(install_sh) -c -s'
LD='/usr/libexec/gcc/i686-apple-darwin10/4.2.1/ld'
LDFLAGS=''
LIBOBJS=''
LIBPNG_DEFINES='-DPNG_CONFIGURE_LIBPNG '
LIBPNG_NO_MMX=''
LIBS='-lz '
LIBTOOL='$(SHELL) $(top_builddir)/libtool'
LIPO='lipo'
LN_S='ln -s'
LTLIBOBJS=''
MAINT='#'
MAINTAINER_MODE_FALSE=''
MAINTAINER_MODE_TRUE='#'
MAKEINFO='${SHELL} /Users/carlisia/src/install/libpng-1.2.39/missing --run makeinfo'
MKDIR_P='./install-sh -c -d'
NM='/usr/bin/nm'
NMEDIT='nmedit'
OBJDUMP='objdump'
OBJEXT='o'
OTOOL64=':'
OTOOL='otool'
PACKAGE='libpng'
PACKAGE_BUGREPORT='png-mng-implement@lists.sourceforge.net'
PACKAGE_NAME='libpng'
PACKAGE_STRING='libpng 1.2.39'
PACKAGE_TARNAME='libpng'
PACKAGE_URL=''
PACKAGE_VERSION='1.2.39'
PATH_SEPARATOR=':'
PNGLIB_MAJOR='1'
PNGLIB_MINOR='2'
PNGLIB_RELEASE='39'
PNGLIB_VERSION='1.2.39'
POW_LIB=''
RANLIB='ranlib'
SED='/usr/bin/sed'
SET_MAKE=''
SHELL='/bin/sh'
STRIP='strip'
SYMBOL_PREFIX=''
VERSION='1.2.39'
ac_ct_CC='gcc'
ac_ct_DUMPBIN=''
am__EXEEXT_FALSE=''
am__EXEEXT_TRUE='#'
am__fastdepCC_FALSE='#'
am__fastdepCC_TRUE=''
am__include='include'
am__isrc=''
am__leading_dot='.'
am__quote=''
am__tar='${AMTAR} chof - "$$tardir"'
am__untar='${AMTAR} xf -'
binconfigs='${binconfigs}'
bindir='${exec_prefix}/bin'
build='i386-apple-darwin10.2.0'
build_alias=''
build_cpu='i386'
build_os='darwin10.2.0'
build_vendor='apple'
compatlib='libpng.la'
datadir='${datarootdir}'
datarootdir='${prefix}/share'
docdir='${datarootdir}/doc/${PACKAGE_TARNAME}'
dvidir='${docdir}'
exec_prefix='${prefix}'
host='i386-apple-darwin10.2.0'
host_alias=''
host_cpu='i386'
host_os='darwin10.2.0'
host_vendor='apple'
htmldir='${docdir}'
includedir='${prefix}/include'
infodir='${datarootdir}/info'
install_sh='${SHELL} /Users/carlisia/src/install/libpng-1.2.39/install-sh'
libdir='${exec_prefix}/lib'
libexecdir='${exec_prefix}/libexec'
localedir='${datarootdir}/locale'
localstatedir='${prefix}/var'
lt_ECHO='/bin/echo'
mandir='${datarootdir}/man'
mkdir_p='$(top_builddir)/./install-sh -c -d'
oldincludedir='/usr/include'
pdfdir='${docdir}'
pkgconfigdir='${libdir}/pkgconfig'
prefix='/usr/local'
program_transform_name='s,x,x,'
psdir='${docdir}'
sbindir='${exec_prefix}/sbin'
sharedstatedir='${prefix}/com'
sysconfdir='${prefix}/etc'
target_alias=''

## ----------- ##
## confdefs.h. ##
## ----------- ##

/* confdefs.h */
#define PACKAGE_NAME "libpng"
#define PACKAGE_TARNAME "libpng"
#define PACKAGE_VERSION "1.2.39"
#define PACKAGE_STRING "libpng 1.2.39"
#define PACKAGE_BUGREPORT "png-mng-implement@lists.sourceforge.net"
#define PACKAGE_URL ""
#define PACKAGE "libpng"
#define VERSION "1.2.39"
#define STDC_HEADERS 1
#define HAVE_SYS_TYPES_H 1
#define HAVE_SYS_STAT_H 1
#define HAVE_STDLIB_H 1
#define HAVE_STRING_H 1
#define HAVE_MEMORY_H 1
#define HAVE_STRINGS_H 1
#define HAVE_INTTYPES_H 1
#define HAVE_STDINT_H 1
#define HAVE_UNISTD_H 1
#define HAVE_DLFCN_H 1
#define LT_OBJDIR ".libs/"
#define STDC_HEADERS 1
#define HAVE_STDLIB_H 1
#define HAVE_STRING_H 1
#define HAVE_STRINGS_H 1
#define HAVE_MEMSET 1
#define HAVE_POW 1
#define HAVE_LIBZ 1

configure: exit 0
