This file contains any messages produced by compilers while
running configure, to aid debugging if configure makes a mistake.

It was created by lcms configure 1.17, which was
generated by GNU Autoconf 2.61.  Invocation command line was

  $ ./configure 

## --------- ##
## Platform. ##
## --------- ##

hostname = carlisia-imac-27-home.local
uname -m = i386
uname -r = 10.2.0
uname -s = Darwin
uname -v = Darwin Kernel Version 10.2.0: Tue Nov  3 23:08:29 PST 2009; root:xnu-1486.2.11~3/RELEASE_I386

/usr/bin/uname -p = i386
/bin/uname -X     = unknown

/bin/arch              = unknown
/usr/bin/arch -k       = unknown
/usr/convex/getsysinfo = unknown
/usr/bin/hostinfo      = Mach kernel version:
	 Darwin Kernel Version 10.2.0: Tue Nov  3 23:08:29 PST 2009; root:xnu-1486.2.11~3/RELEASE_I386
Kernel configured for up to 8 processors.
4 processors are physically available.
8 processors are logically available.
Processor type: i486 (Intel 80486)
Processors active: 0 1 2 3 4 5 6 7
Primary memory available: 8.00 gigabytes
Default processor set: 77 tasks, 379 threads, 8 processors
Load average: 1.88, Mach factor: 6.10
/bin/machine           = unknown
/usr/bin/oslevel       = unknown
/bin/universe          = unknown

PATH: /usr/local/bin
PATH: /usr/local/sbin
PATH: /usr/bin
PATH: /bin
PATH: /usr/sbin
PATH: /sbin
PATH: /usr/local/bin
PATH: /usr/local/git/bin
PATH: /usr/X11/bin
PATH: /usr/local/mysql/bin


## ----------- ##
## Core tests. ##
## ----------- ##

configure:2054: checking build system type
configure:2072: result: i386-apple-darwin10.2.0
configure:2094: checking host system type
configure:2109: result: i386-apple-darwin10.2.0
configure:2131: checking target system type
configure:2146: result: i386-apple-darwin10.2.0
configure:2176: checking whether build environment is sane
configure:2219: result: yes
configure:2238: checking for a BSD-compatible install
configure:2294: result: /usr/bin/install -c
configure:2331: checking for a thread-safe mkdir -p
configure:2370: result: ./install-sh -c -d
configure:2383: checking for gawk
configure:2413: result: no
configure:2383: checking for mawk
configure:2413: result: no
configure:2383: checking for nawk
configure:2413: result: no
configure:2383: checking for awk
configure:2399: found /usr/bin/awk
configure:2410: result: awk
configure:2421: checking whether make sets $(MAKE)
configure:2442: result: yes
configure:2711: checking for gcc
configure:2727: found /usr/bin/gcc
configure:2738: result: gcc
configure:2976: checking for C compiler version
configure:2983: gcc --version >&5
i686-apple-darwin10-gcc-4.2.1 (GCC) 4.2.1 (Apple Inc. build 5646)
Copyright (C) 2007 Free Software Foundation, Inc.
This is free software; see the source for copying conditions.  There is NO
warranty; not even for MERCHANTABILITY or FITNESS FOR A PARTICULAR PURPOSE.

configure:2986: $? = 0
configure:2993: gcc -v >&5
Using built-in specs.
Target: i686-apple-darwin10
Configured with: /var/tmp/gcc/gcc-5646~6/src/configure --disable-checking --enable-werror --prefix=/usr --mandir=/share/man --enable-languages=c,objc,c++,obj-c++ --program-transform-name=/^[cg][^.-]*$/s/$/-4.2/ --with-slibdir=/usr/lib --build=i686-apple-darwin10 --with-gxx-include-dir=/include/c++/4.2.1 --program-prefix=i686-apple-darwin10- --host=x86_64-apple-darwin10 --target=i686-apple-darwin10
Thread model: posix
gcc version 4.2.1 (Apple Inc. build 5646)
configure:2996: $? = 0
configure:3003: gcc -V >&5
gcc-4.2: argument to `-V' is missing
configure:3006: $? = 1
configure:3029: checking for C compiler default output file name
configure:3056: gcc    conftest.c  >&5
configure:3059: $? = 0
configure:3097: result: a.out
configure:3114: checking whether the C compiler works
configure:3124: ./a.out
configure:3127: $? = 0
configure:3144: result: yes
configure:3151: checking whether we are cross compiling
configure:3153: result: no
configure:3156: checking for suffix of executables
configure:3163: gcc -o conftest    conftest.c  >&5
configure:3166: $? = 0
configure:3190: result: 
configure:3196: checking for suffix of object files
configure:3222: gcc -c   conftest.c >&5
configure:3225: $? = 0
configure:3248: result: o
configure:3252: checking whether we are using the GNU C compiler
configure:3281: gcc -c   conftest.c >&5
configure:3287: $? = 0
configure:3304: result: yes
configure:3309: checking whether gcc accepts -g
configure:3339: gcc -c -g  conftest.c >&5
configure:3345: $? = 0
configure:3444: result: yes
configure:3461: checking for gcc option to accept ISO C89
configure:3535: gcc  -c -g -O2  conftest.c >&5
configure:3541: $? = 0
configure:3564: result: none needed
configure:3593: checking for style of include used by make
configure:3621: result: GNU
configure:3646: checking dependency style of gcc
configure:3737: result: gcc3
configure:3754: checking for gcc option to accept ISO C99
configure:3913: gcc  -c -g -O2  conftest.c >&5
conftest.c:58: error: expected ';', ',' or ')' before 'text'
conftest.c: In function 'main':
conftest.c:112: error: nested functions are disabled, use -fnested-functions to re-enable
conftest.c:112: error: expected '=', ',', ';', 'asm' or '__attribute__' before 'newvar'
conftest.c:112: error: 'newvar' undeclared (first use in this function)
conftest.c:112: error: (Each undeclared identifier is reported only once
conftest.c:112: error: for each function it appears in.)
conftest.c:122: error: 'for' loop initial declaration used outside C99 mode
configure:3919: $? = 1
configure: failed program was:
| /* confdefs.h.  */
| #define PACKAGE_NAME "lcms"
| #define PACKAGE_TARNAME "lcms"
| #define PACKAGE_VERSION "1.17"
| #define PACKAGE_STRING "lcms 1.17"
| #define PACKAGE_BUGREPORT ""
| /* end confdefs.h.  */
| #include <stdarg.h>
| #include <stdbool.h>
| #include <stdlib.h>
| #include <wchar.h>
| #include <stdio.h>
| 
| // Check varargs macros.  These examples are taken from C99 6.10.3.5.
| #define debug(...) fprintf (stderr, __VA_ARGS__)
| #define showlist(...) puts (#__VA_ARGS__)
| #define report(test,...) ((test) ? puts (#test) : printf (__VA_ARGS__))
| static void
| test_varargs_macros (void)
| {
|   int x = 1234;
|   int y = 5678;
|   debug ("Flag");
|   debug ("X = %d\n", x);
|   showlist (The first, second, and third items.);
|   report (x>y, "x is %d but y is %d", x, y);
| }
| 
| // Check long long types.
| #define BIG64 18446744073709551615ull
| #define BIG32 4294967295ul
| #define BIG_OK (BIG64 / BIG32 == 4294967297ull && BIG64 % BIG32 == 0)
| #if !BIG_OK
|   your preprocessor is broken;
| #endif
| #if BIG_OK
| #else
|   your preprocessor is broken;
| #endif
| static long long int bignum = -9223372036854775807LL;
| static unsigned long long int ubignum = BIG64;
| 
| struct incomplete_array
| {
|   int datasize;
|   double data[];
| };
| 
| struct named_init {
|   int number;
|   const wchar_t *name;
|   double average;
| };
| 
| typedef const char *ccp;
| 
| static inline int
| test_restrict (ccp restrict text)
| {
|   // See if C++-style comments work.
|   // Iterate through items via the restricted pointer.
|   // Also check for declarations in for loops.
|   for (unsigned int i = 0; *(text+i) != '\0'; ++i)
|     continue;
|   return 0;
| }
| 
| // Check varargs and va_copy.
| static void
| test_varargs (const char *format, ...)
| {
|   va_list args;
|   va_start (args, format);
|   va_list args_copy;
|   va_copy (args_copy, args);
| 
|   const char *str;
|   int number;
|   float fnumber;
| 
|   while (*format)
|     {
|       switch (*format++)
| 	{
| 	case 's': // string
| 	  str = va_arg (args_copy, const char *);
| 	  break;
| 	case 'd': // int
| 	  number = va_arg (args_copy, int);
| 	  break;
| 	case 'f': // float
| 	  fnumber = va_arg (args_copy, double);
| 	  break;
| 	default:
| 	  break;
| 	}
|     }
|   va_end (args_copy);
|   va_end (args);
| }
| 
| int
| main ()
| {
| 
|   // Check bool.
|   _Bool success = false;
| 
|   // Check restrict.
|   if (test_restrict ("String literal") == 0)
|     success = true;
|   char *restrict newvar = "Another string";
| 
|   // Check varargs.
|   test_varargs ("s, d' f .", "string", 65, 34.234);
|   test_varargs_macros ();
| 
|   // Check flexible array members.
|   struct incomplete_array *ia =
|     malloc (sizeof (struct incomplete_array) + (sizeof (double) * 10));
|   ia->datasize = 10;
|   for (int i = 0; i < ia->datasize; ++i)
|     ia->data[i] = i * 1.234;
| 
|   // Check named initializers.
|   struct named_init ni = {
|     .number = 34,
|     .name = L"Test wide string",
|     .average = 543.34343,
|   };
| 
|   ni.number = 58;
| 
|   int dynamic_array[ni.number];
|   dynamic_array[ni.number - 1] = 543;
| 
|   // work around unused variable warnings
|   return (!success || bignum == 0LL || ubignum == 0uLL || newvar[0] == 'x'
| 	  || dynamic_array[ni.number - 1] != 543);
| 
|   ;
|   return 0;
| }
configure:3913: gcc -std=gnu99 -c -g -O2  conftest.c >&5
configure:3919: $? = 0
configure:3949: result: -std=gnu99
configure:4079: checking for gcc -std=gnu99 option to accept ISO Standard C
configure:4090: result: -std=gnu99
configure:4100: checking how to run the C preprocessor
configure:4140: gcc -std=gnu99 -E  conftest.c
configure:4146: $? = 0
configure:4177: gcc -std=gnu99 -E  conftest.c
conftest.c:8:28: error: ac_nonexistent.h: No such file or directory
configure:4183: $? = 1
configure: failed program was:
| /* confdefs.h.  */
| #define PACKAGE_NAME "lcms"
| #define PACKAGE_TARNAME "lcms"
| #define PACKAGE_VERSION "1.17"
| #define PACKAGE_STRING "lcms 1.17"
| #define PACKAGE_BUGREPORT ""
| /* end confdefs.h.  */
| #include <ac_nonexistent.h>
configure:4216: result: gcc -std=gnu99 -E
configure:4245: gcc -std=gnu99 -E  conftest.c
configure:4251: $? = 0
configure:4282: gcc -std=gnu99 -E  conftest.c
conftest.c:8:28: error: ac_nonexistent.h: No such file or directory
configure:4288: $? = 1
configure: failed program was:
| /* confdefs.h.  */
| #define PACKAGE_NAME "lcms"
| #define PACKAGE_TARNAME "lcms"
| #define PACKAGE_VERSION "1.17"
| #define PACKAGE_STRING "lcms 1.17"
| #define PACKAGE_BUGREPORT ""
| /* end confdefs.h.  */
| #include <ac_nonexistent.h>
configure:4325: checking for a sed that does not truncate output
configure:4381: result: /usr/bin/sed
configure:4384: checking for grep that handles long lines and -e
configure:4458: result: /usr/bin/grep
configure:4463: checking for egrep
configure:4541: result: /usr/bin/grep -E
configure:4557: checking for ld used by gcc -std=gnu99
configure:4624: result: /usr/libexec/gcc/i686-apple-darwin10/4.2.1/ld
configure:4633: checking if the linker (/usr/libexec/gcc/i686-apple-darwin10/4.2.1/ld) is GNU ld
configure:4648: result: no
configure:4667: checking for a BSD-compatible install
configure:4723: result: /usr/bin/install -c
configure:4734: checking whether make sets $(MAKE)
configure:4755: result: yes
configure:4764: checking whether ln -s works
configure:4768: result: yes
configure:4833: checking for g++
configure:4849: found /usr/bin/g++
configure:4860: result: g++
configure:4891: checking for C++ compiler version
configure:4898: g++ --version >&5
i686-apple-darwin10-g++-4.2.1 (GCC) 4.2.1 (Apple Inc. build 5646)
Copyright (C) 2007 Free Software Foundation, Inc.
This is free software; see the source for copying conditions.  There is NO
warranty; not even for MERCHANTABILITY or FITNESS FOR A PARTICULAR PURPOSE.

configure:4901: $? = 0
configure:4908: g++ -v >&5
Using built-in specs.
Target: i686-apple-darwin10
Configured with: /var/tmp/gcc/gcc-5646~6/src/configure --disable-checking --enable-werror --prefix=/usr --mandir=/share/man --enable-languages=c,objc,c++,obj-c++ --program-transform-name=/^[cg][^.-]*$/s/$/-4.2/ --with-slibdir=/usr/lib --build=i686-apple-darwin10 --with-gxx-include-dir=/include/c++/4.2.1 --program-prefix=i686-apple-darwin10- --host=x86_64-apple-darwin10 --target=i686-apple-darwin10
Thread model: posix
gcc version 4.2.1 (Apple Inc. build 5646)
configure:4911: $? = 0
configure:4918: g++ -V >&5
g++-4.2: argument to `-V' is missing
configure:4921: $? = 1
configure:4924: checking whether we are using the GNU C++ compiler
configure:4953: g++ -c   conftest.cpp >&5
configure:4959: $? = 0
configure:4976: result: yes
configure:4981: checking whether g++ accepts -g
configure:5011: g++ -c -g  conftest.cpp >&5
configure:5017: $? = 0
configure:5116: result: yes
configure:5141: checking dependency style of g++
configure:5232: result: gcc3
configure:5565: checking for /usr/libexec/gcc/i686-apple-darwin10/4.2.1/ld option to reload object files
configure:5572: result: -r
configure:5590: checking for BSD-compatible nm
configure:5639: result: /usr/bin/nm
configure:5643: checking how to recognize dependent libraries
configure:5829: result: pass_all
configure:6354: checking for ANSI C header files
configure:6384: gcc -std=gnu99 -c -g -O2  conftest.c >&5
configure:6390: $? = 0
configure:6489: gcc -std=gnu99 -o conftest -g -O2   conftest.c  >&5
configure:6492: $? = 0
configure:6498: ./conftest
configure:6501: $? = 0
configure:6518: result: yes
configure:6542: checking for sys/types.h
configure:6563: gcc -std=gnu99 -c -g -O2  conftest.c >&5
configure:6569: $? = 0
configure:6585: result: yes
configure:6542: checking for sys/stat.h
configure:6563: gcc -std=gnu99 -c -g -O2  conftest.c >&5
configure:6569: $? = 0
configure:6585: result: yes
configure:6542: checking for stdlib.h
configure:6563: gcc -std=gnu99 -c -g -O2  conftest.c >&5
configure:6569: $? = 0
configure:6585: result: yes
configure:6542: checking for string.h
configure:6563: gcc -std=gnu99 -c -g -O2  conftest.c >&5
configure:6569: $? = 0
configure:6585: result: yes
configure:6542: checking for memory.h
configure:6563: gcc -std=gnu99 -c -g -O2  conftest.c >&5
configure:6569: $? = 0
configure:6585: result: yes
configure:6542: checking for strings.h
configure:6563: gcc -std=gnu99 -c -g -O2  conftest.c >&5
configure:6569: $? = 0
configure:6585: result: yes
configure:6542: checking for inttypes.h
configure:6563: gcc -std=gnu99 -c -g -O2  conftest.c >&5
configure:6569: $? = 0
configure:6585: result: yes
configure:6542: checking for stdint.h
configure:6563: gcc -std=gnu99 -c -g -O2  conftest.c >&5
configure:6569: $? = 0
configure:6585: result: yes
configure:6542: checking for unistd.h
configure:6563: gcc -std=gnu99 -c -g -O2  conftest.c >&5
configure:6569: $? = 0
configure:6585: result: yes
configure:6612: checking dlfcn.h usability
configure:6629: gcc -std=gnu99 -c -g -O2  conftest.c >&5
configure:6635: $? = 0
configure:6649: result: yes
configure:6653: checking dlfcn.h presence
configure:6668: gcc -std=gnu99 -E  conftest.c
configure:6674: $? = 0
configure:6688: result: yes
configure:6716: checking for dlfcn.h
configure:6724: result: yes
configure:6747: checking how to run the C++ preprocessor
configure:6783: g++ -E  conftest.cpp
configure:6789: $? = 0
configure:6820: g++ -E  conftest.cpp
conftest.cpp:19:28: error: ac_nonexistent.h: No such file or directory
configure:6826: $? = 1
configure: failed program was:
| /* confdefs.h.  */
| #define PACKAGE_NAME "lcms"
| #define PACKAGE_TARNAME "lcms"
| #define PACKAGE_VERSION "1.17"
| #define PACKAGE_STRING "lcms 1.17"
| #define PACKAGE_BUGREPORT ""
| #define STDC_HEADERS 1
| #define HAVE_SYS_TYPES_H 1
| #define HAVE_SYS_STAT_H 1
| #define HAVE_STDLIB_H 1
| #define HAVE_STRING_H 1
| #define HAVE_MEMORY_H 1
| #define HAVE_STRINGS_H 1
| #define HAVE_INTTYPES_H 1
| #define HAVE_STDINT_H 1
| #define HAVE_UNISTD_H 1
| #define HAVE_DLFCN_H 1
| /* end confdefs.h.  */
| #include <ac_nonexistent.h>
configure:6859: result: g++ -E
configure:6888: g++ -E  conftest.cpp
configure:6894: $? = 0
configure:6925: g++ -E  conftest.cpp
conftest.cpp:19:28: error: ac_nonexistent.h: No such file or directory
configure:6931: $? = 1
configure: failed program was:
| /* confdefs.h.  */
| #define PACKAGE_NAME "lcms"
| #define PACKAGE_TARNAME "lcms"
| #define PACKAGE_VERSION "1.17"
| #define PACKAGE_STRING "lcms 1.17"
| #define PACKAGE_BUGREPORT ""
| #define STDC_HEADERS 1
| #define HAVE_SYS_TYPES_H 1
| #define HAVE_SYS_STAT_H 1
| #define HAVE_STDLIB_H 1
| #define HAVE_STRING_H 1
| #define HAVE_MEMORY_H 1
| #define HAVE_STRINGS_H 1
| #define HAVE_INTTYPES_H 1
| #define HAVE_STDINT_H 1
| #define HAVE_UNISTD_H 1
| #define HAVE_DLFCN_H 1
| /* end confdefs.h.  */
| #include <ac_nonexistent.h>
configure:7024: checking for g77
configure:7054: result: no
configure:7024: checking for xlf
configure:7054: result: no
configure:7024: checking for f77
configure:7054: result: no
configure:7024: checking for frt
configure:7054: result: no
configure:7024: checking for pgf77
configure:7054: result: no
configure:7024: checking for cf77
configure:7054: result: no
configure:7024: checking for fort77
configure:7054: result: no
configure:7024: checking for fl32
configure:7054: result: no
configure:7024: checking for af77
configure:7054: result: no
configure:7024: checking for xlf90
configure:7054: result: no
configure:7024: checking for f90
configure:7054: result: no
configure:7024: checking for pgf90
configure:7054: result: no
configure:7024: checking for pghpf
configure:7054: result: no
configure:7024: checking for epcf90
configure:7054: result: no
configure:7024: checking for gfortran
configure:7054: result: no
configure:7024: checking for g95
configure:7054: result: no
configure:7024: checking for xlf95
configure:7054: result: no
configure:7024: checking for f95
configure:7054: result: no
configure:7024: checking for fort
configure:7054: result: no
configure:7024: checking for ifort
configure:7054: result: no
configure:7024: checking for ifc
configure:7054: result: no
configure:7024: checking for efc
configure:7054: result: no
configure:7024: checking for pgf95
configure:7054: result: no
configure:7024: checking for lf95
configure:7054: result: no
configure:7024: checking for ftn
configure:7054: result: no
configure:7081: checking for Fortran 77 compiler version
configure:7088:  --version >&5
./configure: line 7089: --version: command not found
configure:7091: $? = 127
configure:7098:  -v >&5
./configure: line 7099: -v: command not found
configure:7101: $? = 127
configure:7108:  -V >&5
./configure: line 7109: -V: command not found
configure:7111: $? = 127
configure:7119: checking whether we are using the GNU Fortran 77 compiler
configure:7138:  -c  conftest.F >&5
./configure: line 7139: -c: command not found
configure:7144: $? = 127
configure: failed program was:
|       program main
| #ifndef __GNUC__
|        choke me
| #endif
| 
|       end
configure:7161: result: no
configure:7167: checking whether  accepts -g
configure:7184:  -c -g conftest.f >&5
./configure: line 7185: -c: command not found
configure:7190: $? = 127
configure: failed program was:
|       program main
| 
|       end
configure:7206: result: no
configure:7236: checking the maximum length of command line arguments
configure:7345: result: 196608
configure:7356: checking command to parse /usr/bin/nm output from gcc -std=gnu99 object
configure:7461: gcc -std=gnu99 -c -g -O2  conftest.c >&5
configure:7464: $? = 0
configure:7468: /usr/bin/nm conftest.o \| sed -n -e 's/^.*[ 	]\([BCDEGRST][BCDEGRST]*\)[ 	][ 	]*\([_A-Za-z][_A-Za-z0-9]*\)$/\1 \2 \2/p' \> conftest.nm
configure:7471: $? = 0
cannot find nm_test_var in conftest.nm
configure:7461: gcc -std=gnu99 -c -g -O2  conftest.c >&5
configure:7464: $? = 0
configure:7468: /usr/bin/nm conftest.o \| sed -n -e 's/^.*[ 	]\([BCDEGRST][BCDEGRST]*\)[ 	][ 	]*_\([_A-Za-z][_A-Za-z0-9]*\)$/\1 _\2 \2/p' \> conftest.nm
configure:7471: $? = 0
configure:7523: gcc -std=gnu99 -o conftest -g -O2   conftest.c conftstm.o >&5
configure:7526: $? = 0
configure:7564: result: ok
configure:7568: checking for objdir
configure:7583: result: .libs
configure:7675: checking for ar
configure:7691: found /usr/bin/ar
configure:7702: result: ar
configure:7771: checking for ranlib
configure:7787: found /usr/bin/ranlib
configure:7798: result: ranlib
configure:7867: checking for strip
configure:7883: found /usr/bin/strip
configure:7894: result: strip
configure:8180: checking if gcc -std=gnu99 supports -fno-rtti -fno-exceptions
configure:8198: gcc -std=gnu99 -c -g -O2  -fno-rtti -fno-exceptions conftest.c >&5
cc1: warning: command line option "-fno-rtti" is valid for C++/ObjC++ but not for C
configure:8202: $? = 0
configure:8215: result: no
configure:8230: checking for gcc -std=gnu99 option to produce PIC
configure:8462: result: -fno-common
configure:8470: checking if gcc -std=gnu99 PIC flag -fno-common works
configure:8488: gcc -std=gnu99 -c -g -O2  -fno-common -DPIC conftest.c >&5
configure:8492: $? = 0
configure:8505: result: yes
configure:8533: checking if gcc -std=gnu99 static flag -static works
configure:8561: result: no
configure:8571: checking if gcc -std=gnu99 supports -c -o file.o
configure:8592: gcc -std=gnu99 -c -g -O2  -o out/conftest2.o conftest.c >&5
configure:8596: $? = 0
configure:8618: result: yes
configure:8644: checking whether the gcc -std=gnu99 linker (/usr/libexec/gcc/i686-apple-darwin10/4.2.1/ld) supports shared libraries
configure:9620: result: yes
configure:9687: checking dynamic linker characteristics
configure:10289: result: darwin10.2.0 dyld
configure:10298: checking how to hardcode library paths into programs
configure:10323: result: immediate
configure:10337: checking whether stripping libraries is possible
configure:10351: result: yes
configure:11144: checking if libtool supports shared libraries
configure:11146: result: yes
configure:11149: checking whether to build shared libraries
configure:11170: result: yes
configure:11173: checking whether to build static libraries
configure:11177: result: yes
configure:11269: creating libtool
configure:11857: checking for ld used by g++
configure:11924: result: /usr/libexec/gcc/i686-apple-darwin10/4.2.1/ld
configure:11933: checking if the linker (/usr/libexec/gcc/i686-apple-darwin10/4.2.1/ld) is GNU ld
configure:11948: result: no
configure:11999: checking whether the g++ linker (/usr/libexec/gcc/i686-apple-darwin10/4.2.1/ld) supports shared libraries
configure:12969: result: yes
configure:12987: g++ -c -g -O2  conftest.cpp >&5
configure:12990: $? = 0
configure:13142: checking for g++ option to produce PIC
configure:13426: result: -fno-common
configure:13434: checking if g++ PIC flag -fno-common works
configure:13452: g++ -c -g -O2  -fno-common -DPIC conftest.cpp >&5
configure:13456: $? = 0
configure:13469: result: yes
configure:13497: checking if g++ static flag -static works
configure:13525: result: no
configure:13535: checking if g++ supports -c -o file.o
configure:13556: g++ -c -g -O2  -o out/conftest2.o conftest.cpp >&5
configure:13560: $? = 0
configure:13582: result: yes
configure:13608: checking whether the g++ linker (/usr/libexec/gcc/i686-apple-darwin10/4.2.1/ld) supports shared libraries
configure:13633: result: yes
configure:13700: checking dynamic linker characteristics
configure:14250: result: darwin10.2.0 dyld
configure:14259: checking how to hardcode library paths into programs
configure:14284: result: immediate
configure:20448: checking whether to enable maintainer-specific portions of Makefiles
configure:20457: result: no
configure:20478: checking for inline
configure:20504: gcc -std=gnu99 -c -g -O2  conftest.c >&5
configure:20510: $? = 0
configure:20528: result: inline
configure:20551: checking whether byte ordering is bigendian
configure:20584: gcc -std=gnu99 -c -g -O2  conftest.c >&5
configure:20590: $? = 0
configure:20622: gcc -std=gnu99 -c -g -O2  conftest.c >&5
conftest.c: In function 'main':
conftest.c:26: error: 'not' undeclared (first use in this function)
conftest.c:26: error: (Each undeclared identifier is reported only once
conftest.c:26: error: for each function it appears in.)
conftest.c:26: error: expected ';' before 'big'
configure:20628: $? = 1
configure: failed program was:
| /* confdefs.h.  */
| #define PACKAGE_NAME "lcms"
| #define PACKAGE_TARNAME "lcms"
| #define PACKAGE_VERSION "1.17"
| #define PACKAGE_STRING "lcms 1.17"
| #define PACKAGE_BUGREPORT ""
| #define STDC_HEADERS 1
| #define HAVE_SYS_TYPES_H 1
| #define HAVE_SYS_STAT_H 1
| #define HAVE_STDLIB_H 1
| #define HAVE_STRING_H 1
| #define HAVE_MEMORY_H 1
| #define HAVE_STRINGS_H 1
| #define HAVE_INTTYPES_H 1
| #define HAVE_STDINT_H 1
| #define HAVE_UNISTD_H 1
| #define HAVE_DLFCN_H 1
| /* end confdefs.h.  */
| #include <sys/types.h>
| #include <sys/param.h>
| 
| int
| main ()
| {
| #if BYTE_ORDER != BIG_ENDIAN
|  not big endian
| #endif
| 
|   ;
|   return 0;
| }
configure:20768: result: no
configure:20806: checking for int
configure:20836: gcc -std=gnu99 -c -g -O2  conftest.c >&5
configure:20842: $? = 0
configure:20857: result: yes
configure:20864: checking size of int
configure:21166: gcc -std=gnu99 -o conftest -g -O2   conftest.c  >&5
configure:21169: $? = 0
configure:21175: ./conftest
configure:21178: $? = 0
configure:21201: result: 4
configure:21214: checking for unsigned int
configure:21244: gcc -std=gnu99 -c -g -O2  conftest.c >&5
configure:21250: $? = 0
configure:21265: result: yes
configure:21272: checking size of unsigned int
configure:21574: gcc -std=gnu99 -o conftest -g -O2   conftest.c  >&5
configure:21577: $? = 0
configure:21583: ./conftest
configure:21586: $? = 0
configure:21609: result: 4
configure:21622: checking for long
configure:21652: gcc -std=gnu99 -c -g -O2  conftest.c >&5
configure:21658: $? = 0
configure:21673: result: yes
configure:21680: checking size of long
configure:21982: gcc -std=gnu99 -o conftest -g -O2   conftest.c  >&5
configure:21985: $? = 0
configure:21991: ./conftest
configure:21994: $? = 0
configure:22017: result: 8
configure:22030: checking for unsigned long
configure:22060: gcc -std=gnu99 -c -g -O2  conftest.c >&5
configure:22066: $? = 0
configure:22081: result: yes
configure:22088: checking size of unsigned long
configure:22390: gcc -std=gnu99 -o conftest -g -O2   conftest.c  >&5
configure:22393: $? = 0
configure:22399: ./conftest
configure:22402: $? = 0
configure:22425: result: 8
configure:22439: checking for long long
configure:22469: gcc -std=gnu99 -c -g -O2  conftest.c >&5
configure:22475: $? = 0
configure:22490: result: yes
configure:22497: checking size of long long
configure:22799: gcc -std=gnu99 -o conftest -g -O2   conftest.c  >&5
configure:22802: $? = 0
configure:22808: ./conftest
configure:22811: $? = 0
configure:22834: result: 8
configure:22849: checking for unsigned long long
configure:22879: gcc -std=gnu99 -c -g -O2  conftest.c >&5
configure:22885: $? = 0
configure:22900: result: yes
configure:22907: checking size of unsigned long long
configure:23209: gcc -std=gnu99 -o conftest -g -O2   conftest.c  >&5
configure:23212: $? = 0
configure:23218: ./conftest
configure:23221: $? = 0
configure:23244: result: 8
configure:23259: checking for signed 8-bit type
configure:23262: result: char
configure:23266: checking for unsigned 8-bit type
configure:23269: result: unsigned char
configure:23273: checking for signed 16-bit type
configure:23276: result: short
configure:23280: checking for unsigned 16-bit type
configure:23283: result: unsigned short
configure:23287: checking for signed 32-bit type
configure:23297: result: int
configure:23301: checking for unsigned 32-bit type
configure:23311: result: unsigned int
configure:23315: checking for signed 64-bit type
configure:23325: result: long
configure:23329: checking for unsigned 64-bit type
configure:23339: result: unsigned long
configure:23348: checking for sqrt in -lm
configure:23383: gcc -std=gnu99 -o conftest -g -O2   conftest.c -lm   >&5
conftest.c:32: warning: conflicting types for built-in function 'sqrt'
configure:23389: $? = 0
configure:23407: result: yes
configure:23423: checking for JPEG support 
configure:23425: result: 
configure:23439: checking jconfig.h usability
configure:23456: gcc -std=gnu99 -c -g -O2  conftest.c >&5
configure:23462: $? = 0
configure:23476: result: yes
configure:23480: checking jconfig.h presence
configure:23495: gcc -std=gnu99 -E  conftest.c
configure:23501: $? = 0
configure:23515: result: yes
configure:23543: checking for jconfig.h
configure:23550: result: yes
configure:23571: checking jerror.h usability
configure:23588: gcc -std=gnu99 -c -g -O2  conftest.c >&5
configure:23594: $? = 0
configure:23608: result: yes
configure:23612: checking jerror.h presence
configure:23627: gcc -std=gnu99 -E  conftest.c
configure:23633: $? = 0
configure:23647: result: yes
configure:23675: checking for jerror.h
configure:23682: result: yes
configure:23703: checking jmorecfg.h usability
configure:23720: gcc -std=gnu99 -c -g -O2  conftest.c >&5
configure:23726: $? = 0
configure:23740: result: yes
configure:23744: checking jmorecfg.h presence
configure:23759: gcc -std=gnu99 -E  conftest.c
configure:23765: $? = 0
configure:23779: result: yes
configure:23807: checking for jmorecfg.h
configure:23814: result: yes
configure:23835: checking jpeglib.h usability
configure:23852: gcc -std=gnu99 -c -g -O2  conftest.c >&5
configure:23858: $? = 0
configure:23872: result: yes
configure:23876: checking jpeglib.h presence
configure:23891: gcc -std=gnu99 -E  conftest.c
configure:23897: $? = 0
configure:23911: result: yes
configure:23939: checking for jpeglib.h
configure:23946: result: yes
configure:23957: checking for jpeg_read_header in -ljpeg
configure:23992: gcc -std=gnu99 -o conftest -g -O2   conftest.c -ljpeg  -lm  >&5
configure:23998: $? = 0
configure:24016: result: yes
configure:24027: checking for JPEG library is version 6b or later
configure:24061: gcc -std=gnu99 -c -g -O2  conftest.c >&5
configure:24067: $? = 0
configure:24082: result: yes
configure:24085: result: yes
configure:24094: checking if JPEG package is complete
configure:24111: result: yes
configure:24137: checking for ZLIB support 
configure:24139: result: 
configure:24153: checking zconf.h usability
configure:24170: gcc -std=gnu99 -c -g -O2  conftest.c >&5
configure:24176: $? = 0
configure:24190: result: yes
configure:24194: checking zconf.h presence
configure:24209: gcc -std=gnu99 -E  conftest.c
configure:24215: $? = 0
configure:24229: result: yes
configure:24257: checking for zconf.h
configure:24264: result: yes
configure:24285: checking zlib.h usability
configure:24302: gcc -std=gnu99 -c -g -O2  conftest.c >&5
configure:24308: $? = 0
configure:24322: result: yes
configure:24326: checking zlib.h presence
configure:24341: gcc -std=gnu99 -E  conftest.c
configure:24347: $? = 0
configure:24361: result: yes
configure:24389: checking for zlib.h
configure:24396: result: yes
configure:24407: checking for compress in -lz
configure:24442: gcc -std=gnu99 -o conftest -g -O2   conftest.c -lz  -ljpeg -lm  >&5
configure:24448: $? = 0
configure:24466: result: yes
configure:24474: checking for uncompress in -lz
configure:24509: gcc -std=gnu99 -o conftest -g -O2   conftest.c -lz  -ljpeg -lm  >&5
configure:24515: $? = 0
configure:24533: result: yes
configure:24541: checking for deflate in -lz
configure:24576: gcc -std=gnu99 -o conftest -g -O2   conftest.c -lz  -ljpeg -lm  >&5
configure:24582: $? = 0
configure:24600: result: yes
configure:24608: checking for inflate in -lz
configure:24643: gcc -std=gnu99 -o conftest -g -O2   conftest.c -lz  -ljpeg -lm  >&5
configure:24649: $? = 0
configure:24667: result: yes
configure:24675: checking for gzseek in -lz
configure:24710: gcc -std=gnu99 -o conftest -g -O2   conftest.c -lz  -ljpeg -lm  >&5
configure:24716: $? = 0
configure:24734: result: yes
configure:24742: checking for gztell in -lz
configure:24777: gcc -std=gnu99 -o conftest -g -O2   conftest.c -lz  -ljpeg -lm  >&5
configure:24783: $? = 0
configure:24801: result: yes
configure:24809: checking if ZLIB package is complete
configure:24826: result: yes
configure:24852: checking for TIFF support 
configure:24854: result: 
configure:24868: checking tiff.h usability
configure:24885: gcc -std=gnu99 -c -g -O2  conftest.c >&5
configure:24891: $? = 0
configure:24905: result: yes
configure:24909: checking tiff.h presence
configure:24924: gcc -std=gnu99 -E  conftest.c
configure:24930: $? = 0
configure:24944: result: yes
configure:24972: checking for tiff.h
configure:24979: result: yes
configure:25000: checking tiffio.h usability
configure:25017: gcc -std=gnu99 -c -g -O2  conftest.c >&5
configure:25023: $? = 0
configure:25037: result: yes
configure:25041: checking tiffio.h presence
configure:25056: gcc -std=gnu99 -E  conftest.c
configure:25062: $? = 0
configure:25076: result: yes
configure:25104: checking for tiffio.h
configure:25111: result: yes
configure:25122: checking for TIFFOpen in -ltiff
configure:25157: gcc -std=gnu99 -o conftest -g -O2   conftest.c -ltiff  -lz -ljpeg -lm  >&5
configure:25163: $? = 0
configure:25181: result: yes
configure:25189: checking for TIFFClientOpen in -ltiff
configure:25224: gcc -std=gnu99 -o conftest -g -O2   conftest.c -ltiff  -lz -ljpeg -lm  >&5
configure:25230: $? = 0
configure:25248: result: yes
configure:25256: checking for TIFFIsByteSwapped in -ltiff
configure:25291: gcc -std=gnu99 -o conftest -g -O2   conftest.c -ltiff  -lz -ljpeg -lm  >&5
configure:25297: $? = 0
configure:25315: result: yes
configure:25323: checking if TIFF package is complete
configure:25340: result: yes
configure:25358: checking tiffconf.h usability
configure:25375: gcc -std=gnu99 -c -g -O2  conftest.c >&5
configure:25381: $? = 0
configure:25395: result: yes
configure:25399: checking tiffconf.h presence
configure:25414: gcc -std=gnu99 -E  conftest.c
configure:25420: $? = 0
configure:25434: result: yes
configure:25462: checking for tiffconf.h
configure:25470: result: yes
configure:25726: creating ./config.status

## ---------------------- ##
## Running config.status. ##
## ---------------------- ##

This file was extended by lcms config.status 1.17, which was
generated by GNU Autoconf 2.61.  Invocation command line was

  CONFIG_FILES    = 
  CONFIG_HEADERS  = 
  CONFIG_LINKS    = 
  CONFIG_COMMANDS = 
  $ ./config.status 

on carlisia-imac-27-home.local

config.status:705: creating Makefile
config.status:705: creating lcms.pc
config.status:705: creating include/icc34.h
config.status:705: creating include/Makefile
config.status:705: creating jpegicc/Makefile
config.status:705: creating python/Makefile
config.status:705: creating samples/Makefile
config.status:705: creating testbed/Makefile
config.status:705: creating tifficc/Makefile
config.status:705: creating src/Makefile
config.status:896: executing depfiles commands

## ---------------- ##
## Cache variables. ##
## ---------------- ##

ac_cv_build=i386-apple-darwin10.2.0
ac_cv_c_bigendian=no
ac_cv_c_compiler_gnu=yes
ac_cv_c_inline=inline
ac_cv_cxx_compiler_gnu=yes
ac_cv_env_CCC_set=
ac_cv_env_CCC_value=
ac_cv_env_CC_set=
ac_cv_env_CC_value=
ac_cv_env_CFLAGS_set=
ac_cv_env_CFLAGS_value=
ac_cv_env_CPPFLAGS_set=
ac_cv_env_CPPFLAGS_value=
ac_cv_env_CPP_set=
ac_cv_env_CPP_value=
ac_cv_env_CXXCPP_set=
ac_cv_env_CXXCPP_value=
ac_cv_env_CXXFLAGS_set=
ac_cv_env_CXXFLAGS_value=
ac_cv_env_CXX_set=
ac_cv_env_CXX_value=
ac_cv_env_F77_set=
ac_cv_env_F77_value=
ac_cv_env_FFLAGS_set=
ac_cv_env_FFLAGS_value=
ac_cv_env_LDFLAGS_set=
ac_cv_env_LDFLAGS_value=
ac_cv_env_LIBS_set=
ac_cv_env_LIBS_value=
ac_cv_env_build_alias_set=
ac_cv_env_build_alias_value=
ac_cv_env_host_alias_set=
ac_cv_env_host_alias_value=
ac_cv_env_target_alias_set=
ac_cv_env_target_alias_value=
ac_cv_f77_compiler_gnu=no
ac_cv_header_dlfcn_h=yes
ac_cv_header_inttypes_h=yes
ac_cv_header_jconfig_h=yes
ac_cv_header_jerror_h=yes
ac_cv_header_jmorecfg_h=yes
ac_cv_header_jpeglib_h=yes
ac_cv_header_memory_h=yes
ac_cv_header_stdc=yes
ac_cv_header_stdint_h=yes
ac_cv_header_stdlib_h=yes
ac_cv_header_string_h=yes
ac_cv_header_strings_h=yes
ac_cv_header_sys_stat_h=yes
ac_cv_header_sys_types_h=yes
ac_cv_header_tiff_h=yes
ac_cv_header_tiffconf_h=yes
ac_cv_header_tiffio_h=yes
ac_cv_header_unistd_h=yes
ac_cv_header_zconf_h=yes
ac_cv_header_zlib_h=yes
ac_cv_host=i386-apple-darwin10.2.0
ac_cv_jpeg_version_ok=yes
ac_cv_lib_jpeg_jpeg_read_header=yes
ac_cv_lib_m_sqrt=yes
ac_cv_lib_tiff_TIFFClientOpen=yes
ac_cv_lib_tiff_TIFFIsByteSwapped=yes
ac_cv_lib_tiff_TIFFOpen=yes
ac_cv_lib_z_compress=yes
ac_cv_lib_z_deflate=yes
ac_cv_lib_z_gzseek=yes
ac_cv_lib_z_gztell=yes
ac_cv_lib_z_inflate=yes
ac_cv_lib_z_uncompress=yes
ac_cv_objext=o
ac_cv_path_EGREP='/usr/bin/grep -E'
ac_cv_path_GREP=/usr/bin/grep
ac_cv_path_install='/usr/bin/install -c'
ac_cv_prog_AWK=awk
ac_cv_prog_CPP='gcc -std=gnu99 -E'
ac_cv_prog_CXXCPP='g++ -E'
ac_cv_prog_ac_ct_AR=ar
ac_cv_prog_ac_ct_CC=gcc
ac_cv_prog_ac_ct_CXX=g++
ac_cv_prog_ac_ct_RANLIB=ranlib
ac_cv_prog_ac_ct_STRIP=strip
ac_cv_prog_cc_c89=
ac_cv_prog_cc_c99=-std=gnu99
ac_cv_prog_cc_g=yes
ac_cv_prog_cc_stdc=-std=gnu99
ac_cv_prog_cxx_g=yes
ac_cv_prog_f77_g=no
ac_cv_prog_make_make_set=yes
ac_cv_sizeof_int=4
ac_cv_sizeof_long=8
ac_cv_sizeof_long_long=8
ac_cv_sizeof_unsigned_int=4
ac_cv_sizeof_unsigned_long=8
ac_cv_sizeof_unsigned_long_long=8
ac_cv_target=i386-apple-darwin10.2.0
ac_cv_type_int=yes
ac_cv_type_long=yes
ac_cv_type_long_long=yes
ac_cv_type_unsigned_int=yes
ac_cv_type_unsigned_long=yes
ac_cv_type_unsigned_long_long=yes
am_cv_CC_dependencies_compiler_type=gcc3
am_cv_CXX_dependencies_compiler_type=gcc3
lt_cv_deplibs_check_method=pass_all
lt_cv_file_magic_cmd='$MAGIC_CMD'
lt_cv_file_magic_test_file=
lt_cv_ld_reload_flag=-r
lt_cv_objdir=.libs
lt_cv_path_LD=/usr/libexec/gcc/i686-apple-darwin10/4.2.1/ld
lt_cv_path_LDCXX=/usr/libexec/gcc/i686-apple-darwin10/4.2.1/ld
lt_cv_path_NM=/usr/bin/nm
lt_cv_path_SED=/usr/bin/sed
lt_cv_prog_compiler_c_o=yes
lt_cv_prog_compiler_c_o_CXX=yes
lt_cv_prog_compiler_rtti_exceptions=no
lt_cv_prog_gnu_ld=no
lt_cv_prog_gnu_ldcxx=no
lt_cv_sys_global_symbol_pipe='sed -n -e '\''s/^.*[ 	]\([BCDEGRST][BCDEGRST]*\)[ 	][ 	]*_\([_A-Za-z][_A-Za-z0-9]*\)$/\1 _\2 \2/p'\'''
lt_cv_sys_global_symbol_to_c_name_address='sed -n -e '\''s/^: \([^ ]*\) $/  {\"\1\", (lt_ptr) 0},/p'\'' -e '\''s/^[BCDEGRST] \([^ ]*\) \([^ ]*\)$/  {"\2", (lt_ptr) \&\2},/p'\'''
lt_cv_sys_global_symbol_to_cdecl='sed -n -e '\''s/^. .* \(.*\)$/extern int \1;/p'\'''
lt_cv_sys_max_cmd_len=196608
lt_lt_cv_prog_compiler_c_o='"yes"'
lt_lt_cv_prog_compiler_c_o_CXX='"yes"'
lt_lt_cv_sys_global_symbol_pipe='"sed -n -e '\''s/^.*[ 	]\\([BCDEGRST][BCDEGRST]*\\)[ 	][ 	]*_\\([_A-Za-z][_A-Za-z0-9]*\\)\$/\\1 _\\2 \\2/p'\''"'
lt_lt_cv_sys_global_symbol_to_c_name_address='"sed -n -e '\''s/^: \\([^ ]*\\) \$/  {\\\"\\1\\\", (lt_ptr) 0},/p'\'' -e '\''s/^[BCDEGRST] \\([^ ]*\\) \\([^ ]*\\)\$/  {\"\\2\", (lt_ptr) \\&\\2},/p'\''"'
lt_lt_cv_sys_global_symbol_to_cdecl='"sed -n -e '\''s/^. .* \\(.*\\)\$/extern int \\1;/p'\''"'

## ----------------- ##
## Output variables. ##
## ----------------- ##

ACLOCAL='${SHELL} /Users/carlisia/src/install/lcms-1.17/missing --run aclocal-1.10'
AMDEPBACKSLASH='\'
AMDEP_FALSE='#'
AMDEP_TRUE=''
AMTAR='${SHELL} /Users/carlisia/src/install/lcms-1.17/missing --run tar'
AR='ar'
AS='as'
AUTOCONF='${SHELL} /Users/carlisia/src/install/lcms-1.17/missing --run autoconf'
AUTOHEADER='${SHELL} /Users/carlisia/src/install/lcms-1.17/missing --run autoheader'
AUTOMAKE='${SHELL} /Users/carlisia/src/install/lcms-1.17/missing --run automake-1.10'
AWK='awk'
CC='gcc -std=gnu99'
CCDEPMODE='depmode=gcc3'
CFLAGS='-g -O2'
CPP='gcc -std=gnu99 -E'
CPPFLAGS=''
CXX='g++'
CXXCPP='g++ -E'
CXXDEPMODE='depmode=gcc3'
CXXFLAGS='-g -O2'
CYGPATH_W='echo'
DEFS='-DPACKAGE_NAME=\"lcms\" -DPACKAGE_TARNAME=\"lcms\" -DPACKAGE_VERSION=\"1.17\" -DPACKAGE_STRING=\"lcms\ 1.17\" -DPACKAGE_BUGREPORT=\"\" -DSTDC_HEADERS=1 -DHAVE_SYS_TYPES_H=1 -DHAVE_SYS_STAT_H=1 -DHAVE_STDLIB_H=1 -DHAVE_STRING_H=1 -DHAVE_MEMORY_H=1 -DHAVE_STRINGS_H=1 -DHAVE_INTTYPES_H=1 -DHAVE_STDINT_H=1 -DHAVE_UNISTD_H=1 -DHAVE_DLFCN_H=1 -DSIZEOF_INT=4 -DSIZEOF_UNSIGNED_INT=4 -DSIZEOF_LONG=8 -DSIZEOF_UNSIGNED_LONG=8 -DSIZEOF_LONG_LONG=8 -DSIZEOF_UNSIGNED_LONG_LONG=8 -DHasJPEG=1 -DHasZLIB=1 -DHasTIFF=1 -DHAVE_TIFFCONF_H=1'
DEPDIR='.deps'
DLLTOOL='dlltool'
ECHO='/bin/echo'
ECHO_C='ECHO_N=''
ECHO_T=''
EGREP='/usr/bin/grep -E'
EXEEXT=''
F77=''
FFLAGS=''
GREP='/usr/bin/grep'
HasJPEG_FALSE='#'
HasJPEG_TRUE=''
HasTIFF_FALSE='#'
HasTIFF_TRUE=''
HasZLIB_FALSE='#'
HasZLIB_TRUE=''
INSTALL_DATA='${INSTALL} -m 644'
INSTALL_PROGRAM='${INSTALL}'
INSTALL_SCRIPT='${INSTALL}'
INSTALL_STRIP_PROGRAM='$(install_sh) -c -s'
INT16_T='short'
INT32_T='int'
INT64_T='long'
INT8_T='char'
JPEGICC_DEPLIBS='-ljpeg -lm'
LCMS_LIB_DEPLIBS='-lm'
LCMS_PYEXECDIR=''
LCMS_PYINCLUDE=''
LCMS_PYLIB=''
LD='/usr/libexec/gcc/i686-apple-darwin10/4.2.1/ld'
LDFLAGS=''
LIBOBJS=''
LIBRARY_AGE='0'
LIBRARY_CURRENT='1'
LIBRARY_REVISION='16'
LIBS=''
LIBTOOL='$(SHELL) $(top_builddir)/libtool'
LIBTOOL_DEPS='./ltmain.sh'
LIB_JPEG='-ljpeg'
LIB_MATH='-lm'
LIB_TIFF='-ltiff'
LIB_ZLIB='-lz'
LN_S='ln -s'
LTLIBOBJS=''
MAINT='#'
MAINTAINER_MODE_FALSE=''
MAINTAINER_MODE_TRUE='#'
MAKEINFO='${SHELL} /Users/carlisia/src/install/lcms-1.17/missing --run makeinfo'
OBJDUMP='objdump'
OBJEXT='o'
PACKAGE='lcms'
PACKAGE_BUGREPORT=''
PACKAGE_NAME='lcms'
PACKAGE_STRING='lcms 1.17'
PACKAGE_TARNAME='lcms'
PACKAGE_VERSION='1.17'
PATH_SEPARATOR=':'
PYTHON=''
PYTHON_EXEC_PREFIX=''
PYTHON_PLATFORM=''
PYTHON_PREFIX=''
PYTHON_VERSION=''
RANLIB='ranlib'
SED='/usr/bin/sed'
SET_MAKE=''
SHELL='/bin/sh'
STRIP='strip'
SUPPORT_PYTHON_FALSE=''
SUPPORT_PYTHON_TRUE='#'
TIFFICC_DEPLIBS='-ltiff -ljpeg -lz -lm'
UINT16_T='unsigned short'
UINT32_T='unsigned int'
UINT64_T='unsigned long'
UINT8_T='unsigned char'
VERSION='1.17'
ac_ct_CC='gcc'
ac_ct_CXX='g++'
ac_ct_F77=''
am__fastdepCC_FALSE='#'
am__fastdepCC_TRUE=''
am__fastdepCXX_FALSE='#'
am__fastdepCXX_TRUE=''
am__include='include'
am__isrc=''
am__leading_dot='.'
am__quote=''
am__tar='${AMTAR} chof - "$$tardir"'
am__untar='${AMTAR} xf -'
bindir='${exec_prefix}/bin'
build='i386-apple-darwin10.2.0'
build_alias=''
build_cpu='i386'
build_os='darwin10.2.0'
build_vendor='apple'
datadir='${datarootdir}'
datarootdir='${prefix}/share'
docdir='${datarootdir}/doc/${PACKAGE_TARNAME}'
dvidir='${docdir}'
exec_prefix='${prefix}'
host='i386-apple-darwin10.2.0'
host_alias=''
host_cpu='i386'
host_os='darwin10.2.0'
host_vendor='apple'
htmldir='${docdir}'
includedir='${prefix}/include'
infodir='${datarootdir}/info'
inline=''
install_sh='$(SHELL) /Users/carlisia/src/install/lcms-1.17/install-sh'
libdir='${exec_prefix}/lib'
libexecdir='${exec_prefix}/libexec'
localedir='${datarootdir}/locale'
localstatedir='${prefix}/var'
mandir='${datarootdir}/man'
mkdir_p='$(top_builddir)/./install-sh -c -d'
oldincludedir='/usr/include'
pdfdir='${docdir}'
pkgpyexecdir=''
pkgpythondir=''
prefix='/usr/local'
program_transform_name='s,x,x,'
psdir='${docdir}'
pyexecdir=''
pythondir=''
sbindir='${exec_prefix}/sbin'
sharedstatedir='${prefix}/com'
sysconfdir='${prefix}/etc'
target='i386-apple-darwin10.2.0'
target_alias=''
target_cpu='i386'
target_os='darwin10.2.0'
target_vendor='apple'

## ----------- ##
## confdefs.h. ##
## ----------- ##

#define PACKAGE_NAME "lcms"
#define PACKAGE_TARNAME "lcms"
#define PACKAGE_VERSION "1.17"
#define PACKAGE_STRING "lcms 1.17"
#define PACKAGE_BUGREPORT ""
#define STDC_HEADERS 1
#define HAVE_SYS_TYPES_H 1
#define HAVE_SYS_STAT_H 1
#define HAVE_STDLIB_H 1
#define HAVE_STRING_H 1
#define HAVE_MEMORY_H 1
#define HAVE_STRINGS_H 1
#define HAVE_INTTYPES_H 1
#define HAVE_STDINT_H 1
#define HAVE_UNISTD_H 1
#define HAVE_DLFCN_H 1
#define SIZEOF_INT 4
#define SIZEOF_UNSIGNED_INT 4
#define SIZEOF_LONG 8
#define SIZEOF_UNSIGNED_LONG 8
#define SIZEOF_LONG_LONG 8
#define SIZEOF_UNSIGNED_LONG_LONG 8
#define HasJPEG 1
#define HasZLIB 1
#define HasTIFF 1
#define HAVE_TIFFCONF_H 1

configure: exit 0
