This file contains any messages produced by compilers while
running configure, to aid debugging if configure makes a mistake.

It was created by LibTIFF Software configure 3.8.2, which was
generated by GNU Autoconf 2.59.  Invocation command line was

  $ ./configure --prefix=/usr/local

## --------- ##
## Platform. ##
## --------- ##

hostname = carlisia-imac-27-home.local
uname -m = i386
uname -r = 10.2.0
uname -s = Darwin
uname -v = Darwin Kernel Version 10.2.0: Tue Nov  3 23:08:29 PST 2009; root:xnu-1486.2.11~3/RELEASE_I386

/usr/bin/uname -p = i386
/bin/uname -X     = unknown

/bin/arch              = unknown
/usr/bin/arch -k       = unknown
/usr/convex/getsysinfo = unknown
hostinfo               = Mach kernel version:
	 Darwin Kernel Version 10.2.0: Tue Nov  3 23:08:29 PST 2009; root:xnu-1486.2.11~3/RELEASE_I386
Kernel configured for up to 8 processors.
4 processors are physically available.
8 processors are logically available.
Processor type: i486 (Intel 80486)
Processors active: 0 1 2 3 4 5 6 7
Primary memory available: 8.00 gigabytes
Default processor set: 76 tasks, 385 threads, 8 processors
Load average: 1.43, Mach factor: 6.55
/bin/machine           = unknown
/usr/bin/oslevel       = unknown
/bin/universe          = unknown

PATH: /usr/local/bin
PATH: /usr/local/sbin
PATH: /usr/bin
PATH: /bin
PATH: /usr/sbin
PATH: /sbin
PATH: /usr/local/bin
PATH: /usr/local/git/bin
PATH: /usr/X11/bin
PATH: /usr/local/mysql/bin


## ----------- ##
## Core tests. ##
## ----------- ##

configure:1597: checking build system type
configure:1615: result: i386-apple-darwin10.2.0
configure:1623: checking host system type
configure:1637: result: i386-apple-darwin10.2.0
configure:1645: checking target system type
configure:1659: result: i386-apple-darwin10.2.0
configure:1688: checking for a BSD-compatible install
configure:1743: result: /usr/bin/install -c
configure:1754: checking whether build environment is sane
configure:1797: result: yes
configure:1862: checking for gawk
configure:1891: result: no
configure:1862: checking for mawk
configure:1891: result: no
configure:1862: checking for nawk
configure:1891: result: no
configure:1862: checking for awk
configure:1878: found /usr/bin/awk
configure:1888: result: awk
configure:1898: checking whether make sets $(MAKE)
configure:1918: result: yes
configure:2086: checking whether to enable maintainer-specific portions of Makefiles
configure:2095: result: no
configure:2185: checking for gcc
configure:2201: found /usr/bin/gcc
configure:2211: result: gcc
configure:2455: checking for C compiler version
configure:2458: gcc --version </dev/null >&5
i686-apple-darwin10-gcc-4.2.1 (GCC) 4.2.1 (Apple Inc. build 5646)
Copyright (C) 2007 Free Software Foundation, Inc.
This is free software; see the source for copying conditions.  There is NO
warranty; not even for MERCHANTABILITY or FITNESS FOR A PARTICULAR PURPOSE.

configure:2461: $? = 0
configure:2463: gcc -v </dev/null >&5
Using built-in specs.
Target: i686-apple-darwin10
Configured with: /var/tmp/gcc/gcc-5646~6/src/configure --disable-checking --enable-werror --prefix=/usr --mandir=/share/man --enable-languages=c,objc,c++,obj-c++ --program-transform-name=/^[cg][^.-]*$/s/$/-4.2/ --with-slibdir=/usr/lib --build=i686-apple-darwin10 --with-gxx-include-dir=/include/c++/4.2.1 --program-prefix=i686-apple-darwin10- --host=x86_64-apple-darwin10 --target=i686-apple-darwin10
Thread model: posix
gcc version 4.2.1 (Apple Inc. build 5646)
configure:2466: $? = 0
configure:2468: gcc -V </dev/null >&5
gcc-4.2: argument to `-V' is missing
configure:2471: $? = 1
configure:2494: checking for C compiler default output file name
configure:2497: gcc    conftest.c  >&5
configure:2500: $? = 0
configure:2546: result: a.out
configure:2551: checking whether the C compiler works
configure:2557: ./a.out
configure:2560: $? = 0
configure:2577: result: yes
configure:2584: checking whether we are cross compiling
configure:2586: result: no
configure:2589: checking for suffix of executables
configure:2591: gcc -o conftest    conftest.c  >&5
configure:2594: $? = 0
configure:2619: result: 
configure:2625: checking for suffix of object files
configure:2646: gcc -c   conftest.c >&5
configure:2649: $? = 0
configure:2671: result: o
configure:2675: checking whether we are using the GNU C compiler
configure:2699: gcc -c   conftest.c >&5
configure:2705: $? = 0
configure:2708: test -z 			 || test ! -s conftest.err
configure:2711: $? = 0
configure:2714: test -s conftest.o
configure:2717: $? = 0
configure:2730: result: yes
configure:2736: checking whether gcc accepts -g
configure:2757: gcc -c -g  conftest.c >&5
configure:2763: $? = 0
configure:2766: test -z 			 || test ! -s conftest.err
configure:2769: $? = 0
configure:2772: test -s conftest.o
configure:2775: $? = 0
configure:2786: result: yes
configure:2803: checking for gcc option to accept ANSI C
configure:2873: gcc  -c -g -O2  conftest.c >&5
configure:2879: $? = 0
configure:2882: test -z 			 || test ! -s conftest.err
configure:2885: $? = 0
configure:2888: test -s conftest.o
configure:2891: $? = 0
configure:2909: result: none needed
configure:2927: gcc -c -g -O2  conftest.c >&5
conftest.c:2: error: expected '=', ',', ';', 'asm' or '__attribute__' before 'me'
configure:2933: $? = 1
configure: failed program was:
| #ifndef __cplusplus
|   choke me
| #endif
configure:3074: checking for style of include used by make
configure:3102: result: GNU
configure:3130: checking dependency style of gcc
configure:3220: result: gcc3
configure:3238: checking whether gcc and cc understand -c and -o together
configure:3268: gcc -c conftest.c -o conftest.o >&5
configure:3271: $? = 0
configure:3273: gcc -c conftest.c -o conftest.o >&5
configure:3276: $? = 0
configure:3283: cc -c conftest.c >&5
configure:3286: $? = 0
configure:3289: cc -c conftest.c -o conftest.o >&5
configure:3292: $? = 0
configure:3294: cc -c conftest.c -o conftest.o >&5
configure:3297: $? = 0
configure:3315: result: yes
configure:3348: checking for C compiler warning flags
configure:3440: result: -Wall -W
configure:3457: checking for a BSD-compatible install
configure:3512: result: /usr/bin/install -c
configure:3523: checking whether ln -s works
configure:3527: result: yes
configure:3670: checking for a sed that does not truncate output
configure:3725: result: /usr/bin/sed
configure:3740: checking for egrep
configure:3750: result: grep -E
configure:3755: checking for fgrep
configure:3765: result: grep -F
configure:3800: checking for ld used by gcc
configure:3867: result: /usr/libexec/gcc/i686-apple-darwin10/4.2.1/ld
configure:3876: checking if the linker (/usr/libexec/gcc/i686-apple-darwin10/4.2.1/ld) is GNU ld
configure:3891: result: no
configure:3904: checking for BSD- or MS-compatible name lister (nm)
configure:3953: result: /usr/bin/nm
configure:4058: checking the name lister (/usr/bin/nm) interface
configure:4065: gcc -c -g -O2 -Wall -W  conftest.c >&5
configure:4068: /usr/bin/nm "conftest.o"
configure:4071: output
0000000000000184 D _some_variable
configure:4078: result: BSD nm
configure:4082: checking the maximum length of command line arguments
configure:4196: result: 196608
configure:4214: checking whether the shell understands some XSI constructs
configure:4222: result: yes
configure:4226: checking for /usr/libexec/gcc/i686-apple-darwin10/4.2.1/ld option to reload object files
configure:4233: result: -r
configure:4260: checking how to recognise dependent libraries
configure:4444: result: pass_all
configure:4502: checking for ar
configure:4518: found /usr/bin/ar
configure:4529: result: ar
configure:4595: checking for strip
configure:4611: found /usr/bin/strip
configure:4622: result: strip
configure:4682: checking for ranlib
configure:4698: found /usr/bin/ranlib
configure:4709: result: ranlib
configure:4789: checking command to parse /usr/bin/nm output from gcc object
configure:4905: gcc -c -g -O2 -Wall -W  conftest.c >&5
configure:4908: $? = 0
configure:4912: /usr/bin/nm conftest.o \| sed -n -e 's/^.*[ 	]\([BCDEGRST][BCDEGRST]*\)[ 	][ 	]*\([_A-Za-z][_A-Za-z0-9]*\)$/\1 \2 \2/p' \> conftest.nm
configure:4915: $? = 0
cannot find nm_test_var in conftest.nm
configure:4905: gcc -c -g -O2 -Wall -W  conftest.c >&5
configure:4908: $? = 0
configure:4912: /usr/bin/nm conftest.o \| sed -n -e 's/^.*[ 	]\([BCDEGRST][BCDEGRST]*\)[ 	][ 	]*_\([_A-Za-z][_A-Za-z0-9]*\)$/\1 _\2 \2/p' \> conftest.nm
configure:4915: $? = 0
configure:4969: gcc -o conftest -g -O2 -Wall -W   conftest.c conftstm.o >&5
configure:4972: $? = 0
configure:5010: result: ok
configure:5245: checking how to run the C preprocessor
configure:5280: gcc -E  conftest.c
configure:5286: $? = 0
configure:5318: gcc -E  conftest.c
conftest.c:11:28: error: ac_nonexistent.h: No such file or directory
configure:5324: $? = 1
configure: failed program was:
| /* confdefs.h.  */
| 
| #define PACKAGE_NAME "LibTIFF Software"
| #define PACKAGE_TARNAME "tiff"
| #define PACKAGE_VERSION "3.8.2"
| #define PACKAGE_STRING "LibTIFF Software 3.8.2"
| #define PACKAGE_BUGREPORT "tiff@lists.maptools.org"
| #define PACKAGE "tiff"
| #define VERSION "3.8.2"
| /* end confdefs.h.  */
| #include <ac_nonexistent.h>
configure:5363: result: gcc -E
configure:5387: gcc -E  conftest.c
configure:5393: $? = 0
configure:5425: gcc -E  conftest.c
conftest.c:11:28: error: ac_nonexistent.h: No such file or directory
configure:5431: $? = 1
configure: failed program was:
| /* confdefs.h.  */
| 
| #define PACKAGE_NAME "LibTIFF Software"
| #define PACKAGE_TARNAME "tiff"
| #define PACKAGE_VERSION "3.8.2"
| #define PACKAGE_STRING "LibTIFF Software 3.8.2"
| #define PACKAGE_BUGREPORT "tiff@lists.maptools.org"
| #define PACKAGE "tiff"
| #define VERSION "3.8.2"
| /* end confdefs.h.  */
| #include <ac_nonexistent.h>
configure:5475: checking for ANSI C header files
configure:5500: gcc -c -g -O2 -Wall -W  conftest.c >&5
configure:5506: $? = 0
configure:5509: test -z 			 || test ! -s conftest.err
configure:5512: $? = 0
configure:5515: test -s conftest.o
configure:5518: $? = 0
configure:5607: gcc -o conftest -g -O2 -Wall -W   conftest.c  >&5
conftest.c: In function 'main':
conftest.c:28: warning: implicit declaration of function 'exit'
conftest.c:28: warning: incompatible implicit declaration of built-in function 'exit'
configure:5610: $? = 0
configure:5612: ./conftest
configure:5615: $? = 0
configure:5630: result: yes
configure:5654: checking for sys/types.h
configure:5670: gcc -c -g -O2 -Wall -W  conftest.c >&5
configure:5676: $? = 0
configure:5679: test -z 			 || test ! -s conftest.err
configure:5682: $? = 0
configure:5685: test -s conftest.o
configure:5688: $? = 0
configure:5699: result: yes
configure:5654: checking for sys/stat.h
configure:5670: gcc -c -g -O2 -Wall -W  conftest.c >&5
configure:5676: $? = 0
configure:5679: test -z 			 || test ! -s conftest.err
configure:5682: $? = 0
configure:5685: test -s conftest.o
configure:5688: $? = 0
configure:5699: result: yes
configure:5654: checking for stdlib.h
configure:5670: gcc -c -g -O2 -Wall -W  conftest.c >&5
configure:5676: $? = 0
configure:5679: test -z 			 || test ! -s conftest.err
configure:5682: $? = 0
configure:5685: test -s conftest.o
configure:5688: $? = 0
configure:5699: result: yes
configure:5654: checking for string.h
configure:5670: gcc -c -g -O2 -Wall -W  conftest.c >&5
configure:5676: $? = 0
configure:5679: test -z 			 || test ! -s conftest.err
configure:5682: $? = 0
configure:5685: test -s conftest.o
configure:5688: $? = 0
configure:5699: result: yes
configure:5654: checking for memory.h
configure:5670: gcc -c -g -O2 -Wall -W  conftest.c >&5
configure:5676: $? = 0
configure:5679: test -z 			 || test ! -s conftest.err
configure:5682: $? = 0
configure:5685: test -s conftest.o
configure:5688: $? = 0
configure:5699: result: yes
configure:5654: checking for strings.h
configure:5670: gcc -c -g -O2 -Wall -W  conftest.c >&5
configure:5676: $? = 0
configure:5679: test -z 			 || test ! -s conftest.err
configure:5682: $? = 0
configure:5685: test -s conftest.o
configure:5688: $? = 0
configure:5699: result: yes
configure:5654: checking for inttypes.h
configure:5670: gcc -c -g -O2 -Wall -W  conftest.c >&5
configure:5676: $? = 0
configure:5679: test -z 			 || test ! -s conftest.err
configure:5682: $? = 0
configure:5685: test -s conftest.o
configure:5688: $? = 0
configure:5699: result: yes
configure:5654: checking for stdint.h
configure:5670: gcc -c -g -O2 -Wall -W  conftest.c >&5
configure:5676: $? = 0
configure:5679: test -z 			 || test ! -s conftest.err
configure:5682: $? = 0
configure:5685: test -s conftest.o
configure:5688: $? = 0
configure:5699: result: yes
configure:5654: checking for unistd.h
configure:5670: gcc -c -g -O2 -Wall -W  conftest.c >&5
configure:5676: $? = 0
configure:5679: test -z 			 || test ! -s conftest.err
configure:5682: $? = 0
configure:5685: test -s conftest.o
configure:5688: $? = 0
configure:5699: result: yes
configure:5715: checking for dlfcn.h
configure:5731: gcc -c -g -O2 -Wall -W  conftest.c >&5
configure:5737: $? = 0
configure:5740: test -z 			 || test ! -s conftest.err
configure:5743: $? = 0
configure:5746: test -s conftest.o
configure:5749: $? = 0
configure:5760: result: yes
configure:5822: checking for objdir
configure:5837: result: .libs
configure:6134: checking if gcc supports -fno-rtti -fno-exceptions
configure:6152: gcc -c -g -O2 -Wall -W  -fno-rtti -fno-exceptions conftest.c >&5
cc1: warning: command line option "-fno-rtti" is valid for C++/ObjC++ but not for C
configure:6156: $? = 0
configure:6169: result: no
configure:6189: checking for gcc option to produce PIC
configure:6426: result: -fno-common -DPIC
configure:6438: checking if gcc PIC flag -fno-common -DPIC works
configure:6456: gcc -c -g -O2 -Wall -W  -fno-common -DPIC -DPIC conftest.c >&5
configure:6460: $? = 0
configure:6473: result: yes
configure:6497: checking if gcc static flag -static works
configure:6525: result: no
configure:6540: checking if gcc supports -c -o file.o
configure:6561: gcc -c -g -O2 -Wall -W  -o out/conftest2.o conftest.c >&5
configure:6565: $? = 0
configure:6587: result: yes
configure:6595: checking if gcc supports -c -o file.o
configure:6642: result: yes
configure:6675: checking whether the gcc linker (/usr/libexec/gcc/i686-apple-darwin10/4.2.1/ld) supports shared libraries
configure:7735: result: yes
configure:7964: checking dynamic linker characteristics
configure:8575: result: darwin10.2.0 dyld
configure:8670: checking how to hardcode library paths into programs
configure:8695: result: immediate
configure:9534: checking whether stripping libraries is possible
configure:9548: result: yes
configure:9574: checking if libtool supports shared libraries
configure:9576: result: yes
configure:9579: checking whether to build shared libraries
configure:9600: result: yes
configure:9603: checking whether to build static libraries
configure:9607: result: yes
configure:9911: checking for main in -lc
configure:9935: gcc -o conftest -g -O2 -Wall -W   conftest.c -lc   >&5
configure:9941: $? = 0
configure:9944: test -z 			 || test ! -s conftest.err
configure:9947: $? = 0
configure:9950: test -s conftest
configure:9953: $? = 0
configure:9966: result: yes
configure:10072: checking assert.h usability
configure:10084: gcc -c -g -O2 -Wall -W  conftest.c >&5
configure:10090: $? = 0
configure:10093: test -z 			 || test ! -s conftest.err
configure:10096: $? = 0
configure:10099: test -s conftest.o
configure:10102: $? = 0
configure:10112: result: yes
configure:10116: checking assert.h presence
configure:10126: gcc -E  conftest.c
configure:10132: $? = 0
configure:10152: result: yes
configure:10187: checking for assert.h
configure:10194: result: yes
configure:10072: checking fcntl.h usability
configure:10084: gcc -c -g -O2 -Wall -W  conftest.c >&5
configure:10090: $? = 0
configure:10093: test -z 			 || test ! -s conftest.err
configure:10096: $? = 0
configure:10099: test -s conftest.o
configure:10102: $? = 0
configure:10112: result: yes
configure:10116: checking fcntl.h presence
configure:10126: gcc -E  conftest.c
configure:10132: $? = 0
configure:10152: result: yes
configure:10187: checking for fcntl.h
configure:10194: result: yes
configure:10072: checking limits.h usability
configure:10084: gcc -c -g -O2 -Wall -W  conftest.c >&5
configure:10090: $? = 0
configure:10093: test -z 			 || test ! -s conftest.err
configure:10096: $? = 0
configure:10099: test -s conftest.o
configure:10102: $? = 0
configure:10112: result: yes
configure:10116: checking limits.h presence
configure:10126: gcc -E  conftest.c
configure:10132: $? = 0
configure:10152: result: yes
configure:10187: checking for limits.h
configure:10194: result: yes
configure:10072: checking malloc.h usability
configure:10084: gcc -c -g -O2 -Wall -W  conftest.c >&5
conftest.c:61:20: error: malloc.h: No such file or directory
configure:10090: $? = 1
configure: failed program was:
| /* confdefs.h.  */
| 
| #define PACKAGE_NAME "LibTIFF Software"
| #define PACKAGE_TARNAME "tiff"
| #define PACKAGE_VERSION "3.8.2"
| #define PACKAGE_STRING "LibTIFF Software 3.8.2"
| #define PACKAGE_BUGREPORT "tiff@lists.maptools.org"
| #define PACKAGE "tiff"
| #define VERSION "3.8.2"
| #define STDC_HEADERS 1
| #define HAVE_SYS_TYPES_H 1
| #define HAVE_SYS_STAT_H 1
| #define HAVE_STDLIB_H 1
| #define HAVE_STRING_H 1
| #define HAVE_MEMORY_H 1
| #define HAVE_STRINGS_H 1
| #define HAVE_INTTYPES_H 1
| #define HAVE_STDINT_H 1
| #define HAVE_UNISTD_H 1
| #define HAVE_DLFCN_H 1
| #define LT_OBJDIR ".libs/"
| #define HAVE_LIBC 1
| #define HAVE_ASSERT_H 1
| #define HAVE_FCNTL_H 1
| #define HAVE_LIMITS_H 1
| /* end confdefs.h.  */
| #include <stdio.h>
| #if HAVE_SYS_TYPES_H
| # include <sys/types.h>
| #endif
| #if HAVE_SYS_STAT_H
| # include <sys/stat.h>
| #endif
| #if STDC_HEADERS
| # include <stdlib.h>
| # include <stddef.h>
| #else
| # if HAVE_STDLIB_H
| #  include <stdlib.h>
| # endif
| #endif
| #if HAVE_STRING_H
| # if !STDC_HEADERS && HAVE_MEMORY_H
| #  include <memory.h>
| # endif
| # include <string.h>
| #endif
| #if HAVE_STRINGS_H
| # include <strings.h>
| #endif
| #if HAVE_INTTYPES_H
| # include <inttypes.h>
| #else
| # if HAVE_STDINT_H
| #  include <stdint.h>
| # endif
| #endif
| #if HAVE_UNISTD_H
| # include <unistd.h>
| #endif
| #include <malloc.h>
configure:10112: result: no
configure:10116: checking malloc.h presence
configure:10126: gcc -E  conftest.c
conftest.c:27:20: error: malloc.h: No such file or directory
configure:10132: $? = 1
configure: failed program was:
| /* confdefs.h.  */
| 
| #define PACKAGE_NAME "LibTIFF Software"
| #define PACKAGE_TARNAME "tiff"
| #define PACKAGE_VERSION "3.8.2"
| #define PACKAGE_STRING "LibTIFF Software 3.8.2"
| #define PACKAGE_BUGREPORT "tiff@lists.maptools.org"
| #define PACKAGE "tiff"
| #define VERSION "3.8.2"
| #define STDC_HEADERS 1
| #define HAVE_SYS_TYPES_H 1
| #define HAVE_SYS_STAT_H 1
| #define HAVE_STDLIB_H 1
| #define HAVE_STRING_H 1
| #define HAVE_MEMORY_H 1
| #define HAVE_STRINGS_H 1
| #define HAVE_INTTYPES_H 1
| #define HAVE_STDINT_H 1
| #define HAVE_UNISTD_H 1
| #define HAVE_DLFCN_H 1
| #define LT_OBJDIR ".libs/"
| #define HAVE_LIBC 1
| #define HAVE_ASSERT_H 1
| #define HAVE_FCNTL_H 1
| #define HAVE_LIMITS_H 1
| /* end confdefs.h.  */
| #include <malloc.h>
configure:10152: result: no
configure:10187: checking for malloc.h
configure:10194: result: no
configure:10072: checking search.h usability
configure:10084: gcc -c -g -O2 -Wall -W  conftest.c >&5
configure:10090: $? = 0
configure:10093: test -z 			 || test ! -s conftest.err
configure:10096: $? = 0
configure:10099: test -s conftest.o
configure:10102: $? = 0
configure:10112: result: yes
configure:10116: checking search.h presence
configure:10126: gcc -E  conftest.c
configure:10132: $? = 0
configure:10152: result: yes
configure:10187: checking for search.h
configure:10194: result: yes
configure:10072: checking sys/time.h usability
configure:10084: gcc -c -g -O2 -Wall -W  conftest.c >&5
configure:10090: $? = 0
configure:10093: test -z 			 || test ! -s conftest.err
configure:10096: $? = 0
configure:10099: test -s conftest.o
configure:10102: $? = 0
configure:10112: result: yes
configure:10116: checking sys/time.h presence
configure:10126: gcc -E  conftest.c
configure:10132: $? = 0
configure:10152: result: yes
configure:10187: checking for sys/time.h
configure:10194: result: yes
configure:10063: checking for unistd.h
configure:10068: result: yes
configure:10208: checking for an ANSI C-conforming const
configure:10275: gcc -c -g -O2 -Wall -W  conftest.c >&5
conftest.c: In function 'main':
conftest.c:57: warning: unused variable 's'
conftest.c:77: warning: unused variable 'foo'
conftest.c:44: warning: unused variable 'zero'
conftest.c:38: warning: unused variable 'x'
conftest.c:59: warning: 't' is used uninitialized in this function
conftest.c:74: warning: 'b' is used uninitialized in this function
configure:10281: $? = 0
configure:10284: test -z 			 || test ! -s conftest.err
configure:10287: $? = 0
configure:10290: test -s conftest.o
configure:10293: $? = 0
configure:10304: result: yes
configure:10314: checking for inline
configure:10335: gcc -c -g -O2 -Wall -W  conftest.c >&5
configure:10341: $? = 0
configure:10344: test -z 			 || test ! -s conftest.err
configure:10347: $? = 0
configure:10350: test -s conftest.o
configure:10353: $? = 0
configure:10365: result: inline
configure:10384: checking whether byte ordering is bigendian
configure:10411: gcc -c -g -O2 -Wall -W  conftest.c >&5
configure:10417: $? = 0
configure:10420: test -z 			 || test ! -s conftest.err
configure:10423: $? = 0
configure:10426: test -s conftest.o
configure:10429: $? = 0
configure:10453: gcc -c -g -O2 -Wall -W  conftest.c >&5
conftest.c: In function 'main':
conftest.c:37: error: 'not' undeclared (first use in this function)
conftest.c:37: error: (Each undeclared identifier is reported only once
conftest.c:37: error: for each function it appears in.)
conftest.c:37: error: expected ';' before 'big'
configure:10459: $? = 1
configure: failed program was:
| /* confdefs.h.  */
| 
| #define PACKAGE_NAME "LibTIFF Software"
| #define PACKAGE_TARNAME "tiff"
| #define PACKAGE_VERSION "3.8.2"
| #define PACKAGE_STRING "LibTIFF Software 3.8.2"
| #define PACKAGE_BUGREPORT "tiff@lists.maptools.org"
| #define PACKAGE "tiff"
| #define VERSION "3.8.2"
| #define STDC_HEADERS 1
| #define HAVE_SYS_TYPES_H 1
| #define HAVE_SYS_STAT_H 1
| #define HAVE_STDLIB_H 1
| #define HAVE_STRING_H 1
| #define HAVE_MEMORY_H 1
| #define HAVE_STRINGS_H 1
| #define HAVE_INTTYPES_H 1
| #define HAVE_STDINT_H 1
| #define HAVE_UNISTD_H 1
| #define HAVE_DLFCN_H 1
| #define LT_OBJDIR ".libs/"
| #define HAVE_LIBC 1
| #define HAVE_ASSERT_H 1
| #define HAVE_FCNTL_H 1
| #define HAVE_LIMITS_H 1
| #define HAVE_SEARCH_H 1
| #define HAVE_SYS_TIME_H 1
| #define HAVE_UNISTD_H 1
| /* end confdefs.h.  */
| #include <sys/types.h>
| #include <sys/param.h>
| 
| int
| main ()
| {
| #if BYTE_ORDER != BIG_ENDIAN
|  not big endian
| #endif
| 
|   ;
|   return 0;
| }
configure:10592: result: no
configure:10611: checking for off_t
configure:10635: gcc -c -g -O2 -Wall -W  conftest.c >&5
configure:10641: $? = 0
configure:10644: test -z 			 || test ! -s conftest.err
configure:10647: $? = 0
configure:10650: test -s conftest.o
configure:10653: $? = 0
configure:10664: result: yes
configure:10676: checking for size_t
configure:10700: gcc -c -g -O2 -Wall -W  conftest.c >&5
configure:10706: $? = 0
configure:10709: test -z 			 || test ! -s conftest.err
configure:10712: $? = 0
configure:10715: test -s conftest.o
configure:10718: $? = 0
configure:10729: result: yes
configure:10741: checking for int
configure:10765: gcc -c -g -O2 -Wall -W  conftest.c >&5
configure:10771: $? = 0
configure:10774: test -z 			 || test ! -s conftest.err
configure:10777: $? = 0
configure:10780: test -s conftest.o
configure:10783: $? = 0
configure:10794: result: yes
configure:10797: checking size of int
configure:11109: gcc -o conftest -g -O2 -Wall -W   conftest.c -lc  >&5
configure:11112: $? = 0
configure:11114: ./conftest
configure:11117: $? = 0
configure:11140: result: 4
configure:11147: checking for long
configure:11171: gcc -c -g -O2 -Wall -W  conftest.c >&5
configure:11177: $? = 0
configure:11180: test -z 			 || test ! -s conftest.err
configure:11183: $? = 0
configure:11186: test -s conftest.o
configure:11189: $? = 0
configure:11200: result: yes
configure:11203: checking size of long
configure:11515: gcc -o conftest -g -O2 -Wall -W   conftest.c -lc  >&5
configure:11518: $? = 0
configure:11520: ./conftest
configure:11523: $? = 0
configure:11546: result: 8
configure:11553: checking whether time.h and sys/time.h may both be included
configure:11578: gcc -c -g -O2 -Wall -W  conftest.c >&5
configure:11584: $? = 0
configure:11587: test -z 			 || test ! -s conftest.err
configure:11590: $? = 0
configure:11593: test -s conftest.o
configure:11596: $? = 0
configure:11607: result: yes
configure:11617: checking whether struct tm is in sys/time.h or time.h
configure:11640: gcc -c -g -O2 -Wall -W  conftest.c >&5
conftest.c: In function 'main':
conftest.c:39: warning: statement with no effect
configure:11646: $? = 0
configure:11649: test -z 			 || test ! -s conftest.err
configure:11652: $? = 0
configure:11655: test -s conftest.o
configure:11658: $? = 0
configure:11669: result: time.h
configure:11679: checking for int8
configure:11708: gcc -c -g -O2 -Wall -W  conftest.c >&5
conftest.c: In function 'main':
conftest.c:42: error: 'int8' undeclared (first use in this function)
conftest.c:42: error: (Each undeclared identifier is reported only once
conftest.c:42: error: for each function it appears in.)
conftest.c:42: error: expected expression before ')' token
configure:11714: $? = 1
configure: failed program was:
| /* confdefs.h.  */
| 
| #define PACKAGE_NAME "LibTIFF Software"
| #define PACKAGE_TARNAME "tiff"
| #define PACKAGE_VERSION "3.8.2"
| #define PACKAGE_STRING "LibTIFF Software 3.8.2"
| #define PACKAGE_BUGREPORT "tiff@lists.maptools.org"
| #define PACKAGE "tiff"
| #define VERSION "3.8.2"
| #define STDC_HEADERS 1
| #define HAVE_SYS_TYPES_H 1
| #define HAVE_SYS_STAT_H 1
| #define HAVE_STDLIB_H 1
| #define HAVE_STRING_H 1
| #define HAVE_MEMORY_H 1
| #define HAVE_STRINGS_H 1
| #define HAVE_INTTYPES_H 1
| #define HAVE_STDINT_H 1
| #define HAVE_UNISTD_H 1
| #define HAVE_DLFCN_H 1
| #define LT_OBJDIR ".libs/"
| #define HAVE_LIBC 1
| #define HAVE_ASSERT_H 1
| #define HAVE_FCNTL_H 1
| #define HAVE_LIMITS_H 1
| #define HAVE_SEARCH_H 1
| #define HAVE_SYS_TIME_H 1
| #define HAVE_UNISTD_H 1
| #define SIZEOF_INT 4
| #define SIZEOF_LONG 8
| #define TIME_WITH_SYS_TIME 1
| /* end confdefs.h.  */
| 
| #if HAVE_INTTYPES_H
| # include <inttypes.h>
| #endif
| 
| 
| int
| main ()
| {
| if ((int8 *) 0)
|   return 0;
| if (sizeof (int8))
|   return 0;
|   ;
|   return 0;
| }
configure:11737: result: no
configure:11747: checking for int16
configure:11776: gcc -c -g -O2 -Wall -W  conftest.c >&5
conftest.c: In function 'main':
conftest.c:42: error: 'int16' undeclared (first use in this function)
conftest.c:42: error: (Each undeclared identifier is reported only once
conftest.c:42: error: for each function it appears in.)
conftest.c:42: error: expected expression before ')' token
configure:11782: $? = 1
configure: failed program was:
| /* confdefs.h.  */
| 
| #define PACKAGE_NAME "LibTIFF Software"
| #define PACKAGE_TARNAME "tiff"
| #define PACKAGE_VERSION "3.8.2"
| #define PACKAGE_STRING "LibTIFF Software 3.8.2"
| #define PACKAGE_BUGREPORT "tiff@lists.maptools.org"
| #define PACKAGE "tiff"
| #define VERSION "3.8.2"
| #define STDC_HEADERS 1
| #define HAVE_SYS_TYPES_H 1
| #define HAVE_SYS_STAT_H 1
| #define HAVE_STDLIB_H 1
| #define HAVE_STRING_H 1
| #define HAVE_MEMORY_H 1
| #define HAVE_STRINGS_H 1
| #define HAVE_INTTYPES_H 1
| #define HAVE_STDINT_H 1
| #define HAVE_UNISTD_H 1
| #define HAVE_DLFCN_H 1
| #define LT_OBJDIR ".libs/"
| #define HAVE_LIBC 1
| #define HAVE_ASSERT_H 1
| #define HAVE_FCNTL_H 1
| #define HAVE_LIMITS_H 1
| #define HAVE_SEARCH_H 1
| #define HAVE_SYS_TIME_H 1
| #define HAVE_UNISTD_H 1
| #define SIZEOF_INT 4
| #define SIZEOF_LONG 8
| #define TIME_WITH_SYS_TIME 1
| /* end confdefs.h.  */
| 
| #if HAVE_INTTYPES_H
| # include <inttypes.h>
| #endif
| 
| 
| int
| main ()
| {
| if ((int16 *) 0)
|   return 0;
| if (sizeof (int16))
|   return 0;
|   ;
|   return 0;
| }
configure:11805: result: no
configure:11815: checking for int32
configure:11844: gcc -c -g -O2 -Wall -W  conftest.c >&5
conftest.c: In function 'main':
conftest.c:42: error: 'int32' undeclared (first use in this function)
conftest.c:42: error: (Each undeclared identifier is reported only once
conftest.c:42: error: for each function it appears in.)
conftest.c:42: error: expected expression before ')' token
configure:11850: $? = 1
configure: failed program was:
| /* confdefs.h.  */
| 
| #define PACKAGE_NAME "LibTIFF Software"
| #define PACKAGE_TARNAME "tiff"
| #define PACKAGE_VERSION "3.8.2"
| #define PACKAGE_STRING "LibTIFF Software 3.8.2"
| #define PACKAGE_BUGREPORT "tiff@lists.maptools.org"
| #define PACKAGE "tiff"
| #define VERSION "3.8.2"
| #define STDC_HEADERS 1
| #define HAVE_SYS_TYPES_H 1
| #define HAVE_SYS_STAT_H 1
| #define HAVE_STDLIB_H 1
| #define HAVE_STRING_H 1
| #define HAVE_MEMORY_H 1
| #define HAVE_STRINGS_H 1
| #define HAVE_INTTYPES_H 1
| #define HAVE_STDINT_H 1
| #define HAVE_UNISTD_H 1
| #define HAVE_DLFCN_H 1
| #define LT_OBJDIR ".libs/"
| #define HAVE_LIBC 1
| #define HAVE_ASSERT_H 1
| #define HAVE_FCNTL_H 1
| #define HAVE_LIMITS_H 1
| #define HAVE_SEARCH_H 1
| #define HAVE_SYS_TIME_H 1
| #define HAVE_UNISTD_H 1
| #define SIZEOF_INT 4
| #define SIZEOF_LONG 8
| #define TIME_WITH_SYS_TIME 1
| /* end confdefs.h.  */
| 
| #if HAVE_INTTYPES_H
| # include <inttypes.h>
| #endif
| 
| 
| int
| main ()
| {
| if ((int32 *) 0)
|   return 0;
| if (sizeof (int32))
|   return 0;
|   ;
|   return 0;
| }
configure:11873: result: no
configure:11899: checking for floor
configure:11956: gcc -o conftest -g -O2 -Wall -W   conftest.c -lc  >&5
conftest.c:57: warning: conflicting types for built-in function 'floor'
configure:11962: $? = 0
configure:11965: test -z 			 || test ! -s conftest.err
configure:11968: $? = 0
configure:11971: test -s conftest
configure:11974: $? = 0
configure:11986: result: yes
configure:11899: checking for isascii
configure:11956: gcc -o conftest -g -O2 -Wall -W   conftest.c -lc  >&5
conftest.c:58: warning: conflicting types for built-in function 'isascii'
configure:11962: $? = 0
configure:11965: test -z 			 || test ! -s conftest.err
configure:11968: $? = 0
configure:11971: test -s conftest
configure:11974: $? = 0
configure:11986: result: yes
configure:11899: checking for memmove
configure:11956: gcc -o conftest -g -O2 -Wall -W   conftest.c -lc  >&5
conftest.c:59: warning: conflicting types for built-in function 'memmove'
configure:11962: $? = 0
configure:11965: test -z 			 || test ! -s conftest.err
configure:11968: $? = 0
configure:11971: test -s conftest
configure:11974: $? = 0
configure:11986: result: yes
configure:11899: checking for memset
configure:11956: gcc -o conftest -g -O2 -Wall -W   conftest.c -lc  >&5
conftest.c:60: warning: conflicting types for built-in function 'memset'
configure:11962: $? = 0
configure:11965: test -z 			 || test ! -s conftest.err
configure:11968: $? = 0
configure:11971: test -s conftest
configure:11974: $? = 0
configure:11986: result: yes
configure:11899: checking for mmap
configure:11956: gcc -o conftest -g -O2 -Wall -W   conftest.c -lc  >&5
configure:11962: $? = 0
configure:11965: test -z 			 || test ! -s conftest.err
configure:11968: $? = 0
configure:11971: test -s conftest
configure:11974: $? = 0
configure:11986: result: yes
configure:11899: checking for pow
configure:11956: gcc -o conftest -g -O2 -Wall -W   conftest.c -lc  >&5
conftest.c:62: warning: conflicting types for built-in function 'pow'
configure:11962: $? = 0
configure:11965: test -z 			 || test ! -s conftest.err
configure:11968: $? = 0
configure:11971: test -s conftest
configure:11974: $? = 0
configure:11986: result: yes
configure:11899: checking for sqrt
configure:11956: gcc -o conftest -g -O2 -Wall -W   conftest.c -lc  >&5
conftest.c:63: warning: conflicting types for built-in function 'sqrt'
configure:11962: $? = 0
configure:11965: test -z 			 || test ! -s conftest.err
configure:11968: $? = 0
configure:11971: test -s conftest
configure:11974: $? = 0
configure:11986: result: yes
configure:11899: checking for strchr
configure:11956: gcc -o conftest -g -O2 -Wall -W   conftest.c -lc  >&5
conftest.c:64: warning: conflicting types for built-in function 'strchr'
configure:11962: $? = 0
configure:11965: test -z 			 || test ! -s conftest.err
configure:11968: $? = 0
configure:11971: test -s conftest
configure:11974: $? = 0
configure:11986: result: yes
configure:11899: checking for strrchr
configure:11956: gcc -o conftest -g -O2 -Wall -W   conftest.c -lc  >&5
conftest.c:65: warning: conflicting types for built-in function 'strrchr'
configure:11962: $? = 0
configure:11965: test -z 			 || test ! -s conftest.err
configure:11968: $? = 0
configure:11971: test -s conftest
configure:11974: $? = 0
configure:11986: result: yes
configure:11899: checking for strstr
configure:11956: gcc -o conftest -g -O2 -Wall -W   conftest.c -lc  >&5
conftest.c:66: warning: conflicting types for built-in function 'strstr'
configure:11962: $? = 0
configure:11965: test -z 			 || test ! -s conftest.err
configure:11968: $? = 0
configure:11971: test -s conftest
configure:11974: $? = 0
configure:11986: result: yes
configure:11899: checking for strtol
configure:11956: gcc -o conftest -g -O2 -Wall -W   conftest.c -lc  >&5
configure:11962: $? = 0
configure:11965: test -z 			 || test ! -s conftest.err
configure:11968: $? = 0
configure:11971: test -s conftest
configure:11974: $? = 0
configure:11986: result: yes
configure:12001: checking for getopt
configure:12058: gcc -o conftest -g -O2 -Wall -W   conftest.c -lc  >&5
configure:12064: $? = 0
configure:12067: test -z 			 || test ! -s conftest.err
configure:12070: $? = 0
configure:12073: test -s conftest
configure:12076: $? = 0
configure:12088: result: yes
configure:12112: checking for strcasecmp
configure:12169: gcc -o conftest -g -O2 -Wall -W   conftest.c -lc  >&5
conftest.c:69: warning: conflicting types for built-in function 'strcasecmp'
configure:12175: $? = 0
configure:12178: test -z 			 || test ! -s conftest.err
configure:12181: $? = 0
configure:12184: test -s conftest
configure:12187: $? = 0
configure:12199: result: yes
configure:12223: checking for strtoul
configure:12280: gcc -o conftest -g -O2 -Wall -W   conftest.c -lc  >&5
configure:12286: $? = 0
configure:12289: test -z 			 || test ! -s conftest.err
configure:12292: $? = 0
configure:12295: test -s conftest
configure:12298: $? = 0
configure:12310: result: yes
configure:12334: checking for lfind
configure:12391: gcc -o conftest -g -O2 -Wall -W   conftest.c -lc  >&5
configure:12397: $? = 0
configure:12400: test -z 			 || test ! -s conftest.err
configure:12403: $? = 0
configure:12406: test -s conftest
configure:12409: $? = 0
configure:12421: result: yes
configure:12442: checking native cpu bit order
configure:12447: result: lsb2msb
configure:12510: checking for special C compiler options needed for large files
configure:12607: result: no
configure:12613: checking for _FILE_OFFSET_BITS value needed for large files
configure:12644: gcc -c -g -O2 -Wall -W  conftest.c >&5
configure:12650: $? = 0
configure:12653: test -z 			 || test ! -s conftest.err
configure:12656: $? = 0
configure:12659: test -s conftest.o
configure:12662: $? = 0
configure:12726: result: no
configure:12736: checking for _LARGE_FILES value needed for large files
configure:12767: gcc -c -g -O2 -Wall -W  conftest.c >&5
configure:12773: $? = 0
configure:12776: test -z 			 || test ! -s conftest.err
configure:12779: $? = 0
configure:12782: test -s conftest.o
configure:12785: $? = 0
configure:12849: result: no
configure:13020: checking for inflateEnd in -lz
configure:13050: gcc -o conftest -g -O2 -Wall -W   conftest.c -lz  -lc  >&5
configure:13056: $? = 0
configure:13059: test -z 			 || test ! -s conftest.err
configure:13062: $? = 0
configure:13065: test -s conftest
configure:13068: $? = 0
configure:13081: result: yes
configure:13108: checking zlib.h usability
configure:13120: gcc -c -g -O2 -Wall -W  conftest.c >&5
configure:13126: $? = 0
configure:13129: test -z 			 || test ! -s conftest.err
configure:13132: $? = 0
configure:13135: test -s conftest.o
configure:13138: $? = 0
configure:13148: result: yes
configure:13152: checking zlib.h presence
configure:13162: gcc -E  conftest.c
configure:13168: $? = 0
configure:13188: result: yes
configure:13223: checking for zlib.h
configure:13230: result: yes
configure:13314: checking for jpeg_read_scanlines in -ljpeg
configure:13344: gcc -o conftest -g -O2 -Wall -W   conftest.c -ljpeg  -lz -lc  >&5
configure:13350: $? = 0
configure:13353: test -z 			 || test ! -s conftest.err
configure:13356: $? = 0
configure:13359: test -s conftest
configure:13362: $? = 0
configure:13375: result: yes
configure:13402: checking jpeglib.h usability
configure:13414: gcc -c -g -O2 -Wall -W  conftest.c >&5
configure:13420: $? = 0
configure:13423: test -z 			 || test ! -s conftest.err
configure:13426: $? = 0
configure:13429: test -s conftest.o
configure:13432: $? = 0
configure:13442: result: yes
configure:13446: checking jpeglib.h presence
configure:13456: gcc -E  conftest.c
configure:13462: $? = 0
configure:13482: result: yes
configure:13517: checking for jpeglib.h
configure:13524: result: yes
configure:13615: checking for X
configure:13721: gcc -E  conftest.c
configure:13727: $? = 0
configure:13777: gcc -o conftest -g -O2 -Wall -W   conftest.c -lX11 -ljpeg -lz -lc  >&5
ld: library not found for -lX11
collect2: ld returned 1 exit status
configure:13783: $? = 1
configure: failed program was:
| /* confdefs.h.  */
| 
| #define PACKAGE_NAME "LibTIFF Software"
| #define PACKAGE_TARNAME "tiff"
| #define PACKAGE_VERSION "3.8.2"
| #define PACKAGE_STRING "LibTIFF Software 3.8.2"
| #define PACKAGE_BUGREPORT "tiff@lists.maptools.org"
| #define PACKAGE "tiff"
| #define VERSION "3.8.2"
| #define STDC_HEADERS 1
| #define HAVE_SYS_TYPES_H 1
| #define HAVE_SYS_STAT_H 1
| #define HAVE_STDLIB_H 1
| #define HAVE_STRING_H 1
| #define HAVE_MEMORY_H 1
| #define HAVE_STRINGS_H 1
| #define HAVE_INTTYPES_H 1
| #define HAVE_STDINT_H 1
| #define HAVE_UNISTD_H 1
| #define HAVE_DLFCN_H 1
| #define LT_OBJDIR ".libs/"
| #define HAVE_LIBC 1
| #define HAVE_ASSERT_H 1
| #define HAVE_FCNTL_H 1
| #define HAVE_LIMITS_H 1
| #define HAVE_SEARCH_H 1
| #define HAVE_SYS_TIME_H 1
| #define HAVE_UNISTD_H 1
| #define SIZEOF_INT 4
| #define SIZEOF_LONG 8
| #define TIME_WITH_SYS_TIME 1
| #define HAVE_FLOOR 1
| #define HAVE_ISASCII 1
| #define HAVE_MEMMOVE 1
| #define HAVE_MEMSET 1
| #define HAVE_MMAP 1
| #define HAVE_POW 1
| #define HAVE_SQRT 1
| #define HAVE_STRCHR 1
| #define HAVE_STRRCHR 1
| #define HAVE_STRSTR 1
| #define HAVE_STRTOL 1
| #define HAVE_GETOPT 1
| #define HAVE_STRCASECMP 1
| #define HAVE_STRTOUL 1
| #define HAVE_LFIND 1
| #define HOST_FILLORDER FILLORDER_LSB2MSB
| #define HOST_BIGENDIAN 0
| #define HAVE_IEEEFP 1
| #define CCITT_SUPPORT 1
| #define PACKBITS_SUPPORT 1
| #define LZW_SUPPORT 1
| #define THUNDER_SUPPORT 1
| #define NEXT_SUPPORT 1
| #define LOGLUV_SUPPORT 1
| #define MDI_SUPPORT 1
| #define ZIP_SUPPORT 1
| #define PIXARLOG_SUPPORT 1
| #define JPEG_SUPPORT 1
| #define CXX_SUPPORT 1
| /* end confdefs.h.  */
| #include <X11/Xlib.h>
| int
| main ()
| {
| XrmInitialize ()
|   ;
|   return 0;
| }
configure:13835: result: no
configure:15185: checking for the pthreads library -lpthreads
configure:15223: gcc -o conftest -g -O2 -Wall -W    conftest.c -lpthreads -ljpeg -lz -lc  >&5
conftest.c: In function 'main':
conftest.c:67: warning: 'th' is used uninitialized in this function
ld: library not found for -lpthreads
collect2: ld returned 1 exit status
configure:15229: $? = 1
configure: failed program was:
| /* confdefs.h.  */
| 
| #define PACKAGE_NAME "LibTIFF Software"
| #define PACKAGE_TARNAME "tiff"
| #define PACKAGE_VERSION "3.8.2"
| #define PACKAGE_STRING "LibTIFF Software 3.8.2"
| #define PACKAGE_BUGREPORT "tiff@lists.maptools.org"
| #define PACKAGE "tiff"
| #define VERSION "3.8.2"
| #define STDC_HEADERS 1
| #define HAVE_SYS_TYPES_H 1
| #define HAVE_SYS_STAT_H 1
| #define HAVE_STDLIB_H 1
| #define HAVE_STRING_H 1
| #define HAVE_MEMORY_H 1
| #define HAVE_STRINGS_H 1
| #define HAVE_INTTYPES_H 1
| #define HAVE_STDINT_H 1
| #define HAVE_UNISTD_H 1
| #define HAVE_DLFCN_H 1
| #define LT_OBJDIR ".libs/"
| #define HAVE_LIBC 1
| #define HAVE_ASSERT_H 1
| #define HAVE_FCNTL_H 1
| #define HAVE_LIMITS_H 1
| #define HAVE_SEARCH_H 1
| #define HAVE_SYS_TIME_H 1
| #define HAVE_UNISTD_H 1
| #define SIZEOF_INT 4
| #define SIZEOF_LONG 8
| #define TIME_WITH_SYS_TIME 1
| #define HAVE_FLOOR 1
| #define HAVE_ISASCII 1
| #define HAVE_MEMMOVE 1
| #define HAVE_MEMSET 1
| #define HAVE_MMAP 1
| #define HAVE_POW 1
| #define HAVE_SQRT 1
| #define HAVE_STRCHR 1
| #define HAVE_STRRCHR 1
| #define HAVE_STRSTR 1
| #define HAVE_STRTOL 1
| #define HAVE_GETOPT 1
| #define HAVE_STRCASECMP 1
| #define HAVE_STRTOUL 1
| #define HAVE_LFIND 1
| #define HOST_FILLORDER FILLORDER_LSB2MSB
| #define HOST_BIGENDIAN 0
| #define HAVE_IEEEFP 1
| #define CCITT_SUPPORT 1
| #define PACKBITS_SUPPORT 1
| #define LZW_SUPPORT 1
| #define THUNDER_SUPPORT 1
| #define NEXT_SUPPORT 1
| #define LOGLUV_SUPPORT 1
| #define MDI_SUPPORT 1
| #define ZIP_SUPPORT 1
| #define PIXARLOG_SUPPORT 1
| #define JPEG_SUPPORT 1
| #define CXX_SUPPORT 1
| #define X_DISPLAY_MISSING 1
| /* end confdefs.h.  */
| #include <pthread.h>
| int
| main ()
| {
| pthread_t th; pthread_join(th, 0);
|                      pthread_attr_init(0); pthread_cleanup_push(0, 0);
|                      pthread_create(0,0,0,0); pthread_cleanup_pop(0);
|   ;
|   return 0;
| }
configure:15255: result: no
configure:15132: checking whether pthreads work without any flags
configure:15223: gcc -o conftest -g -O2 -Wall -W    conftest.c  -ljpeg -lz -lc  >&5
conftest.c: In function 'main':
conftest.c:67: warning: 'th' is used uninitialized in this function
configure:15229: $? = 0
configure:15232: test -z 			 || test ! -s conftest.err
configure:15235: $? = 0
configure:15238: test -s conftest
configure:15241: $? = 0
configure:15255: result: yes
configure:15274: checking for joinable pthread attribute
configure:15294: gcc -o conftest -g -O2 -Wall -W    conftest.c  -ljpeg -lz -lc  >&5
conftest.c: In function 'main':
conftest.c:67: warning: unused variable 'attr'
configure:15300: $? = 0
configure:15303: test -z 			 || test ! -s conftest.err
configure:15306: $? = 0
configure:15309: test -s conftest
configure:15312: $? = 0
configure:15323: result: PTHREAD_CREATE_JOINABLE
configure:15333: checking if more special flags are required for pthreads
configure:15340: result: -D_THREAD_SAFE
configure:15352: checking for cc_r
configure:15379: result: gcc
configure:15440: checking whether we are using the Microsoft C compiler
configure:15464: gcc -c -g -O2 -Wall -W  conftest.c >&5
conftest.c: In function 'main':
conftest.c:69: error: 'choke' undeclared (first use in this function)
conftest.c:69: error: (Each undeclared identifier is reported only once
conftest.c:69: error: for each function it appears in.)
conftest.c:69: error: expected ';' before 'me'
configure:15470: $? = 1
configure: failed program was:
| /* confdefs.h.  */
| 
| #define PACKAGE_NAME "LibTIFF Software"
| #define PACKAGE_TARNAME "tiff"
| #define PACKAGE_VERSION "3.8.2"
| #define PACKAGE_STRING "LibTIFF Software 3.8.2"
| #define PACKAGE_BUGREPORT "tiff@lists.maptools.org"
| #define PACKAGE "tiff"
| #define VERSION "3.8.2"
| #define STDC_HEADERS 1
| #define HAVE_SYS_TYPES_H 1
| #define HAVE_SYS_STAT_H 1
| #define HAVE_STDLIB_H 1
| #define HAVE_STRING_H 1
| #define HAVE_MEMORY_H 1
| #define HAVE_STRINGS_H 1
| #define HAVE_INTTYPES_H 1
| #define HAVE_STDINT_H 1
| #define HAVE_UNISTD_H 1
| #define HAVE_DLFCN_H 1
| #define LT_OBJDIR ".libs/"
| #define HAVE_LIBC 1
| #define HAVE_ASSERT_H 1
| #define HAVE_FCNTL_H 1
| #define HAVE_LIMITS_H 1
| #define HAVE_SEARCH_H 1
| #define HAVE_SYS_TIME_H 1
| #define HAVE_UNISTD_H 1
| #define SIZEOF_INT 4
| #define SIZEOF_LONG 8
| #define TIME_WITH_SYS_TIME 1
| #define HAVE_FLOOR 1
| #define HAVE_ISASCII 1
| #define HAVE_MEMMOVE 1
| #define HAVE_MEMSET 1
| #define HAVE_MMAP 1
| #define HAVE_POW 1
| #define HAVE_SQRT 1
| #define HAVE_STRCHR 1
| #define HAVE_STRRCHR 1
| #define HAVE_STRSTR 1
| #define HAVE_STRTOL 1
| #define HAVE_GETOPT 1
| #define HAVE_STRCASECMP 1
| #define HAVE_STRTOUL 1
| #define HAVE_LFIND 1
| #define HOST_FILLORDER FILLORDER_LSB2MSB
| #define HOST_BIGENDIAN 0
| #define HAVE_IEEEFP 1
| #define CCITT_SUPPORT 1
| #define PACKBITS_SUPPORT 1
| #define LZW_SUPPORT 1
| #define THUNDER_SUPPORT 1
| #define NEXT_SUPPORT 1
| #define LOGLUV_SUPPORT 1
| #define MDI_SUPPORT 1
| #define ZIP_SUPPORT 1
| #define PIXARLOG_SUPPORT 1
| #define JPEG_SUPPORT 1
| #define CXX_SUPPORT 1
| #define X_DISPLAY_MISSING 1
| #define HAVE_PTHREAD 1
| /* end confdefs.h.  */
| 
| int
| main ()
| {
| #ifndef _MSC_VER
|        choke me
| #endif
| 
|   ;
|   return 0;
| }
configure:15495: result: no
configure:15529: checking windows.h usability
configure:15541: gcc -c -g -O2 -Wall -W  conftest.c >&5
conftest.c:98:21: error: windows.h: No such file or directory
configure:15547: $? = 1
configure: failed program was:
| /* confdefs.h.  */
| 
| #define PACKAGE_NAME "LibTIFF Software"
| #define PACKAGE_TARNAME "tiff"
| #define PACKAGE_VERSION "3.8.2"
| #define PACKAGE_STRING "LibTIFF Software 3.8.2"
| #define PACKAGE_BUGREPORT "tiff@lists.maptools.org"
| #define PACKAGE "tiff"
| #define VERSION "3.8.2"
| #define STDC_HEADERS 1
| #define HAVE_SYS_TYPES_H 1
| #define HAVE_SYS_STAT_H 1
| #define HAVE_STDLIB_H 1
| #define HAVE_STRING_H 1
| #define HAVE_MEMORY_H 1
| #define HAVE_STRINGS_H 1
| #define HAVE_INTTYPES_H 1
| #define HAVE_STDINT_H 1
| #define HAVE_UNISTD_H 1
| #define HAVE_DLFCN_H 1
| #define LT_OBJDIR ".libs/"
| #define HAVE_LIBC 1
| #define HAVE_ASSERT_H 1
| #define HAVE_FCNTL_H 1
| #define HAVE_LIMITS_H 1
| #define HAVE_SEARCH_H 1
| #define HAVE_SYS_TIME_H 1
| #define HAVE_UNISTD_H 1
| #define SIZEOF_INT 4
| #define SIZEOF_LONG 8
| #define TIME_WITH_SYS_TIME 1
| #define HAVE_FLOOR 1
| #define HAVE_ISASCII 1
| #define HAVE_MEMMOVE 1
| #define HAVE_MEMSET 1
| #define HAVE_MMAP 1
| #define HAVE_POW 1
| #define HAVE_SQRT 1
| #define HAVE_STRCHR 1
| #define HAVE_STRRCHR 1
| #define HAVE_STRSTR 1
| #define HAVE_STRTOL 1
| #define HAVE_GETOPT 1
| #define HAVE_STRCASECMP 1
| #define HAVE_STRTOUL 1
| #define HAVE_LFIND 1
| #define HOST_FILLORDER FILLORDER_LSB2MSB
| #define HOST_BIGENDIAN 0
| #define HAVE_IEEEFP 1
| #define CCITT_SUPPORT 1
| #define PACKBITS_SUPPORT 1
| #define LZW_SUPPORT 1
| #define THUNDER_SUPPORT 1
| #define NEXT_SUPPORT 1
| #define LOGLUV_SUPPORT 1
| #define MDI_SUPPORT 1
| #define ZIP_SUPPORT 1
| #define PIXARLOG_SUPPORT 1
| #define JPEG_SUPPORT 1
| #define CXX_SUPPORT 1
| #define X_DISPLAY_MISSING 1
| #define HAVE_PTHREAD 1
| /* end confdefs.h.  */
| #include <stdio.h>
| #if HAVE_SYS_TYPES_H
| # include <sys/types.h>
| #endif
| #if HAVE_SYS_STAT_H
| # include <sys/stat.h>
| #endif
| #if STDC_HEADERS
| # include <stdlib.h>
| # include <stddef.h>
| #else
| # if HAVE_STDLIB_H
| #  include <stdlib.h>
| # endif
| #endif
| #if HAVE_STRING_H
| # if !STDC_HEADERS && HAVE_MEMORY_H
| #  include <memory.h>
| # endif
| # include <string.h>
| #endif
| #if HAVE_STRINGS_H
| # include <strings.h>
| #endif
| #if HAVE_INTTYPES_H
| # include <inttypes.h>
| #else
| # if HAVE_STDINT_H
| #  include <stdint.h>
| # endif
| #endif
| #if HAVE_UNISTD_H
| # include <unistd.h>
| #endif
| #include <windows.h>
configure:15569: result: no
configure:15573: checking windows.h presence
configure:15583: gcc -E  conftest.c
conftest.c:64:21: error: windows.h: No such file or directory
configure:15589: $? = 1
configure: failed program was:
| /* confdefs.h.  */
| 
| #define PACKAGE_NAME "LibTIFF Software"
| #define PACKAGE_TARNAME "tiff"
| #define PACKAGE_VERSION "3.8.2"
| #define PACKAGE_STRING "LibTIFF Software 3.8.2"
| #define PACKAGE_BUGREPORT "tiff@lists.maptools.org"
| #define PACKAGE "tiff"
| #define VERSION "3.8.2"
| #define STDC_HEADERS 1
| #define HAVE_SYS_TYPES_H 1
| #define HAVE_SYS_STAT_H 1
| #define HAVE_STDLIB_H 1
| #define HAVE_STRING_H 1
| #define HAVE_MEMORY_H 1
| #define HAVE_STRINGS_H 1
| #define HAVE_INTTYPES_H 1
| #define HAVE_STDINT_H 1
| #define HAVE_UNISTD_H 1
| #define HAVE_DLFCN_H 1
| #define LT_OBJDIR ".libs/"
| #define HAVE_LIBC 1
| #define HAVE_ASSERT_H 1
| #define HAVE_FCNTL_H 1
| #define HAVE_LIMITS_H 1
| #define HAVE_SEARCH_H 1
| #define HAVE_SYS_TIME_H 1
| #define HAVE_UNISTD_H 1
| #define SIZEOF_INT 4
| #define SIZEOF_LONG 8
| #define TIME_WITH_SYS_TIME 1
| #define HAVE_FLOOR 1
| #define HAVE_ISASCII 1
| #define HAVE_MEMMOVE 1
| #define HAVE_MEMSET 1
| #define HAVE_MMAP 1
| #define HAVE_POW 1
| #define HAVE_SQRT 1
| #define HAVE_STRCHR 1
| #define HAVE_STRRCHR 1
| #define HAVE_STRSTR 1
| #define HAVE_STRTOL 1
| #define HAVE_GETOPT 1
| #define HAVE_STRCASECMP 1
| #define HAVE_STRTOUL 1
| #define HAVE_LFIND 1
| #define HOST_FILLORDER FILLORDER_LSB2MSB
| #define HOST_BIGENDIAN 0
| #define HAVE_IEEEFP 1
| #define CCITT_SUPPORT 1
| #define PACKBITS_SUPPORT 1
| #define LZW_SUPPORT 1
| #define THUNDER_SUPPORT 1
| #define NEXT_SUPPORT 1
| #define LOGLUV_SUPPORT 1
| #define MDI_SUPPORT 1
| #define ZIP_SUPPORT 1
| #define PIXARLOG_SUPPORT 1
| #define JPEG_SUPPORT 1
| #define CXX_SUPPORT 1
| #define X_DISPLAY_MISSING 1
| #define HAVE_PTHREAD 1
| /* end confdefs.h.  */
| #include <windows.h>
configure:15609: result: no
configure:15644: checking for windows.h
configure:15651: result: no
configure:15665: checking for OpenGL library
configure:15703: gcc -o conftest -g -O2 -Wall -W -D_THREAD_SAFE    conftest.c -lopengl32  -lm -ljpeg -lz -lc  >&5
conftest.c:68:20: error: GL/gl.h: No such file or directory
conftest.c: In function 'main':
conftest.c:72: warning: implicit declaration of function 'glBegin'
configure:15709: $? = 1
configure: failed program was:
| /* confdefs.h.  */
| 
| #define PACKAGE_NAME "LibTIFF Software"
| #define PACKAGE_TARNAME "tiff"
| #define PACKAGE_VERSION "3.8.2"
| #define PACKAGE_STRING "LibTIFF Software 3.8.2"
| #define PACKAGE_BUGREPORT "tiff@lists.maptools.org"
| #define PACKAGE "tiff"
| #define VERSION "3.8.2"
| #define STDC_HEADERS 1
| #define HAVE_SYS_TYPES_H 1
| #define HAVE_SYS_STAT_H 1
| #define HAVE_STDLIB_H 1
| #define HAVE_STRING_H 1
| #define HAVE_MEMORY_H 1
| #define HAVE_STRINGS_H 1
| #define HAVE_INTTYPES_H 1
| #define HAVE_STDINT_H 1
| #define HAVE_UNISTD_H 1
| #define HAVE_DLFCN_H 1
| #define LT_OBJDIR ".libs/"
| #define HAVE_LIBC 1
| #define HAVE_ASSERT_H 1
| #define HAVE_FCNTL_H 1
| #define HAVE_LIMITS_H 1
| #define HAVE_SEARCH_H 1
| #define HAVE_SYS_TIME_H 1
| #define HAVE_UNISTD_H 1
| #define SIZEOF_INT 4
| #define SIZEOF_LONG 8
| #define TIME_WITH_SYS_TIME 1
| #define HAVE_FLOOR 1
| #define HAVE_ISASCII 1
| #define HAVE_MEMMOVE 1
| #define HAVE_MEMSET 1
| #define HAVE_MMAP 1
| #define HAVE_POW 1
| #define HAVE_SQRT 1
| #define HAVE_STRCHR 1
| #define HAVE_STRRCHR 1
| #define HAVE_STRSTR 1
| #define HAVE_STRTOL 1
| #define HAVE_GETOPT 1
| #define HAVE_STRCASECMP 1
| #define HAVE_STRTOUL 1
| #define HAVE_LFIND 1
| #define HOST_FILLORDER FILLORDER_LSB2MSB
| #define HOST_BIGENDIAN 0
| #define HAVE_IEEEFP 1
| #define CCITT_SUPPORT 1
| #define PACKBITS_SUPPORT 1
| #define LZW_SUPPORT 1
| #define THUNDER_SUPPORT 1
| #define NEXT_SUPPORT 1
| #define LOGLUV_SUPPORT 1
| #define MDI_SUPPORT 1
| #define ZIP_SUPPORT 1
| #define PIXARLOG_SUPPORT 1
| #define JPEG_SUPPORT 1
| #define CXX_SUPPORT 1
| #define X_DISPLAY_MISSING 1
| #define HAVE_PTHREAD 1
| /* end confdefs.h.  */
| 
| # if HAVE_WINDOWS_H && defined(_WIN32)
| #   include <windows.h>
| # endif
| # include <GL/gl.h>
| int
| main ()
| {
| glBegin(0)
|   ;
|   return 0;
| }
configure:15703: gcc -o conftest -g -O2 -Wall -W -D_THREAD_SAFE    conftest.c -lGL  -lm -ljpeg -lz -lc  >&5
conftest.c:68:20: error: GL/gl.h: No such file or directory
conftest.c: In function 'main':
conftest.c:72: warning: implicit declaration of function 'glBegin'
configure:15709: $? = 1
configure: failed program was:
| /* confdefs.h.  */
| 
| #define PACKAGE_NAME "LibTIFF Software"
| #define PACKAGE_TARNAME "tiff"
| #define PACKAGE_VERSION "3.8.2"
| #define PACKAGE_STRING "LibTIFF Software 3.8.2"
| #define PACKAGE_BUGREPORT "tiff@lists.maptools.org"
| #define PACKAGE "tiff"
| #define VERSION "3.8.2"
| #define STDC_HEADERS 1
| #define HAVE_SYS_TYPES_H 1
| #define HAVE_SYS_STAT_H 1
| #define HAVE_STDLIB_H 1
| #define HAVE_STRING_H 1
| #define HAVE_MEMORY_H 1
| #define HAVE_STRINGS_H 1
| #define HAVE_INTTYPES_H 1
| #define HAVE_STDINT_H 1
| #define HAVE_UNISTD_H 1
| #define HAVE_DLFCN_H 1
| #define LT_OBJDIR ".libs/"
| #define HAVE_LIBC 1
| #define HAVE_ASSERT_H 1
| #define HAVE_FCNTL_H 1
| #define HAVE_LIMITS_H 1
| #define HAVE_SEARCH_H 1
| #define HAVE_SYS_TIME_H 1
| #define HAVE_UNISTD_H 1
| #define SIZEOF_INT 4
| #define SIZEOF_LONG 8
| #define TIME_WITH_SYS_TIME 1
| #define HAVE_FLOOR 1
| #define HAVE_ISASCII 1
| #define HAVE_MEMMOVE 1
| #define HAVE_MEMSET 1
| #define HAVE_MMAP 1
| #define HAVE_POW 1
| #define HAVE_SQRT 1
| #define HAVE_STRCHR 1
| #define HAVE_STRRCHR 1
| #define HAVE_STRSTR 1
| #define HAVE_STRTOL 1
| #define HAVE_GETOPT 1
| #define HAVE_STRCASECMP 1
| #define HAVE_STRTOUL 1
| #define HAVE_LFIND 1
| #define HOST_FILLORDER FILLORDER_LSB2MSB
| #define HOST_BIGENDIAN 0
| #define HAVE_IEEEFP 1
| #define CCITT_SUPPORT 1
| #define PACKBITS_SUPPORT 1
| #define LZW_SUPPORT 1
| #define THUNDER_SUPPORT 1
| #define NEXT_SUPPORT 1
| #define LOGLUV_SUPPORT 1
| #define MDI_SUPPORT 1
| #define ZIP_SUPPORT 1
| #define PIXARLOG_SUPPORT 1
| #define JPEG_SUPPORT 1
| #define CXX_SUPPORT 1
| #define X_DISPLAY_MISSING 1
| #define HAVE_PTHREAD 1
| /* end confdefs.h.  */
| 
| # if HAVE_WINDOWS_H && defined(_WIN32)
| #   include <windows.h>
| # endif
| # include <GL/gl.h>
| int
| main ()
| {
| glBegin(0)
|   ;
|   return 0;
| }
configure:15735: result: no
configure:15810: checking for g++
configure:15826: found /usr/bin/g++
configure:15836: result: g++
configure:15852: checking for C++ compiler version
configure:15855: g++ --version </dev/null >&5
i686-apple-darwin10-g++-4.2.1 (GCC) 4.2.1 (Apple Inc. build 5646)
Copyright (C) 2007 Free Software Foundation, Inc.
This is free software; see the source for copying conditions.  There is NO
warranty; not even for MERCHANTABILITY or FITNESS FOR A PARTICULAR PURPOSE.

configure:15858: $? = 0
configure:15860: g++ -v </dev/null >&5
Using built-in specs.
Target: i686-apple-darwin10
Configured with: /var/tmp/gcc/gcc-5646~6/src/configure --disable-checking --enable-werror --prefix=/usr --mandir=/share/man --enable-languages=c,objc,c++,obj-c++ --program-transform-name=/^[cg][^.-]*$/s/$/-4.2/ --with-slibdir=/usr/lib --build=i686-apple-darwin10 --with-gxx-include-dir=/include/c++/4.2.1 --program-prefix=i686-apple-darwin10- --host=x86_64-apple-darwin10 --target=i686-apple-darwin10
Thread model: posix
gcc version 4.2.1 (Apple Inc. build 5646)
configure:15863: $? = 0
configure:15865: g++ -V </dev/null >&5
g++-4.2: argument to `-V' is missing
configure:15868: $? = 1
configure:15871: checking whether we are using the GNU C++ compiler
configure:15895: g++ -c   conftest.cc >&5
configure:15901: $? = 0
configure:15904: test -z 			 || test ! -s conftest.err
configure:15907: $? = 0
configure:15910: test -s conftest.o
configure:15913: $? = 0
configure:15926: result: yes
configure:15932: checking whether g++ accepts -g
configure:15953: g++ -c -g  conftest.cc >&5
configure:15959: $? = 0
configure:15962: test -z 			 || test ! -s conftest.err
configure:15965: $? = 0
configure:15968: test -s conftest.o
configure:15971: $? = 0
configure:15982: result: yes
configure:16024: g++ -c -g -O2  conftest.cc >&5
configure:16030: $? = 0
configure:16033: test -z 			 || test ! -s conftest.err
configure:16036: $? = 0
configure:16039: test -s conftest.o
configure:16042: $? = 0
configure:16068: g++ -c -g -O2  conftest.cc >&5
conftest.cc: In function 'int main()':
conftest.cc:68: error: 'exit' was not declared in this scope
configure:16074: $? = 1
configure: failed program was:
| /* confdefs.h.  */
| 
| #define PACKAGE_NAME "LibTIFF Software"
| #define PACKAGE_TARNAME "tiff"
| #define PACKAGE_VERSION "3.8.2"
| #define PACKAGE_STRING "LibTIFF Software 3.8.2"
| #define PACKAGE_BUGREPORT "tiff@lists.maptools.org"
| #define PACKAGE "tiff"
| #define VERSION "3.8.2"
| #define STDC_HEADERS 1
| #define HAVE_SYS_TYPES_H 1
| #define HAVE_SYS_STAT_H 1
| #define HAVE_STDLIB_H 1
| #define HAVE_STRING_H 1
| #define HAVE_MEMORY_H 1
| #define HAVE_STRINGS_H 1
| #define HAVE_INTTYPES_H 1
| #define HAVE_STDINT_H 1
| #define HAVE_UNISTD_H 1
| #define HAVE_DLFCN_H 1
| #define LT_OBJDIR ".libs/"
| #define HAVE_LIBC 1
| #define HAVE_ASSERT_H 1
| #define HAVE_FCNTL_H 1
| #define HAVE_LIMITS_H 1
| #define HAVE_SEARCH_H 1
| #define HAVE_SYS_TIME_H 1
| #define HAVE_UNISTD_H 1
| #define SIZEOF_INT 4
| #define SIZEOF_LONG 8
| #define TIME_WITH_SYS_TIME 1
| #define HAVE_FLOOR 1
| #define HAVE_ISASCII 1
| #define HAVE_MEMMOVE 1
| #define HAVE_MEMSET 1
| #define HAVE_MMAP 1
| #define HAVE_POW 1
| #define HAVE_SQRT 1
| #define HAVE_STRCHR 1
| #define HAVE_STRRCHR 1
| #define HAVE_STRSTR 1
| #define HAVE_STRTOL 1
| #define HAVE_GETOPT 1
| #define HAVE_STRCASECMP 1
| #define HAVE_STRTOUL 1
| #define HAVE_LFIND 1
| #define HOST_FILLORDER FILLORDER_LSB2MSB
| #define HOST_BIGENDIAN 0
| #define HAVE_IEEEFP 1
| #define CCITT_SUPPORT 1
| #define PACKBITS_SUPPORT 1
| #define LZW_SUPPORT 1
| #define THUNDER_SUPPORT 1
| #define NEXT_SUPPORT 1
| #define LOGLUV_SUPPORT 1
| #define MDI_SUPPORT 1
| #define ZIP_SUPPORT 1
| #define PIXARLOG_SUPPORT 1
| #define JPEG_SUPPORT 1
| #define CXX_SUPPORT 1
| #define X_DISPLAY_MISSING 1
| #define HAVE_PTHREAD 1
| /* end confdefs.h.  */
| 
| int
| main ()
| {
| exit (42);
|   ;
|   return 0;
| }
configure:16024: g++ -c -g -O2  conftest.cc >&5
conftest.cc:64: error: 'void std::exit(int)' should have been declared inside 'std'
In file included from conftest.cc:65:
/usr/include/stdlib.h:159: error: declaration of 'void std::exit(int)' throws different exceptions
conftest.cc:64: error: from previous declaration 'void std::exit(int) throw ()'
configure:16030: $? = 1
configure: failed program was:
| /* confdefs.h.  */
| 
| #define PACKAGE_NAME "LibTIFF Software"
| #define PACKAGE_TARNAME "tiff"
| #define PACKAGE_VERSION "3.8.2"
| #define PACKAGE_STRING "LibTIFF Software 3.8.2"
| #define PACKAGE_BUGREPORT "tiff@lists.maptools.org"
| #define PACKAGE "tiff"
| #define VERSION "3.8.2"
| #define STDC_HEADERS 1
| #define HAVE_SYS_TYPES_H 1
| #define HAVE_SYS_STAT_H 1
| #define HAVE_STDLIB_H 1
| #define HAVE_STRING_H 1
| #define HAVE_MEMORY_H 1
| #define HAVE_STRINGS_H 1
| #define HAVE_INTTYPES_H 1
| #define HAVE_STDINT_H 1
| #define HAVE_UNISTD_H 1
| #define HAVE_DLFCN_H 1
| #define LT_OBJDIR ".libs/"
| #define HAVE_LIBC 1
| #define HAVE_ASSERT_H 1
| #define HAVE_FCNTL_H 1
| #define HAVE_LIMITS_H 1
| #define HAVE_SEARCH_H 1
| #define HAVE_SYS_TIME_H 1
| #define HAVE_UNISTD_H 1
| #define SIZEOF_INT 4
| #define SIZEOF_LONG 8
| #define TIME_WITH_SYS_TIME 1
| #define HAVE_FLOOR 1
| #define HAVE_ISASCII 1
| #define HAVE_MEMMOVE 1
| #define HAVE_MEMSET 1
| #define HAVE_MMAP 1
| #define HAVE_POW 1
| #define HAVE_SQRT 1
| #define HAVE_STRCHR 1
| #define HAVE_STRRCHR 1
| #define HAVE_STRSTR 1
| #define HAVE_STRTOL 1
| #define HAVE_GETOPT 1
| #define HAVE_STRCASECMP 1
| #define HAVE_STRTOUL 1
| #define HAVE_LFIND 1
| #define HOST_FILLORDER FILLORDER_LSB2MSB
| #define HOST_BIGENDIAN 0
| #define HAVE_IEEEFP 1
| #define CCITT_SUPPORT 1
| #define PACKBITS_SUPPORT 1
| #define LZW_SUPPORT 1
| #define THUNDER_SUPPORT 1
| #define NEXT_SUPPORT 1
| #define LOGLUV_SUPPORT 1
| #define MDI_SUPPORT 1
| #define ZIP_SUPPORT 1
| #define PIXARLOG_SUPPORT 1
| #define JPEG_SUPPORT 1
| #define CXX_SUPPORT 1
| #define X_DISPLAY_MISSING 1
| #define HAVE_PTHREAD 1
| /* end confdefs.h.  */
| extern "C" void std::exit (int) throw (); using std::exit;
| #include <stdlib.h>
| int
| main ()
| {
| exit (42);
|   ;
|   return 0;
| }
configure:16024: g++ -c -g -O2  conftest.cc >&5
conftest.cc:64: error: 'void std::exit(int)' should have been declared inside 'std'
configure:16030: $? = 1
configure: failed program was:
| /* confdefs.h.  */
| 
| #define PACKAGE_NAME "LibTIFF Software"
| #define PACKAGE_TARNAME "tiff"
| #define PACKAGE_VERSION "3.8.2"
| #define PACKAGE_STRING "LibTIFF Software 3.8.2"
| #define PACKAGE_BUGREPORT "tiff@lists.maptools.org"
| #define PACKAGE "tiff"
| #define VERSION "3.8.2"
| #define STDC_HEADERS 1
| #define HAVE_SYS_TYPES_H 1
| #define HAVE_SYS_STAT_H 1
| #define HAVE_STDLIB_H 1
| #define HAVE_STRING_H 1
| #define HAVE_MEMORY_H 1
| #define HAVE_STRINGS_H 1
| #define HAVE_INTTYPES_H 1
| #define HAVE_STDINT_H 1
| #define HAVE_UNISTD_H 1
| #define HAVE_DLFCN_H 1
| #define LT_OBJDIR ".libs/"
| #define HAVE_LIBC 1
| #define HAVE_ASSERT_H 1
| #define HAVE_FCNTL_H 1
| #define HAVE_LIMITS_H 1
| #define HAVE_SEARCH_H 1
| #define HAVE_SYS_TIME_H 1
| #define HAVE_UNISTD_H 1
| #define SIZEOF_INT 4
| #define SIZEOF_LONG 8
| #define TIME_WITH_SYS_TIME 1
| #define HAVE_FLOOR 1
| #define HAVE_ISASCII 1
| #define HAVE_MEMMOVE 1
| #define HAVE_MEMSET 1
| #define HAVE_MMAP 1
| #define HAVE_POW 1
| #define HAVE_SQRT 1
| #define HAVE_STRCHR 1
| #define HAVE_STRRCHR 1
| #define HAVE_STRSTR 1
| #define HAVE_STRTOL 1
| #define HAVE_GETOPT 1
| #define HAVE_STRCASECMP 1
| #define HAVE_STRTOUL 1
| #define HAVE_LFIND 1
| #define HOST_FILLORDER FILLORDER_LSB2MSB
| #define HOST_BIGENDIAN 0
| #define HAVE_IEEEFP 1
| #define CCITT_SUPPORT 1
| #define PACKBITS_SUPPORT 1
| #define LZW_SUPPORT 1
| #define THUNDER_SUPPORT 1
| #define NEXT_SUPPORT 1
| #define LOGLUV_SUPPORT 1
| #define MDI_SUPPORT 1
| #define ZIP_SUPPORT 1
| #define PIXARLOG_SUPPORT 1
| #define JPEG_SUPPORT 1
| #define CXX_SUPPORT 1
| #define X_DISPLAY_MISSING 1
| #define HAVE_PTHREAD 1
| /* end confdefs.h.  */
| extern "C" void std::exit (int); using std::exit;
| #include <stdlib.h>
| int
| main ()
| {
| exit (42);
|   ;
|   return 0;
| }
configure:16024: g++ -c -g -O2  conftest.cc >&5
In file included from conftest.cc:65:
/usr/include/stdlib.h:159: error: declaration of 'void exit(int)' throws different exceptions
conftest.cc:64: error: from previous declaration 'void exit(int) throw ()'
configure:16030: $? = 1
configure: failed program was:
| /* confdefs.h.  */
| 
| #define PACKAGE_NAME "LibTIFF Software"
| #define PACKAGE_TARNAME "tiff"
| #define PACKAGE_VERSION "3.8.2"
| #define PACKAGE_STRING "LibTIFF Software 3.8.2"
| #define PACKAGE_BUGREPORT "tiff@lists.maptools.org"
| #define PACKAGE "tiff"
| #define VERSION "3.8.2"
| #define STDC_HEADERS 1
| #define HAVE_SYS_TYPES_H 1
| #define HAVE_SYS_STAT_H 1
| #define HAVE_STDLIB_H 1
| #define HAVE_STRING_H 1
| #define HAVE_MEMORY_H 1
| #define HAVE_STRINGS_H 1
| #define HAVE_INTTYPES_H 1
| #define HAVE_STDINT_H 1
| #define HAVE_UNISTD_H 1
| #define HAVE_DLFCN_H 1
| #define LT_OBJDIR ".libs/"
| #define HAVE_LIBC 1
| #define HAVE_ASSERT_H 1
| #define HAVE_FCNTL_H 1
| #define HAVE_LIMITS_H 1
| #define HAVE_SEARCH_H 1
| #define HAVE_SYS_TIME_H 1
| #define HAVE_UNISTD_H 1
| #define SIZEOF_INT 4
| #define SIZEOF_LONG 8
| #define TIME_WITH_SYS_TIME 1
| #define HAVE_FLOOR 1
| #define HAVE_ISASCII 1
| #define HAVE_MEMMOVE 1
| #define HAVE_MEMSET 1
| #define HAVE_MMAP 1
| #define HAVE_POW 1
| #define HAVE_SQRT 1
| #define HAVE_STRCHR 1
| #define HAVE_STRRCHR 1
| #define HAVE_STRSTR 1
| #define HAVE_STRTOL 1
| #define HAVE_GETOPT 1
| #define HAVE_STRCASECMP 1
| #define HAVE_STRTOUL 1
| #define HAVE_LFIND 1
| #define HOST_FILLORDER FILLORDER_LSB2MSB
| #define HOST_BIGENDIAN 0
| #define HAVE_IEEEFP 1
| #define CCITT_SUPPORT 1
| #define PACKBITS_SUPPORT 1
| #define LZW_SUPPORT 1
| #define THUNDER_SUPPORT 1
| #define NEXT_SUPPORT 1
| #define LOGLUV_SUPPORT 1
| #define MDI_SUPPORT 1
| #define ZIP_SUPPORT 1
| #define PIXARLOG_SUPPORT 1
| #define JPEG_SUPPORT 1
| #define CXX_SUPPORT 1
| #define X_DISPLAY_MISSING 1
| #define HAVE_PTHREAD 1
| /* end confdefs.h.  */
| extern "C" void exit (int) throw ();
| #include <stdlib.h>
| int
| main ()
| {
| exit (42);
|   ;
|   return 0;
| }
configure:16024: g++ -c -g -O2  conftest.cc >&5
configure:16030: $? = 0
configure:16033: test -z 			 || test ! -s conftest.err
configure:16036: $? = 0
configure:16039: test -s conftest.o
configure:16042: $? = 0
configure:16068: g++ -c -g -O2  conftest.cc >&5
configure:16074: $? = 0
configure:16077: test -z 			 || test ! -s conftest.err
configure:16080: $? = 0
configure:16083: test -s conftest.o
configure:16086: $? = 0
configure:16111: checking dependency style of g++
configure:16201: result: gcc3
configure:16226: checking how to run the C++ preprocessor
configure:16257: g++ -E  conftest.cc
configure:16263: $? = 0
configure:16295: g++ -E  conftest.cc
conftest.cc:67:28: error: ac_nonexistent.h: No such file or directory
configure:16301: $? = 1
configure: failed program was:
| /* confdefs.h.  */
| 
| #define PACKAGE_NAME "LibTIFF Software"
| #define PACKAGE_TARNAME "tiff"
| #define PACKAGE_VERSION "3.8.2"
| #define PACKAGE_STRING "LibTIFF Software 3.8.2"
| #define PACKAGE_BUGREPORT "tiff@lists.maptools.org"
| #define PACKAGE "tiff"
| #define VERSION "3.8.2"
| #define STDC_HEADERS 1
| #define HAVE_SYS_TYPES_H 1
| #define HAVE_SYS_STAT_H 1
| #define HAVE_STDLIB_H 1
| #define HAVE_STRING_H 1
| #define HAVE_MEMORY_H 1
| #define HAVE_STRINGS_H 1
| #define HAVE_INTTYPES_H 1
| #define HAVE_STDINT_H 1
| #define HAVE_UNISTD_H 1
| #define HAVE_DLFCN_H 1
| #define LT_OBJDIR ".libs/"
| #define HAVE_LIBC 1
| #define HAVE_ASSERT_H 1
| #define HAVE_FCNTL_H 1
| #define HAVE_LIMITS_H 1
| #define HAVE_SEARCH_H 1
| #define HAVE_SYS_TIME_H 1
| #define HAVE_UNISTD_H 1
| #define SIZEOF_INT 4
| #define SIZEOF_LONG 8
| #define TIME_WITH_SYS_TIME 1
| #define HAVE_FLOOR 1
| #define HAVE_ISASCII 1
| #define HAVE_MEMMOVE 1
| #define HAVE_MEMSET 1
| #define HAVE_MMAP 1
| #define HAVE_POW 1
| #define HAVE_SQRT 1
| #define HAVE_STRCHR 1
| #define HAVE_STRRCHR 1
| #define HAVE_STRSTR 1
| #define HAVE_STRTOL 1
| #define HAVE_GETOPT 1
| #define HAVE_STRCASECMP 1
| #define HAVE_STRTOUL 1
| #define HAVE_LFIND 1
| #define HOST_FILLORDER FILLORDER_LSB2MSB
| #define HOST_BIGENDIAN 0
| #define HAVE_IEEEFP 1
| #define CCITT_SUPPORT 1
| #define PACKBITS_SUPPORT 1
| #define LZW_SUPPORT 1
| #define THUNDER_SUPPORT 1
| #define NEXT_SUPPORT 1
| #define LOGLUV_SUPPORT 1
| #define MDI_SUPPORT 1
| #define ZIP_SUPPORT 1
| #define PIXARLOG_SUPPORT 1
| #define JPEG_SUPPORT 1
| #define CXX_SUPPORT 1
| #define X_DISPLAY_MISSING 1
| #define HAVE_PTHREAD 1
| #ifdef __cplusplus
| extern "C" void exit (int);
| #endif
| /* end confdefs.h.  */
| #include <ac_nonexistent.h>
configure:16340: result: g++ -E
configure:16364: g++ -E  conftest.cc
configure:16370: $? = 0
configure:16402: g++ -E  conftest.cc
conftest.cc:67:28: error: ac_nonexistent.h: No such file or directory
configure:16408: $? = 1
configure: failed program was:
| /* confdefs.h.  */
| 
| #define PACKAGE_NAME "LibTIFF Software"
| #define PACKAGE_TARNAME "tiff"
| #define PACKAGE_VERSION "3.8.2"
| #define PACKAGE_STRING "LibTIFF Software 3.8.2"
| #define PACKAGE_BUGREPORT "tiff@lists.maptools.org"
| #define PACKAGE "tiff"
| #define VERSION "3.8.2"
| #define STDC_HEADERS 1
| #define HAVE_SYS_TYPES_H 1
| #define HAVE_SYS_STAT_H 1
| #define HAVE_STDLIB_H 1
| #define HAVE_STRING_H 1
| #define HAVE_MEMORY_H 1
| #define HAVE_STRINGS_H 1
| #define HAVE_INTTYPES_H 1
| #define HAVE_STDINT_H 1
| #define HAVE_UNISTD_H 1
| #define HAVE_DLFCN_H 1
| #define LT_OBJDIR ".libs/"
| #define HAVE_LIBC 1
| #define HAVE_ASSERT_H 1
| #define HAVE_FCNTL_H 1
| #define HAVE_LIMITS_H 1
| #define HAVE_SEARCH_H 1
| #define HAVE_SYS_TIME_H 1
| #define HAVE_UNISTD_H 1
| #define SIZEOF_INT 4
| #define SIZEOF_LONG 8
| #define TIME_WITH_SYS_TIME 1
| #define HAVE_FLOOR 1
| #define HAVE_ISASCII 1
| #define HAVE_MEMMOVE 1
| #define HAVE_MEMSET 1
| #define HAVE_MMAP 1
| #define HAVE_POW 1
| #define HAVE_SQRT 1
| #define HAVE_STRCHR 1
| #define HAVE_STRRCHR 1
| #define HAVE_STRSTR 1
| #define HAVE_STRTOL 1
| #define HAVE_GETOPT 1
| #define HAVE_STRCASECMP 1
| #define HAVE_STRTOUL 1
| #define HAVE_LFIND 1
| #define HOST_FILLORDER FILLORDER_LSB2MSB
| #define HOST_BIGENDIAN 0
| #define HAVE_IEEEFP 1
| #define CCITT_SUPPORT 1
| #define PACKBITS_SUPPORT 1
| #define LZW_SUPPORT 1
| #define THUNDER_SUPPORT 1
| #define NEXT_SUPPORT 1
| #define LOGLUV_SUPPORT 1
| #define MDI_SUPPORT 1
| #define ZIP_SUPPORT 1
| #define PIXARLOG_SUPPORT 1
| #define JPEG_SUPPORT 1
| #define CXX_SUPPORT 1
| #define X_DISPLAY_MISSING 1
| #define HAVE_PTHREAD 1
| #ifdef __cplusplus
| extern "C" void exit (int);
| #endif
| /* end confdefs.h.  */
| #include <ac_nonexistent.h>
configure:16547: checking for C++ compiler version
configure:16550: g++ --version </dev/null >&5
i686-apple-darwin10-g++-4.2.1 (GCC) 4.2.1 (Apple Inc. build 5646)
Copyright (C) 2007 Free Software Foundation, Inc.
This is free software; see the source for copying conditions.  There is NO
warranty; not even for MERCHANTABILITY or FITNESS FOR A PARTICULAR PURPOSE.

configure:16553: $? = 0
configure:16555: g++ -v </dev/null >&5
Using built-in specs.
Target: i686-apple-darwin10
Configured with: /var/tmp/gcc/gcc-5646~6/src/configure --disable-checking --enable-werror --prefix=/usr --mandir=/share/man --enable-languages=c,objc,c++,obj-c++ --program-transform-name=/^[cg][^.-]*$/s/$/-4.2/ --with-slibdir=/usr/lib --build=i686-apple-darwin10 --with-gxx-include-dir=/include/c++/4.2.1 --program-prefix=i686-apple-darwin10- --host=x86_64-apple-darwin10 --target=i686-apple-darwin10
Thread model: posix
gcc version 4.2.1 (Apple Inc. build 5646)
configure:16558: $? = 0
configure:16560: g++ -V </dev/null >&5
g++-4.2: argument to `-V' is missing
configure:16563: $? = 1
configure:16566: checking whether we are using the GNU C++ compiler
configure:16621: result: yes
configure:16627: checking whether g++ accepts -g
configure:16677: result: yes
configure:16719: g++ -c -g -O2  conftest.cc >&5
configure:16725: $? = 0
configure:16728: test -z 			 || test ! -s conftest.err
configure:16731: $? = 0
configure:16734: test -s conftest.o
configure:16737: $? = 0
configure:16763: g++ -c -g -O2  conftest.cc >&5
configure:16769: $? = 0
configure:16772: test -z 			 || test ! -s conftest.err
configure:16775: $? = 0
configure:16778: test -s conftest.o
configure:16781: $? = 0
configure:16806: checking dependency style of g++
configure:16896: result: gcc3
configure:17045: checking for ld used by g++
configure:17112: result: /usr/libexec/gcc/i686-apple-darwin10/4.2.1/ld
configure:17121: checking if the linker (/usr/libexec/gcc/i686-apple-darwin10/4.2.1/ld) is GNU ld
configure:17136: result: no
configure:17191: checking whether the g++ linker (/usr/libexec/gcc/i686-apple-darwin10/4.2.1/ld) supports shared libraries
configure:18156: result: yes
configure:18184: g++ -c -g -O2  conftest.cpp >&5
configure:18187: $? = 0
configure:18331: checking for g++ option to produce PIC
configure:18626: result: -fno-common -DPIC
configure:18635: checking if g++ PIC flag -fno-common -DPIC works
configure:18653: g++ -c -g -O2  -fno-common -DPIC -DPIC conftest.cpp >&5
configure:18657: $? = 0
configure:18670: result: yes
configure:18691: checking if g++ static flag -static works
configure:18719: result: no
configure:18731: checking if g++ supports -c -o file.o
configure:18752: g++ -c -g -O2  -o out/conftest2.o conftest.cpp >&5
configure:18756: $? = 0
configure:18778: result: yes
configure:18783: checking if g++ supports -c -o file.o
configure:18830: result: yes
configure:18860: checking whether the g++ linker (/usr/libexec/gcc/i686-apple-darwin10/4.2.1/ld) supports shared libraries
configure:18885: result: yes
configure:19018: checking dynamic linker characteristics
configure:19629: result: darwin10.2.0 dyld
configure:19673: checking how to hardcode library paths into programs
configure:19698: result: immediate
configure:19739: checking for OpenGL Utility library
configure:19797: g++ -o conftest -g -O2    conftest.cc -lglu32  -ljpeg -lz -lc  >&5
conftest.cc:71:21: error: GL/glu.h: No such file or directory
conftest.cc: In function 'int main()':
conftest.cc:75: error: 'gluBeginCurve' was not declared in this scope
configure:19803: $? = 1
configure: failed program was:
| /* confdefs.h.  */
| 
| #define PACKAGE_NAME "LibTIFF Software"
| #define PACKAGE_TARNAME "tiff"
| #define PACKAGE_VERSION "3.8.2"
| #define PACKAGE_STRING "LibTIFF Software 3.8.2"
| #define PACKAGE_BUGREPORT "tiff@lists.maptools.org"
| #define PACKAGE "tiff"
| #define VERSION "3.8.2"
| #define STDC_HEADERS 1
| #define HAVE_SYS_TYPES_H 1
| #define HAVE_SYS_STAT_H 1
| #define HAVE_STDLIB_H 1
| #define HAVE_STRING_H 1
| #define HAVE_MEMORY_H 1
| #define HAVE_STRINGS_H 1
| #define HAVE_INTTYPES_H 1
| #define HAVE_STDINT_H 1
| #define HAVE_UNISTD_H 1
| #define HAVE_DLFCN_H 1
| #define LT_OBJDIR ".libs/"
| #define HAVE_LIBC 1
| #define HAVE_ASSERT_H 1
| #define HAVE_FCNTL_H 1
| #define HAVE_LIMITS_H 1
| #define HAVE_SEARCH_H 1
| #define HAVE_SYS_TIME_H 1
| #define HAVE_UNISTD_H 1
| #define SIZEOF_INT 4
| #define SIZEOF_LONG 8
| #define TIME_WITH_SYS_TIME 1
| #define HAVE_FLOOR 1
| #define HAVE_ISASCII 1
| #define HAVE_MEMMOVE 1
| #define HAVE_MEMSET 1
| #define HAVE_MMAP 1
| #define HAVE_POW 1
| #define HAVE_SQRT 1
| #define HAVE_STRCHR 1
| #define HAVE_STRRCHR 1
| #define HAVE_STRSTR 1
| #define HAVE_STRTOL 1
| #define HAVE_GETOPT 1
| #define HAVE_STRCASECMP 1
| #define HAVE_STRTOUL 1
| #define HAVE_LFIND 1
| #define HOST_FILLORDER FILLORDER_LSB2MSB
| #define HOST_BIGENDIAN 0
| #define HAVE_IEEEFP 1
| #define CCITT_SUPPORT 1
| #define PACKBITS_SUPPORT 1
| #define LZW_SUPPORT 1
| #define THUNDER_SUPPORT 1
| #define NEXT_SUPPORT 1
| #define LOGLUV_SUPPORT 1
| #define MDI_SUPPORT 1
| #define ZIP_SUPPORT 1
| #define PIXARLOG_SUPPORT 1
| #define JPEG_SUPPORT 1
| #define CXX_SUPPORT 1
| #define X_DISPLAY_MISSING 1
| #define HAVE_PTHREAD 1
| #ifdef __cplusplus
| extern "C" void exit (int);
| #endif
| /* end confdefs.h.  */
| 
| # if HAVE_WINDOWS_H && defined(_WIN32)
| #   include <windows.h>
| # endif
| # include <GL/glu.h>
| int
| main ()
| {
| gluBeginCurve(0)
|   ;
|   return 0;
| }
configure:19797: g++ -o conftest -g -O2    conftest.cc -lGLU  -ljpeg -lz -lc  >&5
conftest.cc:71:21: error: GL/glu.h: No such file or directory
conftest.cc: In function 'int main()':
conftest.cc:75: error: 'gluBeginCurve' was not declared in this scope
configure:19803: $? = 1
configure: failed program was:
| /* confdefs.h.  */
| 
| #define PACKAGE_NAME "LibTIFF Software"
| #define PACKAGE_TARNAME "tiff"
| #define PACKAGE_VERSION "3.8.2"
| #define PACKAGE_STRING "LibTIFF Software 3.8.2"
| #define PACKAGE_BUGREPORT "tiff@lists.maptools.org"
| #define PACKAGE "tiff"
| #define VERSION "3.8.2"
| #define STDC_HEADERS 1
| #define HAVE_SYS_TYPES_H 1
| #define HAVE_SYS_STAT_H 1
| #define HAVE_STDLIB_H 1
| #define HAVE_STRING_H 1
| #define HAVE_MEMORY_H 1
| #define HAVE_STRINGS_H 1
| #define HAVE_INTTYPES_H 1
| #define HAVE_STDINT_H 1
| #define HAVE_UNISTD_H 1
| #define HAVE_DLFCN_H 1
| #define LT_OBJDIR ".libs/"
| #define HAVE_LIBC 1
| #define HAVE_ASSERT_H 1
| #define HAVE_FCNTL_H 1
| #define HAVE_LIMITS_H 1
| #define HAVE_SEARCH_H 1
| #define HAVE_SYS_TIME_H 1
| #define HAVE_UNISTD_H 1
| #define SIZEOF_INT 4
| #define SIZEOF_LONG 8
| #define TIME_WITH_SYS_TIME 1
| #define HAVE_FLOOR 1
| #define HAVE_ISASCII 1
| #define HAVE_MEMMOVE 1
| #define HAVE_MEMSET 1
| #define HAVE_MMAP 1
| #define HAVE_POW 1
| #define HAVE_SQRT 1
| #define HAVE_STRCHR 1
| #define HAVE_STRRCHR 1
| #define HAVE_STRSTR 1
| #define HAVE_STRTOL 1
| #define HAVE_GETOPT 1
| #define HAVE_STRCASECMP 1
| #define HAVE_STRTOUL 1
| #define HAVE_LFIND 1
| #define HOST_FILLORDER FILLORDER_LSB2MSB
| #define HOST_BIGENDIAN 0
| #define HAVE_IEEEFP 1
| #define CCITT_SUPPORT 1
| #define PACKBITS_SUPPORT 1
| #define LZW_SUPPORT 1
| #define THUNDER_SUPPORT 1
| #define NEXT_SUPPORT 1
| #define LOGLUV_SUPPORT 1
| #define MDI_SUPPORT 1
| #define ZIP_SUPPORT 1
| #define PIXARLOG_SUPPORT 1
| #define JPEG_SUPPORT 1
| #define CXX_SUPPORT 1
| #define X_DISPLAY_MISSING 1
| #define HAVE_PTHREAD 1
| #ifdef __cplusplus
| extern "C" void exit (int);
| #endif
| /* end confdefs.h.  */
| 
| # if HAVE_WINDOWS_H && defined(_WIN32)
| #   include <windows.h>
| # endif
| # include <GL/glu.h>
| int
| main ()
| {
| gluBeginCurve(0)
|   ;
|   return 0;
| }
configure:19843: result: no
configure:19881: checking for GLUT library
configure:19917: gcc -o conftest -g -O2 -Wall -W    conftest.c -lglut32  -ljpeg -lz -lc  >&5
conftest.c:71:22: error: GL/glut.h: No such file or directory
conftest.c: In function 'main':
conftest.c:75: warning: implicit declaration of function 'glutMainLoop'
configure:19923: $? = 1
configure: failed program was:
| /* confdefs.h.  */
| 
| #define PACKAGE_NAME "LibTIFF Software"
| #define PACKAGE_TARNAME "tiff"
| #define PACKAGE_VERSION "3.8.2"
| #define PACKAGE_STRING "LibTIFF Software 3.8.2"
| #define PACKAGE_BUGREPORT "tiff@lists.maptools.org"
| #define PACKAGE "tiff"
| #define VERSION "3.8.2"
| #define STDC_HEADERS 1
| #define HAVE_SYS_TYPES_H 1
| #define HAVE_SYS_STAT_H 1
| #define HAVE_STDLIB_H 1
| #define HAVE_STRING_H 1
| #define HAVE_MEMORY_H 1
| #define HAVE_STRINGS_H 1
| #define HAVE_INTTYPES_H 1
| #define HAVE_STDINT_H 1
| #define HAVE_UNISTD_H 1
| #define HAVE_DLFCN_H 1
| #define LT_OBJDIR ".libs/"
| #define HAVE_LIBC 1
| #define HAVE_ASSERT_H 1
| #define HAVE_FCNTL_H 1
| #define HAVE_LIMITS_H 1
| #define HAVE_SEARCH_H 1
| #define HAVE_SYS_TIME_H 1
| #define HAVE_UNISTD_H 1
| #define SIZEOF_INT 4
| #define SIZEOF_LONG 8
| #define TIME_WITH_SYS_TIME 1
| #define HAVE_FLOOR 1
| #define HAVE_ISASCII 1
| #define HAVE_MEMMOVE 1
| #define HAVE_MEMSET 1
| #define HAVE_MMAP 1
| #define HAVE_POW 1
| #define HAVE_SQRT 1
| #define HAVE_STRCHR 1
| #define HAVE_STRRCHR 1
| #define HAVE_STRSTR 1
| #define HAVE_STRTOL 1
| #define HAVE_GETOPT 1
| #define HAVE_STRCASECMP 1
| #define HAVE_STRTOUL 1
| #define HAVE_LFIND 1
| #define HOST_FILLORDER FILLORDER_LSB2MSB
| #define HOST_BIGENDIAN 0
| #define HAVE_IEEEFP 1
| #define CCITT_SUPPORT 1
| #define PACKBITS_SUPPORT 1
| #define LZW_SUPPORT 1
| #define THUNDER_SUPPORT 1
| #define NEXT_SUPPORT 1
| #define LOGLUV_SUPPORT 1
| #define MDI_SUPPORT 1
| #define ZIP_SUPPORT 1
| #define PIXARLOG_SUPPORT 1
| #define JPEG_SUPPORT 1
| #define CXX_SUPPORT 1
| #define X_DISPLAY_MISSING 1
| #define HAVE_PTHREAD 1
| #ifdef __cplusplus
| extern "C" void exit (int);
| #endif
| /* end confdefs.h.  */
| 
| # if HAVE_WINDOWS_H && defined(_WIN32)
| #   include <windows.h>
| # endif
| # include <GL/glut.h>
| int
| main ()
| {
| glutMainLoop()
|   ;
|   return 0;
| }
configure:19917: gcc -o conftest -g -O2 -Wall -W    conftest.c -lglut  -ljpeg -lz -lc  >&5
conftest.c:71:22: error: GL/glut.h: No such file or directory
conftest.c: In function 'main':
conftest.c:75: warning: implicit declaration of function 'glutMainLoop'
configure:19923: $? = 1
configure: failed program was:
| /* confdefs.h.  */
| 
| #define PACKAGE_NAME "LibTIFF Software"
| #define PACKAGE_TARNAME "tiff"
| #define PACKAGE_VERSION "3.8.2"
| #define PACKAGE_STRING "LibTIFF Software 3.8.2"
| #define PACKAGE_BUGREPORT "tiff@lists.maptools.org"
| #define PACKAGE "tiff"
| #define VERSION "3.8.2"
| #define STDC_HEADERS 1
| #define HAVE_SYS_TYPES_H 1
| #define HAVE_SYS_STAT_H 1
| #define HAVE_STDLIB_H 1
| #define HAVE_STRING_H 1
| #define HAVE_MEMORY_H 1
| #define HAVE_STRINGS_H 1
| #define HAVE_INTTYPES_H 1
| #define HAVE_STDINT_H 1
| #define HAVE_UNISTD_H 1
| #define HAVE_DLFCN_H 1
| #define LT_OBJDIR ".libs/"
| #define HAVE_LIBC 1
| #define HAVE_ASSERT_H 1
| #define HAVE_FCNTL_H 1
| #define HAVE_LIMITS_H 1
| #define HAVE_SEARCH_H 1
| #define HAVE_SYS_TIME_H 1
| #define HAVE_UNISTD_H 1
| #define SIZEOF_INT 4
| #define SIZEOF_LONG 8
| #define TIME_WITH_SYS_TIME 1
| #define HAVE_FLOOR 1
| #define HAVE_ISASCII 1
| #define HAVE_MEMMOVE 1
| #define HAVE_MEMSET 1
| #define HAVE_MMAP 1
| #define HAVE_POW 1
| #define HAVE_SQRT 1
| #define HAVE_STRCHR 1
| #define HAVE_STRRCHR 1
| #define HAVE_STRSTR 1
| #define HAVE_STRTOL 1
| #define HAVE_GETOPT 1
| #define HAVE_STRCASECMP 1
| #define HAVE_STRTOUL 1
| #define HAVE_LFIND 1
| #define HOST_FILLORDER FILLORDER_LSB2MSB
| #define HOST_BIGENDIAN 0
| #define HAVE_IEEEFP 1
| #define CCITT_SUPPORT 1
| #define PACKBITS_SUPPORT 1
| #define LZW_SUPPORT 1
| #define THUNDER_SUPPORT 1
| #define NEXT_SUPPORT 1
| #define LOGLUV_SUPPORT 1
| #define MDI_SUPPORT 1
| #define ZIP_SUPPORT 1
| #define PIXARLOG_SUPPORT 1
| #define JPEG_SUPPORT 1
| #define CXX_SUPPORT 1
| #define X_DISPLAY_MISSING 1
| #define HAVE_PTHREAD 1
| #ifdef __cplusplus
| extern "C" void exit (int);
| #endif
| /* end confdefs.h.  */
| 
| # if HAVE_WINDOWS_H && defined(_WIN32)
| #   include <windows.h>
| # endif
| # include <GL/glut.h>
| int
| main ()
| {
| glutMainLoop()
|   ;
|   return 0;
| }
configure:19950: result: no
configure:20225: creating ./config.status

## ---------------------- ##
## Running config.status. ##
## ---------------------- ##

This file was extended by LibTIFF Software config.status 3.8.2, which was
generated by GNU Autoconf 2.59.  Invocation command line was

  CONFIG_FILES    = 
  CONFIG_HEADERS  = 
  CONFIG_LINKS    = 
  CONFIG_COMMANDS = 
  $ ./config.status 

on carlisia-imac-27-home.local

config.status:1046: creating Makefile
config.status:1046: creating contrib/Makefile
config.status:1046: creating contrib/acorn/Makefile
config.status:1046: creating contrib/addtiffo/Makefile
config.status:1046: creating contrib/dbs/Makefile
config.status:1046: creating contrib/dbs/xtiff/Makefile
config.status:1046: creating contrib/iptcutil/Makefile
config.status:1046: creating contrib/mac-cw/Makefile
config.status:1046: creating contrib/mac-mpw/Makefile
config.status:1046: creating contrib/mfs/Makefile
config.status:1046: creating contrib/ojpeg/Makefile
config.status:1046: creating contrib/pds/Makefile
config.status:1046: creating contrib/ras/Makefile
config.status:1046: creating contrib/stream/Makefile
config.status:1046: creating contrib/tags/Makefile
config.status:1046: creating contrib/win_dib/Makefile
config.status:1046: creating html/Makefile
config.status:1046: creating html/images/Makefile
config.status:1046: creating html/man/Makefile
config.status:1046: creating libtiff/Makefile
config.status:1046: creating man/Makefile
config.status:1046: creating port/Makefile
config.status:1046: creating test/Makefile
config.status:1046: creating tools/Makefile
config.status:1112: creating libtiff/tif_config.h
config.status:1112: creating libtiff/tiffconf.h
config.status:1512: executing depfiles commands
config.status:1512: executing libtool commands

## ---------------- ##
## Cache variables. ##
## ---------------- ##

ac_cv_build=i386-apple-darwin10.2.0
ac_cv_build_alias=i386-apple-darwin10.2.0
ac_cv_c_bigendian=no
ac_cv_c_compiler_gnu=yes
ac_cv_c_const=yes
ac_cv_c_inline=inline
ac_cv_cxx_compiler_gnu=yes
ac_cv_env_CC_set=
ac_cv_env_CC_value=
ac_cv_env_CFLAGS_set=
ac_cv_env_CFLAGS_value=
ac_cv_env_CPPFLAGS_set=
ac_cv_env_CPPFLAGS_value=
ac_cv_env_CPP_set=
ac_cv_env_CPP_value=
ac_cv_env_CXXCPP_set=
ac_cv_env_CXXCPP_value=
ac_cv_env_CXXFLAGS_set=
ac_cv_env_CXXFLAGS_value=
ac_cv_env_CXX_set=
ac_cv_env_CXX_value=
ac_cv_env_LDFLAGS_set=
ac_cv_env_LDFLAGS_value=
ac_cv_env_build_alias_set=
ac_cv_env_build_alias_value=
ac_cv_env_host_alias_set=
ac_cv_env_host_alias_value=
ac_cv_env_target_alias_set=
ac_cv_env_target_alias_value=
ac_cv_exeext=
ac_cv_func_floor=yes
ac_cv_func_getopt=yes
ac_cv_func_isascii=yes
ac_cv_func_lfind=yes
ac_cv_func_memmove=yes
ac_cv_func_memset=yes
ac_cv_func_mmap=yes
ac_cv_func_pow=yes
ac_cv_func_sqrt=yes
ac_cv_func_strcasecmp=yes
ac_cv_func_strchr=yes
ac_cv_func_strrchr=yes
ac_cv_func_strstr=yes
ac_cv_func_strtol=yes
ac_cv_func_strtoul=yes
ac_cv_have_x=have_x=no
ac_cv_header_assert_h=yes
ac_cv_header_dlfcn_h=yes
ac_cv_header_fcntl_h=yes
ac_cv_header_inttypes_h=yes
ac_cv_header_jpeglib_h=yes
ac_cv_header_limits_h=yes
ac_cv_header_malloc_h=no
ac_cv_header_memory_h=yes
ac_cv_header_search_h=yes
ac_cv_header_stdc=yes
ac_cv_header_stdint_h=yes
ac_cv_header_stdlib_h=yes
ac_cv_header_string_h=yes
ac_cv_header_strings_h=yes
ac_cv_header_sys_stat_h=yes
ac_cv_header_sys_time_h=yes
ac_cv_header_sys_types_h=yes
ac_cv_header_time=yes
ac_cv_header_unistd_h=yes
ac_cv_header_windows_h=no
ac_cv_header_zlib_h=yes
ac_cv_host=i386-apple-darwin10.2.0
ac_cv_host_alias=i386-apple-darwin10.2.0
ac_cv_lib_c_main=yes
ac_cv_lib_jpeg_jpeg_read_scanlines=yes
ac_cv_lib_z_inflateEnd=yes
ac_cv_objext=o
ac_cv_path_install='/usr/bin/install -c'
ac_cv_prog_AWK=awk
ac_cv_prog_CPP='gcc -E'
ac_cv_prog_CXXCPP='g++ -E'
ac_cv_prog_PTHREAD_CC=gcc
ac_cv_prog_ac_ct_AR=ar
ac_cv_prog_ac_ct_CC=gcc
ac_cv_prog_ac_ct_CXX=g++
ac_cv_prog_ac_ct_RANLIB=ranlib
ac_cv_prog_ac_ct_STRIP=strip
ac_cv_prog_cc_g=yes
ac_cv_prog_cc_gcc_c_o=yes
ac_cv_prog_cc_stdc=
ac_cv_prog_cxx_g=yes
ac_cv_prog_egrep='grep -E'
ac_cv_prog_fgrep='grep -F'
ac_cv_prog_make_make_set=yes
ac_cv_sizeof_int=4
ac_cv_sizeof_long=8
ac_cv_struct_tm=time.h
ac_cv_sys_file_offset_bits=no
ac_cv_sys_large_files=no
ac_cv_sys_largefile_CC=no
ac_cv_target=i386-apple-darwin10.2.0
ac_cv_target_alias=i386-apple-darwin10.2.0
ac_cv_type_int=yes
ac_cv_type_int16=no
ac_cv_type_int32=no
ac_cv_type_int8=no
ac_cv_type_long=yes
ac_cv_type_off_t=yes
ac_cv_type_size_t=yes
am_cv_CC_dependencies_compiler_type=gcc3
am_cv_CXX_dependencies_compiler_type=gcc3
ax_cv_c_compiler_ms=no
ax_cv_check_gl_libgl=no
ax_cv_check_glu_libglu=no
ax_cv_check_glut_libglut=no
lt_cv_apple_cc_single_mod=yes
lt_cv_deplibs_check_method=pass_all
lt_cv_file_magic_cmd='$MAGIC_CMD'
lt_cv_file_magic_test_file=
lt_cv_ld_reload_flag=-r
lt_cv_nm_interface='BSD nm'
lt_cv_objdir=.libs
lt_cv_path_LD=/usr/libexec/gcc/i686-apple-darwin10/4.2.1/ld
lt_cv_path_LDCXX=/usr/libexec/gcc/i686-apple-darwin10/4.2.1/ld
lt_cv_path_NM=/usr/bin/nm
lt_cv_path_SED=/usr/bin/sed
lt_cv_prog_compiler_c_o=yes
lt_cv_prog_compiler_c_o_CXX=yes
lt_cv_prog_compiler_rtti_exceptions=no
lt_cv_prog_gnu_ld=no
lt_cv_prog_gnu_ldcxx=no
lt_cv_sys_global_symbol_pipe='sed -n -e '\''s/^.*[ 	]\([BCDEGRST][BCDEGRST]*\)[ 	][ 	]*_\([_A-Za-z][_A-Za-z0-9]*\)$/\1 _\2 \2/p'\'''
lt_cv_sys_global_symbol_to_c_name_address='sed -n -e '\''s/^: \([^ ]*\) $/  {\"\1\", (void *) 0},/p'\'' -e '\''s/^[BCDEGRST]* \([^ ]*\) \([^ ]*\)$/  {"\2", (void *) \&\2},/p'\'''
lt_cv_sys_global_symbol_to_cdecl='sed -n -e '\''s/^T .* \(.*\)$/extern int \1();/p'\'' -e '\''s/^[BCDEGRST]* .* \(.*\)$/extern char \1;/p'\'''
lt_cv_sys_max_cmd_len=196608
vl_cv_prog_cc_warnings='-Wall -W'

## ----------------- ##
## Output variables. ##
## ----------------- ##

ACLOCAL='${SHELL} /Users/carlisia/src/install/tiff-3.8.2/config/missing --run aclocal-1.9'
AMDEPBACKSLASH='\'
AMDEP_FALSE='#'
AMDEP_TRUE=''
AMTAR='${SHELL} /Users/carlisia/src/install/tiff-3.8.2/config/missing --run tar'
AR='ar'
AS='as'
AUTOCONF='${SHELL} /Users/carlisia/src/install/tiff-3.8.2/config/missing --run autoconf'
AUTOHEADER='${SHELL} /Users/carlisia/src/install/tiff-3.8.2/config/missing --run autoheader'
AUTOMAKE='${SHELL} /Users/carlisia/src/install/tiff-3.8.2/config/missing --run automake-1.9'
AWK='awk'
CC='gcc'
CCDEPMODE='depmode=gcc3'
CFLAGS='-g -O2 -Wall -W'
CPP='gcc -E'
CPPFLAGS=''
CXX='g++'
CXXCPP='g++ -E'
CXXDEPMODE='depmode=gcc3'
CXXFLAGS='-g -O2'
CYGPATH_W='echo'
DEFS='-DHAVE_CONFIG_H'
DEPDIR='.deps'
DLLTOOL='dlltool'
DUMPBIN=''
ECHO_C='ECHO_N=''
ECHO_T=''
EGREP='grep -E'
EXEEXT=''
FGREP='grep -F'
GLUT_CFLAGS=''
GLUT_LIBS=''
GLU_CFLAGS=''
GLU_LIBS=''
GL_CFLAGS=''
GL_LIBS=''
GREP='grep'
HAVE_CXX_FALSE='#'
HAVE_CXX_TRUE=''
HAVE_OPENGL_FALSE=''
HAVE_OPENGL_TRUE='#'
HAVE_RPATH_FALSE=''
HAVE_RPATH_TRUE='#'
INSTALL_DATA='${INSTALL} -m 644'
INSTALL_PROGRAM='${INSTALL}'
INSTALL_SCRIPT='${INSTALL}'
INSTALL_STRIP_PROGRAM='${SHELL} $(install_sh) -c -s'
LD='/usr/libexec/gcc/i686-apple-darwin10/4.2.1/ld'
LDFLAGS=''
LIBDIR=''
LIBOBJS=''
LIBS='-ljpeg -lz -lc '
LIBTIFF_ALPHA_VERSION=''
LIBTIFF_DOCDIR='${prefix}/share/doc/tiff-3.8.2'
LIBTIFF_MAJOR_VERSION='3'
LIBTIFF_MICRO_VERSION='2'
LIBTIFF_MINOR_VERSION='8'
LIBTIFF_RELEASE_DATE='20091127'
LIBTIFF_VERSION='3.8.2'
LIBTIFF_VERSION_INFO='3:8:2'
LIBTOOL='$(SHELL) $(top_builddir)/libtool'
LN_S='ln -s'
LTLIBOBJS=''
MAINT='#'
MAINTAINER_MODE_FALSE=''
MAINTAINER_MODE_TRUE='#'
MAKEINFO='${SHELL} /Users/carlisia/src/install/tiff-3.8.2/config/missing --run makeinfo'
NM='/usr/bin/nm'
OBJDUMP='objdump'
OBJEXT='o'
PACKAGE='tiff'
PACKAGE_BUGREPORT='tiff@lists.maptools.org'
PACKAGE_NAME='LibTIFF Software'
PACKAGE_STRING='LibTIFF Software 3.8.2'
PACKAGE_TARNAME='tiff'
PACKAGE_VERSION='3.8.2'
PATH_SEPARATOR=':'
PTHREAD_CC='gcc'
PTHREAD_CFLAGS='-D_THREAD_SAFE '
PTHREAD_LIBS=''
RANLIB='ranlib'
SED='/usr/bin/sed'
SET_MAKE=''
SHELL='/bin/sh'
STRIP='strip'
VERSION='3.8.2'
X_CFLAGS=''
X_EXTRA_LIBS=''
X_LIBS=''
X_PRE_LIBS=''
ac_ct_AR='ar'
ac_ct_AS=''
ac_ct_CC='gcc'
ac_ct_CXX='g++'
ac_ct_DLLTOOL=''
ac_ct_DUMPBIN=''
ac_ct_OBJDUMP=''
ac_ct_RANLIB='ranlib'
ac_ct_STRIP='strip'
acx_pthread_config=''
am__fastdepCC_FALSE='#'
am__fastdepCC_TRUE=''
am__fastdepCXX_FALSE='#'
am__fastdepCXX_TRUE=''
am__include='include'
am__leading_dot='.'
am__quote=''
am__tar='${AMTAR} chof - "$$tardir"'
am__untar='${AMTAR} xf -'
bindir='${exec_prefix}/bin'
build='i386-apple-darwin10.2.0'
build_alias=''
build_cpu='i386'
build_os='darwin10.2.0'
build_vendor='apple'
datadir='${prefix}/share'
exec_prefix='${prefix}'
host='i386-apple-darwin10.2.0'
host_alias=''
host_cpu='i386'
host_os='darwin10.2.0'
host_vendor='apple'
includedir='${prefix}/include'
infodir='${prefix}/info'
install_sh='/Users/carlisia/src/install/tiff-3.8.2/config/install-sh'
libdir='${exec_prefix}/lib'
libexecdir='${exec_prefix}/libexec'
localstatedir='${prefix}/var'
lt_ECHO='/bin/echo'
mandir='${prefix}/man'
mkdir_p='$(mkinstalldirs)'
oldincludedir='/usr/include'
prefix='/usr/local'
program_transform_name='s,x,x,'
sbindir='${exec_prefix}/sbin'
sharedstatedir='${prefix}/com'
sysconfdir='${prefix}/etc'
target='i386-apple-darwin10.2.0'
target_alias=''
target_cpu='i386'
target_os='darwin10.2.0'
target_vendor='apple'

## ----------- ##
## confdefs.h. ##
## ----------- ##

#define CCITT_SUPPORT 1
#define CHECK_JPEG_YCBCR_SUBSAMPLING 1
#define CXX_SUPPORT 1
#define DEFAULT_EXTRASAMPLE_AS_ALPHA 1
#define HAVE_ASSERT_H 1
#define HAVE_DLFCN_H 1
#define HAVE_FCNTL_H 1
#define HAVE_FLOOR 1
#define HAVE_GETOPT 1
#define HAVE_IEEEFP 1
#define HAVE_INTTYPES_H 1
#define HAVE_ISASCII 1
#define HAVE_LFIND 1
#define HAVE_LIBC 1
#define HAVE_LIMITS_H 1
#define HAVE_MEMMOVE 1
#define HAVE_MEMORY_H 1
#define HAVE_MEMSET 1
#define HAVE_MMAP 1
#define HAVE_POW 1
#define HAVE_PTHREAD 1
#define HAVE_SEARCH_H 1
#define HAVE_SQRT 1
#define HAVE_STDINT_H 1
#define HAVE_STDLIB_H 1
#define HAVE_STRCASECMP 1
#define HAVE_STRCHR 1
#define HAVE_STRINGS_H 1
#define HAVE_STRING_H 1
#define HAVE_STRRCHR 1
#define HAVE_STRSTR 1
#define HAVE_STRTOL 1
#define HAVE_STRTOUL 1
#define HAVE_SYS_STAT_H 1
#define HAVE_SYS_TIME_H 1
#define HAVE_SYS_TYPES_H 1
#define HAVE_UNISTD_H 1
#define HAVE_UNISTD_H 1
#define HOST_BIGENDIAN 0
#define HOST_FILLORDER FILLORDER_LSB2MSB
#define JPEG_SUPPORT 1
#define LOGLUV_SUPPORT 1
#define LT_OBJDIR ".libs/"
#define LZW_SUPPORT 1
#define MDI_SUPPORT 1
#define NEXT_SUPPORT 1
#define PACKAGE "tiff"
#define PACKAGE_BUGREPORT "tiff@lists.maptools.org"
#define PACKAGE_NAME "LibTIFF Software"
#define PACKAGE_STRING "LibTIFF Software 3.8.2"
#define PACKAGE_TARNAME "tiff"
#define PACKAGE_VERSION "3.8.2"
#define PACKBITS_SUPPORT 1
#define PIXARLOG_SUPPORT 1
#define SIZEOF_INT 4
#define SIZEOF_LONG 8
#define STDC_HEADERS 1
#define STRIPCHOP_DEFAULT TIFF_STRIPCHOP
#define STRIP_SIZE_DEFAULT 8192
#define SUBIFD_SUPPORT 1
#define THUNDER_SUPPORT 1
#define TIME_WITH_SYS_TIME 1
#define VERSION "3.8.2"
#define X_DISPLAY_MISSING 1
#define ZIP_SUPPORT 1
#endif
#ifdef __cplusplus
extern "C" void exit (int);

configure: exit 0
