This file contains any messages produced by compilers while
running configure, to aid debugging if configure makes a mistake.

It was created by libwmf configure 0.2.8, which was
generated by GNU Autoconf 2.59.  Invocation command line was

  $ ./configure 

## --------- ##
## Platform. ##
## --------- ##

hostname = carlisia-imac-27-home.local
uname -m = i386
uname -r = 10.2.0
uname -s = Darwin
uname -v = Darwin Kernel Version 10.2.0: Tue Nov  3 23:08:29 PST 2009; root:xnu-1486.2.11~3/RELEASE_I386

/usr/bin/uname -p = i386
/bin/uname -X     = unknown

/bin/arch              = unknown
/usr/bin/arch -k       = unknown
/usr/convex/getsysinfo = unknown
hostinfo               = Mach kernel version:
	 Darwin Kernel Version 10.2.0: Tue Nov  3 23:08:29 PST 2009; root:xnu-1486.2.11~3/RELEASE_I386
Kernel configured for up to 8 processors.
4 processors are physically available.
8 processors are logically available.
Processor type: i486 (Intel 80486)
Processors active: 0 1 2 3 4 5 6 7
Primary memory available: 8.00 gigabytes
Default processor set: 77 tasks, 387 threads, 8 processors
Load average: 0.84, Mach factor: 7.15
/bin/machine           = unknown
/usr/bin/oslevel       = unknown
/bin/universe          = unknown

PATH: /usr/local/bin
PATH: /usr/local/sbin
PATH: /usr/bin
PATH: /bin
PATH: /usr/sbin
PATH: /sbin
PATH: /usr/local/bin
PATH: /usr/local/git/bin
PATH: /usr/X11/bin
PATH: /usr/local/mysql/bin


## ----------- ##
## Core tests. ##
## ----------- ##

configure:1625: checking for a BSD-compatible install
configure:1680: result: /usr/bin/install -c
configure:1691: checking whether build environment is sane
configure:1734: result: yes
configure:1799: checking for gawk
configure:1828: result: no
configure:1799: checking for mawk
configure:1828: result: no
configure:1799: checking for nawk
configure:1828: result: no
configure:1799: checking for awk
configure:1815: found /usr/bin/awk
configure:1825: result: awk
configure:1835: checking whether make sets $(MAKE)
configure:1855: result: yes
configure:2103: checking build system type
configure:2121: result: i686-apple-darwin10.2.0
configure:2129: checking host system type
configure:2143: result: i686-apple-darwin10.2.0
configure:2166: checking for Win32
configure:2178: result: no
configure:2188: checking for gawk
configure:2214: result: awk
configure:2270: checking for gcc
configure:2286: found /usr/bin/gcc
configure:2296: result: gcc
configure:2540: checking for C compiler version
configure:2543: gcc --version </dev/null >&5
i686-apple-darwin10-gcc-4.2.1 (GCC) 4.2.1 (Apple Inc. build 5646)
Copyright (C) 2007 Free Software Foundation, Inc.
This is free software; see the source for copying conditions.  There is NO
warranty; not even for MERCHANTABILITY or FITNESS FOR A PARTICULAR PURPOSE.

configure:2546: $? = 0
configure:2548: gcc -v </dev/null >&5
Using built-in specs.
Target: i686-apple-darwin10
Configured with: /var/tmp/gcc/gcc-5646~6/src/configure --disable-checking --enable-werror --prefix=/usr --mandir=/share/man --enable-languages=c,objc,c++,obj-c++ --program-transform-name=/^[cg][^.-]*$/s/$/-4.2/ --with-slibdir=/usr/lib --build=i686-apple-darwin10 --with-gxx-include-dir=/include/c++/4.2.1 --program-prefix=i686-apple-darwin10- --host=x86_64-apple-darwin10 --target=i686-apple-darwin10
Thread model: posix
gcc version 4.2.1 (Apple Inc. build 5646)
configure:2551: $? = 0
configure:2553: gcc -V </dev/null >&5
gcc-4.2: argument to `-V' is missing
configure:2556: $? = 1
configure:2579: checking for C compiler default output file name
configure:2582: gcc    conftest.c  >&5
configure:2585: $? = 0
configure:2631: result: a.out
configure:2636: checking whether the C compiler works
configure:2642: ./a.out
configure:2645: $? = 0
configure:2662: result: yes
configure:2669: checking whether we are cross compiling
configure:2671: result: no
configure:2674: checking for suffix of executables
configure:2676: gcc -o conftest    conftest.c  >&5
configure:2679: $? = 0
configure:2704: result: 
configure:2710: checking for suffix of object files
configure:2731: gcc -c   conftest.c >&5
configure:2734: $? = 0
configure:2756: result: o
configure:2760: checking whether we are using the GNU C compiler
configure:2784: gcc -c   conftest.c >&5
configure:2790: $? = 0
configure:2794: test -z 
			 || test ! -s conftest.err
configure:2797: $? = 0
configure:2800: test -s conftest.o
configure:2803: $? = 0
configure:2816: result: yes
configure:2822: checking whether gcc accepts -g
configure:2843: gcc -c -g  conftest.c >&5
configure:2849: $? = 0
configure:2853: test -z 
			 || test ! -s conftest.err
configure:2856: $? = 0
configure:2859: test -s conftest.o
configure:2862: $? = 0
configure:2873: result: yes
configure:2890: checking for gcc option to accept ANSI C
configure:2960: gcc  -c -g -O2  conftest.c >&5
configure:2966: $? = 0
configure:2970: test -z 
			 || test ! -s conftest.err
configure:2973: $? = 0
configure:2976: test -s conftest.o
configure:2979: $? = 0
configure:2997: result: none needed
configure:3015: gcc -c -g -O2  conftest.c >&5
conftest.c:2: error: expected '=', ',', ';', 'asm' or '__attribute__' before 'me'
configure:3021: $? = 1
configure: failed program was:
| #ifndef __cplusplus
|   choke me
| #endif
configure:3165: checking for style of include used by make
configure:3193: result: GNU
configure:3221: checking dependency style of gcc
configure:3311: result: gcc3
configure:3333: checking how to run the C preprocessor
configure:3368: gcc -E  conftest.c
configure:3374: $? = 0
configure:3406: gcc -E  conftest.c
conftest.c:9:28: error: ac_nonexistent.h: No such file or directory
configure:3412: $? = 1
configure: failed program was:
| /* confdefs.h.  */
| 
| #define PACKAGE_NAME "libwmf"
| #define PACKAGE_TARNAME "libwmf"
| #define PACKAGE_VERSION "0.2.8"
| #define PACKAGE_STRING "libwmf 0.2.8"
| #define PACKAGE_BUGREPORT "wvware-devel@sourceforge.net"
| /* end confdefs.h.  */
| #include <ac_nonexistent.h>
configure:3451: result: gcc -E
configure:3475: gcc -E  conftest.c
configure:3481: $? = 0
configure:3513: gcc -E  conftest.c
conftest.c:9:28: error: ac_nonexistent.h: No such file or directory
configure:3519: $? = 1
configure: failed program was:
| /* confdefs.h.  */
| 
| #define PACKAGE_NAME "libwmf"
| #define PACKAGE_TARNAME "libwmf"
| #define PACKAGE_VERSION "0.2.8"
| #define PACKAGE_STRING "libwmf 0.2.8"
| #define PACKAGE_BUGREPORT "wvware-devel@sourceforge.net"
| /* end confdefs.h.  */
| #include <ac_nonexistent.h>
configure:3575: checking for a BSD-compatible install
configure:3630: result: /usr/bin/install -c
configure:3641: checking whether ln -s works
configure:3645: result: yes
configure:3652: checking whether make sets $(MAKE)
configure:3672: result: yes
configure:3757: checking for a sed that does not truncate output
configure:3811: result: /usr/bin/sed
configure:3814: checking for egrep
configure:3824: result: grep -E
configure:3840: checking for ld used by gcc
configure:3907: result: /usr/libexec/gcc/i686-apple-darwin10/4.2.1/ld
configure:3916: checking if the linker (/usr/libexec/gcc/i686-apple-darwin10/4.2.1/ld) is GNU ld
configure:3931: result: no
configure:3936: checking for /usr/libexec/gcc/i686-apple-darwin10/4.2.1/ld option to reload object files
configure:3943: result: -r
configure:3952: checking for BSD-compatible nm
configure:3994: result: /usr/bin/nm
configure:3998: checking how to recognise dependent libraries
configure:4181: result: pass_all
configure:4631: checking for ANSI C header files
configure:4656: gcc -c -g -O2  conftest.c >&5
configure:4662: $? = 0
configure:4666: test -z 
			 || test ! -s conftest.err
configure:4669: $? = 0
configure:4672: test -s conftest.o
configure:4675: $? = 0
configure:4764: gcc -o conftest -g -O2   conftest.c  >&5
conftest.c: In function 'main':
conftest.c:26: warning: incompatible implicit declaration of built-in function 'exit'
configure:4767: $? = 0
configure:4769: ./conftest
configure:4772: $? = 0
configure:4787: result: yes
configure:4811: checking for sys/types.h
configure:4827: gcc -c -g -O2  conftest.c >&5
configure:4833: $? = 0
configure:4837: test -z 
			 || test ! -s conftest.err
configure:4840: $? = 0
configure:4843: test -s conftest.o
configure:4846: $? = 0
configure:4857: result: yes
configure:4811: checking for sys/stat.h
configure:4827: gcc -c -g -O2  conftest.c >&5
configure:4833: $? = 0
configure:4837: test -z 
			 || test ! -s conftest.err
configure:4840: $? = 0
configure:4843: test -s conftest.o
configure:4846: $? = 0
configure:4857: result: yes
configure:4811: checking for stdlib.h
configure:4827: gcc -c -g -O2  conftest.c >&5
configure:4833: $? = 0
configure:4837: test -z 
			 || test ! -s conftest.err
configure:4840: $? = 0
configure:4843: test -s conftest.o
configure:4846: $? = 0
configure:4857: result: yes
configure:4811: checking for string.h
configure:4827: gcc -c -g -O2  conftest.c >&5
configure:4833: $? = 0
configure:4837: test -z 
			 || test ! -s conftest.err
configure:4840: $? = 0
configure:4843: test -s conftest.o
configure:4846: $? = 0
configure:4857: result: yes
configure:4811: checking for memory.h
configure:4827: gcc -c -g -O2  conftest.c >&5
configure:4833: $? = 0
configure:4837: test -z 
			 || test ! -s conftest.err
configure:4840: $? = 0
configure:4843: test -s conftest.o
configure:4846: $? = 0
configure:4857: result: yes
configure:4811: checking for strings.h
configure:4827: gcc -c -g -O2  conftest.c >&5
configure:4833: $? = 0
configure:4837: test -z 
			 || test ! -s conftest.err
configure:4840: $? = 0
configure:4843: test -s conftest.o
configure:4846: $? = 0
configure:4857: result: yes
configure:4811: checking for inttypes.h
configure:4827: gcc -c -g -O2  conftest.c >&5
configure:4833: $? = 0
configure:4837: test -z 
			 || test ! -s conftest.err
configure:4840: $? = 0
configure:4843: test -s conftest.o
configure:4846: $? = 0
configure:4857: result: yes
configure:4811: checking for stdint.h
configure:4827: gcc -c -g -O2  conftest.c >&5
configure:4833: $? = 0
configure:4837: test -z 
			 || test ! -s conftest.err
configure:4840: $? = 0
configure:4843: test -s conftest.o
configure:4846: $? = 0
configure:4857: result: yes
configure:4811: checking for unistd.h
configure:4827: gcc -c -g -O2  conftest.c >&5
configure:4833: $? = 0
configure:4837: test -z 
			 || test ! -s conftest.err
configure:4840: $? = 0
configure:4843: test -s conftest.o
configure:4846: $? = 0
configure:4857: result: yes
configure:4883: checking dlfcn.h usability
configure:4895: gcc -c -g -O2  conftest.c >&5
configure:4901: $? = 0
configure:4905: test -z 
			 || test ! -s conftest.err
configure:4908: $? = 0
configure:4911: test -s conftest.o
configure:4914: $? = 0
configure:4924: result: yes
configure:4928: checking dlfcn.h presence
configure:4938: gcc -E  conftest.c
configure:4944: $? = 0
configure:4964: result: yes
configure:4999: checking for dlfcn.h
configure:5006: result: yes
configure:5071: checking for g++
configure:5087: found /usr/bin/g++
configure:5097: result: g++
configure:5113: checking for C++ compiler version
configure:5116: g++ --version </dev/null >&5
i686-apple-darwin10-g++-4.2.1 (GCC) 4.2.1 (Apple Inc. build 5646)
Copyright (C) 2007 Free Software Foundation, Inc.
This is free software; see the source for copying conditions.  There is NO
warranty; not even for MERCHANTABILITY or FITNESS FOR A PARTICULAR PURPOSE.

configure:5119: $? = 0
configure:5121: g++ -v </dev/null >&5
Using built-in specs.
Target: i686-apple-darwin10
Configured with: /var/tmp/gcc/gcc-5646~6/src/configure --disable-checking --enable-werror --prefix=/usr --mandir=/share/man --enable-languages=c,objc,c++,obj-c++ --program-transform-name=/^[cg][^.-]*$/s/$/-4.2/ --with-slibdir=/usr/lib --build=i686-apple-darwin10 --with-gxx-include-dir=/include/c++/4.2.1 --program-prefix=i686-apple-darwin10- --host=x86_64-apple-darwin10 --target=i686-apple-darwin10
Thread model: posix
gcc version 4.2.1 (Apple Inc. build 5646)
configure:5124: $? = 0
configure:5126: g++ -V </dev/null >&5
g++-4.2: argument to `-V' is missing
configure:5129: $? = 1
configure:5132: checking whether we are using the GNU C++ compiler
configure:5156: g++ -c   conftest.cc >&5
configure:5162: $? = 0
configure:5166: test -z 
			 || test ! -s conftest.err
configure:5169: $? = 0
configure:5172: test -s conftest.o
configure:5175: $? = 0
configure:5188: result: yes
configure:5194: checking whether g++ accepts -g
configure:5215: g++ -c -g  conftest.cc >&5
configure:5221: $? = 0
configure:5225: test -z 
			 || test ! -s conftest.err
configure:5228: $? = 0
configure:5231: test -s conftest.o
configure:5234: $? = 0
configure:5245: result: yes
configure:5287: g++ -c -g -O2  conftest.cc >&5
configure:5293: $? = 0
configure:5297: test -z 
			 || test ! -s conftest.err
configure:5300: $? = 0
configure:5303: test -s conftest.o
configure:5306: $? = 0
configure:5332: g++ -c -g -O2  conftest.cc >&5
conftest.cc: In function 'int main()':
conftest.cc:24: error: 'exit' was not declared in this scope
configure:5338: $? = 1
configure: failed program was:
| /* confdefs.h.  */
| 
| #define PACKAGE_NAME "libwmf"
| #define PACKAGE_TARNAME "libwmf"
| #define PACKAGE_VERSION "0.2.8"
| #define PACKAGE_STRING "libwmf 0.2.8"
| #define PACKAGE_BUGREPORT "wvware-devel@sourceforge.net"
| #define STDC_HEADERS 1
| #define HAVE_SYS_TYPES_H 1
| #define HAVE_SYS_STAT_H 1
| #define HAVE_STDLIB_H 1
| #define HAVE_STRING_H 1
| #define HAVE_MEMORY_H 1
| #define HAVE_STRINGS_H 1
| #define HAVE_INTTYPES_H 1
| #define HAVE_STDINT_H 1
| #define HAVE_UNISTD_H 1
| #define HAVE_DLFCN_H 1
| /* end confdefs.h.  */
| 
| int
| main ()
| {
| exit (42);
|   ;
|   return 0;
| }
configure:5287: g++ -c -g -O2  conftest.cc >&5
conftest.cc:20: error: 'void std::exit(int)' should have been declared inside 'std'
In file included from conftest.cc:21:
/usr/include/stdlib.h:159: error: declaration of 'void std::exit(int)' throws different exceptions
conftest.cc:20: error: from previous declaration 'void std::exit(int) throw ()'
configure:5293: $? = 1
configure: failed program was:
| /* confdefs.h.  */
| 
| #define PACKAGE_NAME "libwmf"
| #define PACKAGE_TARNAME "libwmf"
| #define PACKAGE_VERSION "0.2.8"
| #define PACKAGE_STRING "libwmf 0.2.8"
| #define PACKAGE_BUGREPORT "wvware-devel@sourceforge.net"
| #define STDC_HEADERS 1
| #define HAVE_SYS_TYPES_H 1
| #define HAVE_SYS_STAT_H 1
| #define HAVE_STDLIB_H 1
| #define HAVE_STRING_H 1
| #define HAVE_MEMORY_H 1
| #define HAVE_STRINGS_H 1
| #define HAVE_INTTYPES_H 1
| #define HAVE_STDINT_H 1
| #define HAVE_UNISTD_H 1
| #define HAVE_DLFCN_H 1
| /* end confdefs.h.  */
| extern "C" void std::exit (int) throw (); using std::exit;
| #include <stdlib.h>
| int
| main ()
| {
| exit (42);
|   ;
|   return 0;
| }
configure:5287: g++ -c -g -O2  conftest.cc >&5
conftest.cc:20: error: 'void std::exit(int)' should have been declared inside 'std'
configure:5293: $? = 1
configure: failed program was:
| /* confdefs.h.  */
| 
| #define PACKAGE_NAME "libwmf"
| #define PACKAGE_TARNAME "libwmf"
| #define PACKAGE_VERSION "0.2.8"
| #define PACKAGE_STRING "libwmf 0.2.8"
| #define PACKAGE_BUGREPORT "wvware-devel@sourceforge.net"
| #define STDC_HEADERS 1
| #define HAVE_SYS_TYPES_H 1
| #define HAVE_SYS_STAT_H 1
| #define HAVE_STDLIB_H 1
| #define HAVE_STRING_H 1
| #define HAVE_MEMORY_H 1
| #define HAVE_STRINGS_H 1
| #define HAVE_INTTYPES_H 1
| #define HAVE_STDINT_H 1
| #define HAVE_UNISTD_H 1
| #define HAVE_DLFCN_H 1
| /* end confdefs.h.  */
| extern "C" void std::exit (int); using std::exit;
| #include <stdlib.h>
| int
| main ()
| {
| exit (42);
|   ;
|   return 0;
| }
configure:5287: g++ -c -g -O2  conftest.cc >&5
In file included from conftest.cc:21:
/usr/include/stdlib.h:159: error: declaration of 'void exit(int)' throws different exceptions
conftest.cc:20: error: from previous declaration 'void exit(int) throw ()'
configure:5293: $? = 1
configure: failed program was:
| /* confdefs.h.  */
| 
| #define PACKAGE_NAME "libwmf"
| #define PACKAGE_TARNAME "libwmf"
| #define PACKAGE_VERSION "0.2.8"
| #define PACKAGE_STRING "libwmf 0.2.8"
| #define PACKAGE_BUGREPORT "wvware-devel@sourceforge.net"
| #define STDC_HEADERS 1
| #define HAVE_SYS_TYPES_H 1
| #define HAVE_SYS_STAT_H 1
| #define HAVE_STDLIB_H 1
| #define HAVE_STRING_H 1
| #define HAVE_MEMORY_H 1
| #define HAVE_STRINGS_H 1
| #define HAVE_INTTYPES_H 1
| #define HAVE_STDINT_H 1
| #define HAVE_UNISTD_H 1
| #define HAVE_DLFCN_H 1
| /* end confdefs.h.  */
| extern "C" void exit (int) throw ();
| #include <stdlib.h>
| int
| main ()
| {
| exit (42);
|   ;
|   return 0;
| }
configure:5287: g++ -c -g -O2  conftest.cc >&5
configure:5293: $? = 0
configure:5297: test -z 
			 || test ! -s conftest.err
configure:5300: $? = 0
configure:5303: test -s conftest.o
configure:5306: $? = 0
configure:5332: g++ -c -g -O2  conftest.cc >&5
configure:5338: $? = 0
configure:5342: test -z 
			 || test ! -s conftest.err
configure:5345: $? = 0
configure:5348: test -s conftest.o
configure:5351: $? = 0
configure:5376: checking dependency style of g++
configure:5466: result: gcc3
configure:5488: checking how to run the C++ preprocessor
configure:5519: g++ -E  conftest.cc
configure:5525: $? = 0
configure:5557: g++ -E  conftest.cc
conftest.cc:23:28: error: ac_nonexistent.h: No such file or directory
configure:5563: $? = 1
configure: failed program was:
| /* confdefs.h.  */
| 
| #define PACKAGE_NAME "libwmf"
| #define PACKAGE_TARNAME "libwmf"
| #define PACKAGE_VERSION "0.2.8"
| #define PACKAGE_STRING "libwmf 0.2.8"
| #define PACKAGE_BUGREPORT "wvware-devel@sourceforge.net"
| #define STDC_HEADERS 1
| #define HAVE_SYS_TYPES_H 1
| #define HAVE_SYS_STAT_H 1
| #define HAVE_STDLIB_H 1
| #define HAVE_STRING_H 1
| #define HAVE_MEMORY_H 1
| #define HAVE_STRINGS_H 1
| #define HAVE_INTTYPES_H 1
| #define HAVE_STDINT_H 1
| #define HAVE_UNISTD_H 1
| #define HAVE_DLFCN_H 1
| #ifdef __cplusplus
| extern "C" void exit (int);
| #endif
| /* end confdefs.h.  */
| #include <ac_nonexistent.h>
configure:5602: result: g++ -E
configure:5626: g++ -E  conftest.cc
configure:5632: $? = 0
configure:5664: g++ -E  conftest.cc
conftest.cc:23:28: error: ac_nonexistent.h: No such file or directory
configure:5670: $? = 1
configure: failed program was:
| /* confdefs.h.  */
| 
| #define PACKAGE_NAME "libwmf"
| #define PACKAGE_TARNAME "libwmf"
| #define PACKAGE_VERSION "0.2.8"
| #define PACKAGE_STRING "libwmf 0.2.8"
| #define PACKAGE_BUGREPORT "wvware-devel@sourceforge.net"
| #define STDC_HEADERS 1
| #define HAVE_SYS_TYPES_H 1
| #define HAVE_SYS_STAT_H 1
| #define HAVE_STDLIB_H 1
| #define HAVE_STRING_H 1
| #define HAVE_MEMORY_H 1
| #define HAVE_STRINGS_H 1
| #define HAVE_INTTYPES_H 1
| #define HAVE_STDINT_H 1
| #define HAVE_UNISTD_H 1
| #define HAVE_DLFCN_H 1
| #ifdef __cplusplus
| extern "C" void exit (int);
| #endif
| /* end confdefs.h.  */
| #include <ac_nonexistent.h>
configure:5765: checking for g77
configure:5794: result: no
configure:5765: checking for f77
configure:5794: result: no
configure:5765: checking for xlf
configure:5794: result: no
configure:5765: checking for frt
configure:5794: result: no
configure:5765: checking for pgf77
configure:5794: result: no
configure:5765: checking for fort77
configure:5794: result: no
configure:5765: checking for fl32
configure:5794: result: no
configure:5765: checking for af77
configure:5794: result: no
configure:5765: checking for f90
configure:5794: result: no
configure:5765: checking for xlf90
configure:5794: result: no
configure:5765: checking for pgf90
configure:5794: result: no
configure:5765: checking for epcf90
configure:5794: result: no
configure:5765: checking for f95
configure:5794: result: no
configure:5765: checking for fort
configure:5794: result: no
configure:5765: checking for xlf95
configure:5794: result: no
configure:5765: checking for ifc
configure:5794: result: no
configure:5765: checking for efc
configure:5794: result: no
configure:5765: checking for pgf95
configure:5794: result: no
configure:5765: checking for lf95
configure:5794: result: no
configure:5765: checking for gfortran
configure:5794: result: no
configure:5806: checking for Fortran 77 compiler version
configure:5809:  --version </dev/null >&5
./configure: line 5810: --version: command not found
configure:5812: $? = 127
configure:5814:  -v </dev/null >&5
./configure: line 5815: -v: command not found
configure:5817: $? = 127
configure:5819:  -V </dev/null >&5
./configure: line 5820: -V: command not found
configure:5822: $? = 127
configure:5830: checking whether we are using the GNU Fortran 77 compiler
configure:5844:  -c  conftest.F >&5
./configure: line 5845: -c: command not found
configure:5850: $? = 127
configure: failed program was:
|       program main
| #ifndef __GNUC__
|        choke me
| #endif
| 
|       end
configure:5876: result: no
configure:5882: checking whether  accepts -g
configure:5894:  -c -g conftest.f >&5
./configure: line 5895: -c: command not found
configure:5900: $? = 127
configure: failed program was:
|       program main
| 
|       end
configure:5925: result: no
configure:5955: checking the maximum length of command line arguments
configure:6020: result: 65536
configure:6031: checking command to parse /usr/bin/nm output from gcc object
configure:6120: gcc -c -g -O2  conftest.c >&5
configure:6123: $? = 0
configure:6127: /usr/bin/nm conftest.o \| sed -n -e 's/^.*[ 	]\([BCDEGRST][BCDEGRST]*\)[ 	][ 	]*\(\)\([_A-Za-z][_A-Za-z0-9]*\)$/\1 \2\3 \3/p' \> conftest.nm
configure:6130: $? = 0
cannot find nm_test_var in conftest.nm
configure:6120: gcc -c -g -O2  conftest.c >&5
configure:6123: $? = 0
configure:6127: /usr/bin/nm conftest.o \| sed -n -e 's/^.*[ 	]\([BCDEGRST][BCDEGRST]*\)[ 	][ 	]*\(_\)\([_A-Za-z][_A-Za-z0-9]*\)$/\1 \2\3 \3/p' \> conftest.nm
configure:6130: $? = 0
configure:6182: gcc -o conftest -g -O2   conftest.c conftstm.o >&5
configure:6185: $? = 0
configure:6223: result: ok
configure:6227: checking for objdir
configure:6242: result: .libs
configure:6332: checking for ar
configure:6348: found /usr/bin/ar
configure:6359: result: ar
configure:6412: checking for ranlib
configure:6428: found /usr/bin/ranlib
configure:6439: result: ranlib
configure:6492: checking for strip
configure:6508: found /usr/bin/strip
configure:6519: result: strip
configure:6781: checking if gcc static flag  works
configure:6804: result: yes
configure:6822: checking if gcc supports -fno-rtti -fno-exceptions
configure:6840: gcc -c -g -O2  -fno-rtti -fno-exceptions conftest.c >&5
cc1: warning: command line option "-fno-rtti" is valid for C++/ObjC++ but not for C
configure:6844: $? = 0
configure:6855: result: no
configure:6870: checking for gcc option to produce PIC
configure:7047: result: -fno-common
configure:7055: checking if gcc PIC flag -fno-common works
configure:7073: gcc -c -g -O2  -fno-common -DPIC conftest.c >&5
configure:7077: $? = 0
configure:7088: result: yes
configure:7112: checking if gcc supports -c -o file.o
configure:7133: gcc -c -g -O2  -o out/conftest2.o conftest.c >&5
configure:7137: $? = 0
configure:7157: result: yes
configure:7183: checking whether the gcc linker (/usr/libexec/gcc/i686-apple-darwin10/4.2.1/ld) supports shared libraries
configure:8031: result: yes
configure:8102: checking dynamic linker characteristics
configure:8663: result: darwin10.2.0 dyld
configure:8667: checking how to hardcode library paths into programs
configure:8692: result: immediate
configure:8706: checking whether stripping libraries is possible
configure:8719: result: yes
configure:9541: checking if libtool supports shared libraries
configure:9543: result: yes
configure:9546: checking whether to build shared libraries
configure:9604: result: yes
configure:9607: checking whether to build static libraries
configure:9611: result: yes
configure:9703: creating libtool
configure:10250: checking for ld used by g++
configure:10317: result: /usr/libexec/gcc/i686-apple-darwin10/4.2.1/ld
configure:10326: checking if the linker (/usr/libexec/gcc/i686-apple-darwin10/4.2.1/ld) is GNU ld
configure:10341: result: no
configure:10392: checking whether the g++ linker (/usr/libexec/gcc/i686-apple-darwin10/4.2.1/ld) supports shared libraries
configure:11220: result: yes
configure:11238: g++ -c -g -O2  conftest.cc >&5
configure:11241: $? = 0
configure:11337: checking for g++ option to produce PIC
configure:11589: result: -fno-common
configure:11597: checking if g++ PIC flag -fno-common works
configure:11615: g++ -c -g -O2  -fno-common -DPIC conftest.cc >&5
configure:11619: $? = 0
configure:11630: result: yes
configure:11654: checking if g++ supports -c -o file.o
configure:11675: g++ -c -g -O2  -o out/conftest2.o conftest.cc >&5
configure:11679: $? = 0
configure:11699: result: yes
configure:11725: checking whether the g++ linker (/usr/libexec/gcc/i686-apple-darwin10/4.2.1/ld) supports shared libraries
configure:11750: result: yes
configure:11821: checking dynamic linker characteristics
configure:12382: result: darwin10.2.0 dyld
configure:12386: checking how to hardcode library paths into programs
configure:12411: result: immediate
configure:12425: checking whether stripping libraries is possible
configure:12438: result: yes
configure:19709: checking for ANSI C header files
configure:19865: result: yes
configure:19889: checking time.h usability
configure:19901: gcc -c -g -O2  conftest.c >&5
configure:19907: $? = 0
configure:19911: test -z 
			 || test ! -s conftest.err
configure:19914: $? = 0
configure:19917: test -s conftest.o
configure:19920: $? = 0
configure:19930: result: yes
configure:19934: checking time.h presence
configure:19944: gcc -E  conftest.c
configure:19950: $? = 0
configure:19970: result: yes
configure:20005: checking for time.h
configure:20012: result: yes
configure:20026: checking for unistd.h
configure:20031: result: yes
configure:20175: checking for an ANSI C-conforming const
configure:20242: gcc -c -g -O2  conftest.c >&5
configure:20248: $? = 0
configure:20252: test -z 
			 || test ! -s conftest.err
configure:20255: $? = 0
configure:20258: test -s conftest.o
configure:20261: $? = 0
configure:20272: result: yes
configure:20283: checking for off_t
configure:20307: gcc -c -g -O2  conftest.c >&5
configure:20313: $? = 0
configure:20317: test -z 
			 || test ! -s conftest.err
configure:20320: $? = 0
configure:20323: test -s conftest.o
configure:20326: $? = 0
configure:20337: result: yes
configure:20349: checking for size_t
configure:20373: gcc -c -g -O2  conftest.c >&5
configure:20379: $? = 0
configure:20383: test -z 
			 || test ! -s conftest.err
configure:20386: $? = 0
configure:20389: test -s conftest.o
configure:20392: $? = 0
configure:20403: result: yes
configure:20420: checking for strstr
configure:20477: gcc -o conftest -g -O2   conftest.c  >&5
conftest.c:50: warning: conflicting types for built-in function 'strstr'
configure:20483: $? = 0
configure:20487: test -z 
			 || test ! -s conftest.err
configure:20490: $? = 0
configure:20493: test -s conftest
configure:20496: $? = 0
configure:20508: result: yes
configure:20530: checking for printf
configure:20587: gcc -o conftest -g -O2   conftest.c  >&5
conftest.c:51: warning: conflicting types for built-in function 'printf'
configure:20593: $? = 0
configure:20597: test -z 
			 || test ! -s conftest.err
configure:20600: $? = 0
configure:20603: test -s conftest
configure:20606: $? = 0
configure:20618: result: yes
configure:20530: checking for fprintf
configure:20587: gcc -o conftest -g -O2   conftest.c  >&5
conftest.c:52: warning: conflicting types for built-in function 'fprintf'
configure:20593: $? = 0
configure:20597: test -z 
			 || test ! -s conftest.err
configure:20600: $? = 0
configure:20603: test -s conftest
configure:20606: $? = 0
configure:20618: result: yes
configure:20530: checking for vfprintf
configure:20587: gcc -o conftest -g -O2   conftest.c  >&5
conftest.c:53: warning: conflicting types for built-in function 'vfprintf'
configure:20593: $? = 0
configure:20597: test -z 
			 || test ! -s conftest.err
configure:20600: $? = 0
configure:20603: test -s conftest
configure:20606: $? = 0
configure:20618: result: yes
configure:20530: checking for sprintf
configure:20587: gcc -o conftest -g -O2   conftest.c  >&5
conftest.c:54: warning: conflicting types for built-in function 'sprintf'
configure:20593: $? = 0
configure:20597: test -z 
			 || test ! -s conftest.err
configure:20600: $? = 0
configure:20603: test -s conftest
configure:20606: $? = 0
configure:20618: result: yes
configure:20635: checking for vprintf
configure:20692: gcc -o conftest -g -O2   conftest.c  >&5
conftest.c:55: warning: conflicting types for built-in function 'vprintf'
configure:20698: $? = 0
configure:20702: test -z 
			 || test ! -s conftest.err
configure:20705: $? = 0
configure:20708: test -s conftest
configure:20711: $? = 0
configure:20723: result: yes
configure:20635: checking for vsprintf
configure:20692: gcc -o conftest -g -O2   conftest.c  >&5
conftest.c:56: warning: conflicting types for built-in function 'vsprintf'
configure:20698: $? = 0
configure:20702: test -z 
			 || test ! -s conftest.err
configure:20705: $? = 0
configure:20708: test -s conftest
configure:20711: $? = 0
configure:20723: result: yes
configure:20737: checking for sscanf
configure:20794: gcc -o conftest -g -O2   conftest.c  >&5
conftest.c:57: warning: conflicting types for built-in function 'sscanf'
configure:20800: $? = 0
configure:20804: test -z 
			 || test ! -s conftest.err
configure:20807: $? = 0
configure:20810: test -s conftest
configure:20813: $? = 0
configure:20825: result: yes
configure:20844: checking for scanf
configure:20901: gcc -o conftest -g -O2   conftest.c  >&5
conftest.c:58: warning: conflicting types for built-in function 'scanf'
configure:20907: $? = 0
configure:20911: test -z 
			 || test ! -s conftest.err
configure:20914: $? = 0
configure:20917: test -s conftest
configure:20920: $? = 0
configure:20932: result: yes
configure:20844: checking for vscanf
configure:20901: gcc -o conftest -g -O2   conftest.c  >&5
conftest.c:59: warning: conflicting types for built-in function 'vscanf'
configure:20907: $? = 0
configure:20911: test -z 
			 || test ! -s conftest.err
configure:20914: $? = 0
configure:20917: test -s conftest
configure:20920: $? = 0
configure:20932: result: yes
configure:20844: checking for fscanf
configure:20901: gcc -o conftest -g -O2   conftest.c  >&5
conftest.c:60: warning: conflicting types for built-in function 'fscanf'
configure:20907: $? = 0
configure:20911: test -z 
			 || test ! -s conftest.err
configure:20914: $? = 0
configure:20917: test -s conftest
configure:20920: $? = 0
configure:20932: result: yes
configure:20844: checking for vsscanf
configure:20901: gcc -o conftest -g -O2   conftest.c  >&5
conftest.c:61: warning: conflicting types for built-in function 'vsscanf'
configure:20907: $? = 0
configure:20911: test -z 
			 || test ! -s conftest.err
configure:20914: $? = 0
configure:20917: test -s conftest
configure:20920: $? = 0
configure:20932: result: yes
configure:20947: checking for vsnprintf
configure:21004: gcc -o conftest -g -O2   conftest.c  >&5
conftest.c:62: warning: conflicting types for built-in function 'vsnprintf'
configure:21010: $? = 0
configure:21014: test -z 
			 || test ! -s conftest.err
configure:21017: $? = 0
configure:21020: test -s conftest
configure:21023: $? = 0
configure:21035: result: yes
configure:21240: checking for snprintf
configure:21297: gcc -o conftest -g -O2   conftest.c  >&5
conftest.c:63: warning: conflicting types for built-in function 'snprintf'
configure:21303: $? = 0
configure:21307: test -z 
			 || test ! -s conftest.err
configure:21310: $? = 0
configure:21313: test -s conftest
configure:21316: $? = 0
configure:21328: result: yes
configure:21453: checking for vfscanf
configure:21510: gcc -o conftest -g -O2   conftest.c  >&5
conftest.c:64: warning: conflicting types for built-in function 'vfscanf'
configure:21516: $? = 0
configure:21520: test -z 
			 || test ! -s conftest.err
configure:21523: $? = 0
configure:21526: test -s conftest
configure:21529: $? = 0
configure:21541: result: yes
configure:21670: checking for X
configure:21775: gcc -E  conftest.c
configure:21781: $? = 0
configure:21831: gcc -o conftest -g -O2   conftest.c -lXt  >&5
ld: library not found for -lXt
collect2: ld returned 1 exit status
configure:21837: $? = 1
configure: failed program was:
| /* confdefs.h.  */
| 
| #define PACKAGE_NAME "libwmf"
| #define PACKAGE_TARNAME "libwmf"
| #define PACKAGE_VERSION "0.2.8"
| #define PACKAGE_STRING "libwmf 0.2.8"
| #define PACKAGE_BUGREPORT "wvware-devel@sourceforge.net"
| #define STDC_HEADERS 1
| #define HAVE_SYS_TYPES_H 1
| #define HAVE_SYS_STAT_H 1
| #define HAVE_STDLIB_H 1
| #define HAVE_STRING_H 1
| #define HAVE_MEMORY_H 1
| #define HAVE_STRINGS_H 1
| #define HAVE_INTTYPES_H 1
| #define HAVE_STDINT_H 1
| #define HAVE_UNISTD_H 1
| #define HAVE_DLFCN_H 1
| #ifdef __cplusplus
| extern "C" void exit (int);
| #endif
| #define STDC_HEADERS 1
| #define HAVE_TIME_H 1
| #define HAVE_UNISTD_H 1
| #define HAVE_STRSTR 1
| #define HAVE_PRINTF 1
| #define HAVE_FPRINTF 1
| #define HAVE_VFPRINTF 1
| #define HAVE_SPRINTF 1
| #define HAVE_VPRINTF 1
| #define HAVE_VSPRINTF 1
| #define HAVE_SSCANF 1
| #define HAVE_SCANF 1
| #define HAVE_VSCANF 1
| #define HAVE_FSCANF 1
| #define HAVE_VSSCANF 1
| #define HAVE_VSNPRINTF 1
| #define HAVE_SNPRINTF 1
| #define HAVE_VFSCANF 1
| #define TRIO_REPLACE_STDIO 1
| /* end confdefs.h.  */
| #include <X11/Intrinsic.h>
| int
| main ()
| {
| XtMalloc (0)
|   ;
|   return 0;
| }
configure:21890: result: no
configure:23167: checking expat.h usability
configure:23179: gcc -c -g -O2  conftest.c >&5
configure:23185: $? = 0
configure:23189: test -z 
			 || test ! -s conftest.err
configure:23192: $? = 0
configure:23195: test -s conftest.o
configure:23198: $? = 0
configure:23208: result: yes
configure:23212: checking expat.h presence
configure:23222: gcc -E  conftest.c
configure:23228: $? = 0
configure:23248: result: yes
configure:23283: checking for expat.h
configure:23290: result: yes
configure:23296: checking for XML_ParserFree in -lexpat
configure:23326: gcc -o conftest -g -O2   conftest.c -lexpat   >&5
configure:23332: $? = 0
configure:23336: test -z 
			 || test ! -s conftest.err
configure:23339: $? = 0
configure:23342: test -s conftest
configure:23345: $? = 0
configure:23358: result: yes
configure:23573: checking for freetype-config
configure:23591: found /usr/local/bin/freetype-config
configure:23603: result: /usr/local/bin/freetype-config
configure:23633: checking for FT_Init_FreeType in -lfreetype
configure:23663: gcc -o conftest -g -O2 -I/usr/local/include/freetype2 -I/usr/local/include   -L/usr/local/lib -lfreetype -lz conftest.c -lfreetype   >&5
configure:23669: $? = 0
configure:23673: test -z 
			 || test ! -s conftest.err
configure:23676: $? = 0
configure:23679: test -s conftest
configure:23682: $? = 0
configure:23695: result: yes
configure:23718: checking ft2build.h usability
configure:23730: gcc -c -g -O2 -I/usr/local/include/freetype2 -I/usr/local/include  conftest.c >&5
configure:23736: $? = 0
configure:23740: test -z 
			 || test ! -s conftest.err
configure:23743: $? = 0
configure:23746: test -s conftest.o
configure:23749: $? = 0
configure:23759: result: yes
configure:23763: checking ft2build.h presence
configure:23773: gcc -E -I/usr/local/include/freetype2 -I/usr/local/include  conftest.c
configure:23779: $? = 0
configure:23799: result: yes
configure:23834: checking for ft2build.h
configure:23841: result: yes
configure:23904: checking zlib.h usability
configure:23916: gcc -c -g -O2  conftest.c >&5
configure:23922: $? = 0
configure:23926: test -z 
			 || test ! -s conftest.err
configure:23929: $? = 0
configure:23932: test -s conftest.o
configure:23935: $? = 0
configure:23945: result: yes
configure:23949: checking zlib.h presence
configure:23959: gcc -E  conftest.c
configure:23965: $? = 0
configure:23985: result: yes
configure:24020: checking for zlib.h
configure:24027: result: yes
configure:24033: checking for gzputs in -lz
configure:24063: gcc -o conftest -g -O2   conftest.c -lz   >&5
configure:24069: $? = 0
configure:24073: test -z 
			 || test ! -s conftest.err
configure:24076: $? = 0
configure:24079: test -s conftest
configure:24082: $? = 0
configure:24095: result: yes
configure:24247: checking png.h usability
configure:24259: gcc -c -g -O2   conftest.c >&5
configure:24265: $? = 0
configure:24269: test -z 
			 || test ! -s conftest.err
configure:24272: $? = 0
configure:24275: test -s conftest.o
configure:24278: $? = 0
configure:24288: result: yes
configure:24292: checking png.h presence
configure:24302: gcc -E   conftest.c
configure:24308: $? = 0
configure:24328: result: yes
configure:24363: checking for png.h
configure:24370: result: yes
configure:24376: checking for png_write_image in -lpng
configure:24406: gcc -o conftest -g -O2    conftest.c -lpng -lz -lm  >&5
configure:24412: $? = 0
configure:24416: test -z 
			 || test ! -s conftest.err
configure:24419: $? = 0
configure:24422: test -s conftest
configure:24425: $? = 0
configure:24438: result: yes
configure:24521: checking jpeglib.h usability
configure:24533: gcc -c -g -O2  conftest.c >&5
configure:24539: $? = 0
configure:24543: test -z 
			 || test ! -s conftest.err
configure:24546: $? = 0
configure:24549: test -s conftest.o
configure:24552: $? = 0
configure:24562: result: yes
configure:24566: checking jpeglib.h presence
configure:24576: gcc -E  conftest.c
configure:24582: $? = 0
configure:24602: result: yes
configure:24637: checking for jpeglib.h
configure:24644: result: yes
configure:24650: checking for jpeg_CreateCompress in -ljpeg
configure:24680: gcc -o conftest -g -O2   conftest.c -ljpeg   >&5
configure:24686: $? = 0
configure:24690: test -z 
			 || test ! -s conftest.err
configure:24693: $? = 0
configure:24696: test -s conftest
configure:24699: $? = 0
configure:24712: result: yes
configure:24882: checking gd.h usability
configure:24894: gcc -c -g -O2   -I/usr/local/include/freetype2 -I/usr/local/include   conftest.c >&5
conftest.c:80:16: error: gd.h: No such file or directory
configure:24900: $? = 1
configure: failed program was:
| /* confdefs.h.  */
| 
| #define PACKAGE_NAME "libwmf"
| #define PACKAGE_TARNAME "libwmf"
| #define PACKAGE_VERSION "0.2.8"
| #define PACKAGE_STRING "libwmf 0.2.8"
| #define PACKAGE_BUGREPORT "wvware-devel@sourceforge.net"
| #define STDC_HEADERS 1
| #define HAVE_SYS_TYPES_H 1
| #define HAVE_SYS_STAT_H 1
| #define HAVE_STDLIB_H 1
| #define HAVE_STRING_H 1
| #define HAVE_MEMORY_H 1
| #define HAVE_STRINGS_H 1
| #define HAVE_INTTYPES_H 1
| #define HAVE_STDINT_H 1
| #define HAVE_UNISTD_H 1
| #define HAVE_DLFCN_H 1
| #ifdef __cplusplus
| extern "C" void exit (int);
| #endif
| #define STDC_HEADERS 1
| #define HAVE_TIME_H 1
| #define HAVE_UNISTD_H 1
| #define HAVE_STRSTR 1
| #define HAVE_PRINTF 1
| #define HAVE_FPRINTF 1
| #define HAVE_VFPRINTF 1
| #define HAVE_SPRINTF 1
| #define HAVE_VPRINTF 1
| #define HAVE_VSPRINTF 1
| #define HAVE_SSCANF 1
| #define HAVE_SCANF 1
| #define HAVE_VSCANF 1
| #define HAVE_FSCANF 1
| #define HAVE_VSSCANF 1
| #define HAVE_VSNPRINTF 1
| #define HAVE_SNPRINTF 1
| #define HAVE_VFSCANF 1
| #define TRIO_REPLACE_STDIO 1
| #define X_DISPLAY_MISSING 1
| #define HAVE_EXPAT 1
| #define HAVE_LIBPNG 1
| #define HAVE_LIBJPEG 1
| /* end confdefs.h.  */
| #include <stdio.h>
| #if HAVE_SYS_TYPES_H
| # include <sys/types.h>
| #endif
| #if HAVE_SYS_STAT_H
| # include <sys/stat.h>
| #endif
| #if STDC_HEADERS
| # include <stdlib.h>
| # include <stddef.h>
| #else
| # if HAVE_STDLIB_H
| #  include <stdlib.h>
| # endif
| #endif
| #if HAVE_STRING_H
| # if !STDC_HEADERS && HAVE_MEMORY_H
| #  include <memory.h>
| # endif
| # include <string.h>
| #endif
| #if HAVE_STRINGS_H
| # include <strings.h>
| #endif
| #if HAVE_INTTYPES_H
| # include <inttypes.h>
| #else
| # if HAVE_STDINT_H
| #  include <stdint.h>
| # endif
| #endif
| #if HAVE_UNISTD_H
| # include <unistd.h>
| #endif
| #include <gd.h>
configure:24923: result: no
configure:24927: checking gd.h presence
configure:24937: gcc -E   -I/usr/local/include/freetype2 -I/usr/local/include   conftest.c
conftest.c:46:16: error: gd.h: No such file or directory
configure:24943: $? = 1
configure: failed program was:
| /* confdefs.h.  */
| 
| #define PACKAGE_NAME "libwmf"
| #define PACKAGE_TARNAME "libwmf"
| #define PACKAGE_VERSION "0.2.8"
| #define PACKAGE_STRING "libwmf 0.2.8"
| #define PACKAGE_BUGREPORT "wvware-devel@sourceforge.net"
| #define STDC_HEADERS 1
| #define HAVE_SYS_TYPES_H 1
| #define HAVE_SYS_STAT_H 1
| #define HAVE_STDLIB_H 1
| #define HAVE_STRING_H 1
| #define HAVE_MEMORY_H 1
| #define HAVE_STRINGS_H 1
| #define HAVE_INTTYPES_H 1
| #define HAVE_STDINT_H 1
| #define HAVE_UNISTD_H 1
| #define HAVE_DLFCN_H 1
| #ifdef __cplusplus
| extern "C" void exit (int);
| #endif
| #define STDC_HEADERS 1
| #define HAVE_TIME_H 1
| #define HAVE_UNISTD_H 1
| #define HAVE_STRSTR 1
| #define HAVE_PRINTF 1
| #define HAVE_FPRINTF 1
| #define HAVE_VFPRINTF 1
| #define HAVE_SPRINTF 1
| #define HAVE_VPRINTF 1
| #define HAVE_VSPRINTF 1
| #define HAVE_SSCANF 1
| #define HAVE_SCANF 1
| #define HAVE_VSCANF 1
| #define HAVE_FSCANF 1
| #define HAVE_VSSCANF 1
| #define HAVE_VSNPRINTF 1
| #define HAVE_SNPRINTF 1
| #define HAVE_VFSCANF 1
| #define TRIO_REPLACE_STDIO 1
| #define X_DISPLAY_MISSING 1
| #define HAVE_EXPAT 1
| #define HAVE_LIBPNG 1
| #define HAVE_LIBJPEG 1
| /* end confdefs.h.  */
| #include <gd.h>
configure:24963: result: no
configure:24998: checking for gd.h
configure:25005: result: no
configure:25922: checking for pkg-config
configure:25953: result: no
configure:26358: creating ./config.status

## ---------------------- ##
## Running config.status. ##
## ---------------------- ##

This file was extended by libwmf config.status 0.2.8, which was
generated by GNU Autoconf 2.59.  Invocation command line was

  CONFIG_FILES    = 
  CONFIG_HEADERS  = 
  CONFIG_LINKS    = 
  CONFIG_COMMANDS = 
  $ ./config.status 

on carlisia-imac-27-home.local

config.status:788: creating Makefile
config.status:788: creating doc/Makefile
config.status:788: creating doc/caolan/Makefile
config.status:788: creating doc/caolan/pics/Makefile
config.status:788: creating doc/html/Makefile
config.status:788: creating fonts/Makefile
config.status:788: creating fonts/libwmf-fontmap
config.status:788: creating fonts/fontmap
config.status:788: creating include/Makefile
config.status:788: creating include/libwmf/Makefile
config.status:788: creating src/Makefile
config.status:788: creating src/extra/Makefile
config.status:788: creating src/extra/trio/Makefile
config.status:788: creating src/extra/gd/Makefile
config.status:788: creating src/ipa/Makefile
config.status:788: creating src/convert/Makefile
config.status:788: creating libwmf-config
config.status:788: creating libwmf.spec
config.status:892: creating wmfconfig.h
config.status:1242: executing depfiles commands

## ---------------- ##
## Cache variables. ##
## ---------------- ##

ac_cv_build=i686-apple-darwin10.2.0
ac_cv_build_alias=i686-apple-darwin10.2.0
ac_cv_c_compiler_gnu=yes
ac_cv_c_const=yes
ac_cv_cxx_compiler_gnu=yes
ac_cv_env_CC_set=
ac_cv_env_CC_value=
ac_cv_env_CFLAGS_set=
ac_cv_env_CFLAGS_value=
ac_cv_env_CPPFLAGS_set=
ac_cv_env_CPPFLAGS_value=
ac_cv_env_CPP_set=
ac_cv_env_CPP_value=
ac_cv_env_CXXCPP_set=
ac_cv_env_CXXCPP_value=
ac_cv_env_CXXFLAGS_set=
ac_cv_env_CXXFLAGS_value=
ac_cv_env_CXX_set=
ac_cv_env_CXX_value=
ac_cv_env_F77_set=
ac_cv_env_F77_value=
ac_cv_env_FFLAGS_set=
ac_cv_env_FFLAGS_value=
ac_cv_env_LDFLAGS_set=
ac_cv_env_LDFLAGS_value=
ac_cv_env_build_alias_set=
ac_cv_env_build_alias_value=
ac_cv_env_host_alias_set=
ac_cv_env_host_alias_value=
ac_cv_env_target_alias_set=
ac_cv_env_target_alias_value=
ac_cv_exeext=
ac_cv_f77_compiler_gnu=no
ac_cv_func_fprintf=yes
ac_cv_func_fscanf=yes
ac_cv_func_printf=yes
ac_cv_func_scanf=yes
ac_cv_func_snprintf=yes
ac_cv_func_sprintf=yes
ac_cv_func_sscanf=yes
ac_cv_func_strstr=yes
ac_cv_func_vfprintf=yes
ac_cv_func_vfscanf=yes
ac_cv_func_vprintf=yes
ac_cv_func_vscanf=yes
ac_cv_func_vsnprintf=yes
ac_cv_func_vsprintf=yes
ac_cv_func_vsscanf=yes
ac_cv_have_x=have_x=no
ac_cv_header_dlfcn_h=yes
ac_cv_header_expat_h=yes
ac_cv_header_ft2build_h=yes
ac_cv_header_gd_h=no
ac_cv_header_inttypes_h=yes
ac_cv_header_jpeglib_h=yes
ac_cv_header_memory_h=yes
ac_cv_header_png_h=yes
ac_cv_header_stdc=yes
ac_cv_header_stdint_h=yes
ac_cv_header_stdlib_h=yes
ac_cv_header_string_h=yes
ac_cv_header_strings_h=yes
ac_cv_header_sys_stat_h=yes
ac_cv_header_sys_types_h=yes
ac_cv_header_time_h=yes
ac_cv_header_unistd_h=yes
ac_cv_header_zlib_h=yes
ac_cv_host=i686-apple-darwin10.2.0
ac_cv_host_alias=i686-apple-darwin10.2.0
ac_cv_lib_expat_XML_ParserFree=yes
ac_cv_lib_freetype_FT_Init_FreeType=yes
ac_cv_lib_jpeg_jpeg_CreateCompress=yes
ac_cv_lib_png_png_write_image=yes
ac_cv_lib_z_gzputs=yes
ac_cv_objext=o
ac_cv_path_FREETYPE_CONFIG=/usr/local/bin/freetype-config
ac_cv_path_PKG_CONFIG=no
ac_cv_path_install='/usr/bin/install -c'
ac_cv_prog_AWK=awk
ac_cv_prog_CPP='gcc -E'
ac_cv_prog_CXXCPP='g++ -E'
ac_cv_prog_ac_ct_AR=ar
ac_cv_prog_ac_ct_CC=gcc
ac_cv_prog_ac_ct_CXX=g++
ac_cv_prog_ac_ct_RANLIB=ranlib
ac_cv_prog_ac_ct_STRIP=strip
ac_cv_prog_cc_g=yes
ac_cv_prog_cc_stdc=
ac_cv_prog_cxx_g=yes
ac_cv_prog_egrep='grep -E'
ac_cv_prog_f77_g=no
ac_cv_prog_make_make_set=yes
ac_cv_type_off_t=yes
ac_cv_type_size_t=yes
am_cv_CC_dependencies_compiler_type=gcc3
am_cv_CXX_dependencies_compiler_type=gcc3
lt_cv_deplibs_check_method=pass_all
lt_cv_file_magic_cmd='$MAGIC_CMD'
lt_cv_file_magic_test_file=
lt_cv_ld_reload_flag=-r
lt_cv_objdir=.libs
lt_cv_path_LD=/usr/libexec/gcc/i686-apple-darwin10/4.2.1/ld
lt_cv_path_LDCXX=/usr/libexec/gcc/i686-apple-darwin10/4.2.1/ld
lt_cv_path_NM=/usr/bin/nm
lt_cv_path_SED=/usr/bin/sed
lt_cv_prog_compiler_c_o=yes
lt_cv_prog_compiler_c_o_CXX=yes
lt_cv_prog_compiler_rtti_exceptions=no
lt_cv_prog_gnu_ld=no
lt_cv_prog_gnu_ldcxx=no
lt_cv_sys_global_symbol_pipe='sed -n -e '\''s/^.*[ 	]\([BCDEGRST][BCDEGRST]*\)[ 	][ 	]*\(_\)\([_A-Za-z][_A-Za-z0-9]*\)$/\1 \2\3 \3/p'\'''
lt_cv_sys_global_symbol_to_c_name_address='sed -n -e '\''s/^: \([^ ]*\) $/  {\"\1\", (lt_ptr) 0},/p'\'' -e '\''s/^[BCDEGRST] \([^ ]*\) \([^ ]*\)$/  {"\2", (lt_ptr) \&\2},/p'\'''
lt_cv_sys_global_symbol_to_cdecl='sed -n -e '\''s/^. .* \(.*\)$/extern int \1;/p'\'''
lt_cv_sys_max_cmd_len=65536
lt_lt_cv_prog_compiler_c_o='"yes"'
lt_lt_cv_prog_compiler_c_o_CXX='"yes"'
lt_lt_cv_sys_global_symbol_pipe='"sed -n -e '\''s/^.*[ 	]\\([BCDEGRST][BCDEGRST]*\\)[ 	][ 	]*\\(_\\)\\([_A-Za-z][_A-Za-z0-9]*\\)\$/\\1 \\2\\3 \\3/p'\''"'
lt_lt_cv_sys_global_symbol_to_c_name_address='"sed -n -e '\''s/^: \\([^ ]*\\) \$/  {\\\"\\1\\\", (lt_ptr) 0},/p'\'' -e '\''s/^[BCDEGRST] \\([^ ]*\\) \\([^ ]*\\)\$/  {\"\\2\", (lt_ptr) \\&\\2},/p'\''"'
lt_lt_cv_sys_global_symbol_to_cdecl='"sed -n -e '\''s/^. .* \\(.*\\)\$/extern int \\1;/p'\''"'

## ----------------- ##
## Output variables. ##
## ----------------- ##

ACLOCAL='${SHELL} /Users/carlisia/src/install/libwmf-0.2.8.4/missing --run aclocal-1.9'
AMDEPBACKSLASH='\'
AMDEP_FALSE='#'
AMDEP_TRUE=''
AMTAR='${SHELL} /Users/carlisia/src/install/libwmf-0.2.8.4/missing --run tar'
AR='ar'
AS='as'
AUTOCONF='${SHELL} /Users/carlisia/src/install/libwmf-0.2.8.4/missing --run autoconf'
AUTOHEADER='${SHELL} /Users/carlisia/src/install/libwmf-0.2.8.4/missing --run autoheader'
AUTOMAKE='${SHELL} /Users/carlisia/src/install/libwmf-0.2.8.4/missing --run automake-1.9'
AWK='awk'
CC='gcc'
CCDEPMODE='depmode=gcc3'
CFLAGS='-g -O2'
CPP='gcc -E'
CPPFLAGS=''
CXX='g++'
CXXCPP='g++ -E'
CXXDEPMODE='depmode=gcc3'
CXXFLAGS='-g -O2'
CYGPATH_W='echo'
DEFS='-DHAVE_CONFIG_H'
DEPDIR='.deps'
DLLTOOL='dlltool'
ECHO='/bin/echo'
ECHO_C='ECHO_N=''
ECHO_T=''
EGREP='grep -E'
EXEEXT=''
F77=''
FFLAGS=''
FREETYPE_CONFIG='/usr/local/bin/freetype-config'
GDK_PIXBUF_CFLAGS=''
GDK_PIXBUF_DIR=''
GDK_PIXBUF_LIBS=''
GD_DEFS=' -DHAVE_UNISTD_H -DHAVE_LIBFREETYPE -DHAVE_LIBPNG -DHAVE_LIBJPEG'
INSTALL_DATA='${INSTALL} -m 644'
INSTALL_PROGRAM='${INSTALL}'
INSTALL_SCRIPT='${INSTALL}'
INSTALL_STRIP_PROGRAM='${SHELL} $(install_sh) -c -s'
LDFLAGS=''
LIBOBJS=''
LIBS=''
LIBTOOL='$(SHELL) $(top_builddir)/libtool'
LIBWMF_BUILDSTYLE='heavy'
LIBWMF_BUILD_ALL_FALSE='#'
LIBWMF_BUILD_ALL_TRUE=''
LIBWMF_GDK_PIXBUF_FALSE=''
LIBWMF_GDK_PIXBUF_TRUE='#'
LIBWMF_OPT_GD_FALSE='#'
LIBWMF_OPT_GD_TRUE=''
LIBWMF_OPT_LAYERS_FALSE='#'
LIBWMF_OPT_LAYERS_TRUE=''
LIBWMF_OPT_MODULES_FALSE=''
LIBWMF_OPT_MODULES_TRUE='#'
LIBWMF_OPT_PLOT_FALSE=''
LIBWMF_OPT_PLOT_TRUE='#'
LIBWMF_OPT_SYS_GD_FALSE=''
LIBWMF_OPT_SYS_GD_TRUE='#'
LIBWMF_OPT_TRIO_FALSE=''
LIBWMF_OPT_TRIO_TRUE='#'
LIBWMF_OPT_X_FALSE=''
LIBWMF_OPT_X_TRUE='#'
LIBWMF_PACKAGE='libwmf'
LIBWMF_RELEASE='1'
LIBWMF_VERSION='0.2.8'
LN_S='ln -s'
LTLIBOBJS=''
LT_AGE='1'
LT_CURRENT='8'
LT_LITE_AGE='0'
LT_LITE_CURRENT='7'
LT_LITE_REVISION='1'
LT_RELEASE='0.2'
LT_REVISION='0'
MAKEINFO='${SHELL} /Users/carlisia/src/install/libwmf-0.2.8.4/missing --run makeinfo'
OBJDUMP='objdump'
OBJEXT='o'
PACKAGE='libwmf'
PACKAGE_BUGREPORT='wvware-devel@sourceforge.net'
PACKAGE_NAME='libwmf'
PACKAGE_STRING='libwmf 0.2.8'
PACKAGE_TARNAME='libwmf'
PACKAGE_VERSION='0.2.8'
PATH_SEPARATOR=':'
PKG_CONFIG='no'
RANLIB='ranlib'
SET_MAKE=''
SHELL='/bin/sh'
STRIP='strip'
SYS_LIBM='-lm'
VERSION='0.2.8'
WMF_CFLAGS='-I/usr/local/include/freetype2 -I/usr/local/include       '
WMF_CONFIG_CFLAGS='-I/usr/local/include/freetype2 -I/usr/local/include  '
WMF_DEFS=''
WMF_DOCDIR='/usr/local/share/doc/libwmf'
WMF_FONTDIR='/usr/local/share/libwmf/fonts'
WMF_GS_FONTDIR='/usr/share/fonts/default/Type1'
WMF_GS_FONTMAP='/usr/share/ghostscript/5.50/Fontmap'
WMF_LIBFLAGS='  -L/usr/local/lib -lfreetype -lz  -lexpat -ljpeg -lpng -lz -lm'
WMF_SYS_FONTMAP='/usr/share/fonts/fontmap'
WMF_XTRA_FONTMAP='/usr/local/share/libwmf/fonts/fontmap'
XML2_CONFIG=''
X_CFLAGS=''
X_EXTRA_LIBS=''
X_LIBS=''
X_PRE_LIBS=''
ac_ct_AR='ar'
ac_ct_AS=''
ac_ct_CC='gcc'
ac_ct_CXX='g++'
ac_ct_DLLTOOL=''
ac_ct_F77=''
ac_ct_OBJDUMP=''
ac_ct_RANLIB='ranlib'
ac_ct_STRIP='strip'
am__fastdepCC_FALSE='#'
am__fastdepCC_TRUE=''
am__fastdepCXX_FALSE='#'
am__fastdepCXX_TRUE=''
am__include='include'
am__leading_dot='.'
am__quote=''
am__tar='${AMTAR} chof - "$$tardir"'
am__untar='${AMTAR} xf -'
bindir='${exec_prefix}/bin'
build='i686-apple-darwin10.2.0'
build_alias=''
build_cpu='i686'
build_os='darwin10.2.0'
build_vendor='apple'
datadir='${prefix}/share'
exec_prefix='${prefix}'
host='i686-apple-darwin10.2.0'
host_alias=''
host_cpu='i686'
host_os='darwin10.2.0'
host_vendor='apple'
includedir='${prefix}/include'
infodir='${prefix}/info'
install_sh='/Users/carlisia/src/install/libwmf-0.2.8.4/install-sh'
libdir='${exec_prefix}/lib'
libexecdir='${exec_prefix}/libexec'
localstatedir='${prefix}/var'
mandir='${prefix}/man'
mkdir_p='$(install_sh) -d'
oldincludedir='/usr/include'
prefix='/usr/local'
program_transform_name='s,x,x,'
sbindir='${exec_prefix}/sbin'
sharedstatedir='${prefix}/com'
sysconfdir='${prefix}/etc'
target_alias=''

## ----------- ##
## confdefs.h. ##
## ----------- ##

#define HAVE_DLFCN_H 1
#define HAVE_EXPAT 1
#define HAVE_FPRINTF 1
#define HAVE_FSCANF 1
#define HAVE_GD 1
#define HAVE_INTTYPES_H 1
#define HAVE_LIBJPEG 1
#define HAVE_LIBPNG 1
#define HAVE_MEMORY_H 1
#define HAVE_PRINTF 1
#define HAVE_SCANF 1
#define HAVE_SNPRINTF 1
#define HAVE_SPRINTF 1
#define HAVE_SSCANF 1
#define HAVE_STDINT_H 1
#define HAVE_STDLIB_H 1
#define HAVE_STRINGS_H 1
#define HAVE_STRING_H 1
#define HAVE_STRSTR 1
#define HAVE_SYS_STAT_H 1
#define HAVE_SYS_TYPES_H 1
#define HAVE_TIME_H 1
#define HAVE_UNISTD_H 1
#define HAVE_UNISTD_H 1
#define HAVE_VFPRINTF 1
#define HAVE_VFSCANF 1
#define HAVE_VPRINTF 1
#define HAVE_VSCANF 1
#define HAVE_VSNPRINTF 1
#define HAVE_VSPRINTF 1
#define HAVE_VSSCANF 1
#define PACKAGE_BUGREPORT "wvware-devel@sourceforge.net"
#define PACKAGE_NAME "libwmf"
#define PACKAGE_STRING "libwmf 0.2.8"
#define PACKAGE_TARNAME "libwmf"
#define PACKAGE_VERSION "0.2.8"
#define STDC_HEADERS 1
#define STDC_HEADERS 1
#define TRIO_REPLACE_STDIO 1
#define X_DISPLAY_MISSING 1
#endif
#ifdef __cplusplus
extern "C" void exit (int);

configure: exit 0
